TN:
SF:/Users/mulhollm/apps/electron/data-curator/src/renderer/App.vue
FNF:0
FNH:0
LF:0
LH:0
BRF:0
BRH:0
end_of_record
TN:
SF:/Users/mulhollm/apps/electron/data-curator/src/renderer/components/Errors.vue
FN:89,(anonymous_0)
FN:92,(anonymous_1)
FN:96,(anonymous_2)
FN:102,(anonymous_3)
FN:107,(anonymous_4)
FN:111,(anonymous_5)
FN:113,(anonymous_6)
FN:122,(anonymous_7)
FNF:8
FNH:0
FNDA:0,(anonymous_0)
FNDA:0,(anonymous_1)
FNDA:0,(anonymous_2)
FNDA:0,(anonymous_3)
FNDA:0,(anonymous_4)
FNDA:0,(anonymous_5)
FNDA:0,(anonymous_6)
FNDA:0,(anonymous_7)
DA:45,1
DA:53,0
DA:82,0
DA:90,0
DA:93,0
DA:94,0
DA:97,0
DA:98,0
DA:103,0
DA:104,0
DA:105,0
DA:108,0
DA:112,0
DA:113,0
DA:114,0
DA:115,0
DA:117,0
DA:123,0
DA:124,0
DA:125,0
DA:126,0
LF:21
LH:1
BRDA:114,0,0,0
BRDA:114,0,1,0
BRDA:124,1,0,0
BRDA:124,1,1,0
BRF:4
BRH:0
end_of_record
TN:
SF:/Users/mulhollm/apps/electron/data-curator/src/renderer/components/Home.vue
FN:390,(anonymous_0)
FN:394,(anonymous_1)
FN:398,(anonymous_2)
FN:403,(anonymous_3)
FN:408,(anonymous_4)
FN:411,(anonymous_5)
FN:414,(anonymous_6)
FN:421,(anonymous_7)
FN:430,(anonymous_8)
FN:438,(anonymous_9)
FN:443,(anonymous_10)
FN:453,(anonymous_11)
FN:457,(anonymous_12)
FN:463,(anonymous_13)
FN:469,(anonymous_14)
FN:477,(anonymous_15)
FN:486,(anonymous_16)
FN:500,(anonymous_17)
FN:506,(anonymous_18)
FN:509,(anonymous_19)
FN:513,(anonymous_20)
FN:526,(anonymous_21)
FN:531,(anonymous_22)
FN:537,(anonymous_23)
FN:542,(anonymous_24)
FN:548,(anonymous_25)
FN:552,(anonymous_26)
FN:562,(anonymous_27)
FN:566,(anonymous_28)
FN:568,(anonymous_29)
FN:572,(anonymous_30)
FN:575,(anonymous_31)
FN:582,(anonymous_32)
FN:586,(anonymous_33)
FN:591,(anonymous_34)
FN:594,(anonymous_35)
FN:601,(anonymous_36)
FN:605,(anonymous_37)
FN:611,(anonymous_38)
FN:614,(anonymous_39)
FN:617,(anonymous_40)
FN:628,(anonymous_41)
FN:639,(anonymous_42)
FN:649,(anonymous_43)
FN:654,(anonymous_44)
FN:660,(anonymous_45)
FN:676,(anonymous_46)
FN:688,(anonymous_47)
FN:696,(anonymous_48)
FN:697,(anonymous_49)
FN:701,(anonymous_50)
FN:709,(anonymous_51)
FN:722,(anonymous_52)
FN:731,(anonymous_53)
FN:737,(anonymous_54)
FN:746,(anonymous_55)
FN:750,(anonymous_56)
FN:764,(anonymous_57)
FN:782,(anonymous_58)
FN:783,(anonymous_59)
FN:785,(anonymous_60)
FN:786,(anonymous_61)
FN:788,(anonymous_62)
FN:795,(anonymous_63)
FN:812,(anonymous_64)
FN:820,(anonymous_65)
FN:825,(anonymous_66)
FN:830,(anonymous_67)
FN:833,(anonymous_68)
FN:847,(anonymous_69)
FN:848,(anonymous_70)
FN:853,(anonymous_71)
FN:856,(anonymous_72)
FN:865,(anonymous_73)
FN:869,(anonymous_74)
FN:874,(anonymous_75)
FN:879,(anonymous_76)
FN:886,(anonymous_77)
FN:894,(anonymous_78)
FN:899,(anonymous_79)
FN:903,(anonymous_80)
FN:916,(anonymous_81)
FN:929,(anonymous_82)
FN:936,(anonymous_83)
FN:939,(anonymous_84)
FN:942,(anonymous_85)
FN:947,(anonymous_86)
FN:953,(anonymous_87)
FN:956,(anonymous_88)
FN:965,(anonymous_89)
FN:978,(anonymous_90)
FN:985,(anonymous_91)
FN:989,(anonymous_92)
FN:993,(anonymous_93)
FN:996,(anonymous_94)
FN:1013,(anonymous_95)
FN:1024,(anonymous_96)
FN:1030,(anonymous_97)
FN:1033,(anonymous_98)
FN:1036,(anonymous_99)
FN:1040,(anonymous_100)
FN:1043,(anonymous_101)
FN:1046,(anonymous_102)
FN:1049,(anonymous_103)
FN:1052,(anonymous_104)
FN:1055,(anonymous_105)
FN:1058,(anonymous_106)
FN:1061,(anonymous_107)
FN:1064,(anonymous_108)
FN:1067,(anonymous_109)
FN:1070,(anonymous_110)
FN:1076,(anonymous_111)
FN:1079,(anonymous_112)
FN:1082,(anonymous_113)
FN:1086,(anonymous_114)
FN:1088,(anonymous_115)
FN:1097,(anonymous_116)
FN:1100,(anonymous_117)
FN:1103,(anonymous_118)
FN:1106,(anonymous_119)
FN:1109,(anonymous_120)
FN:1112,(anonymous_121)
FN:1116,(anonymous_122)
FN:1117,(anonymous_123)
FN:1127,(anonymous_124)
FN:1129,(anonymous_125)
FN:1132,(anonymous_126)
FN:1135,(anonymous_127)
FN:1141,(anonymous_128)
FNF:129
FNH:53
FNDA:0,(anonymous_0)
FNDA:0,(anonymous_1)
FNDA:0,(anonymous_2)
FNDA:0,(anonymous_3)
FNDA:0,(anonymous_4)
FNDA:0,(anonymous_5)
FNDA:0,(anonymous_6)
FNDA:0,(anonymous_7)
FNDA:0,(anonymous_8)
FNDA:0,(anonymous_9)
FNDA:0,(anonymous_10)
FNDA:0,(anonymous_11)
FNDA:0,(anonymous_12)
FNDA:0,(anonymous_13)
FNDA:0,(anonymous_14)
FNDA:1,(anonymous_15)
FNDA:0,(anonymous_16)
FNDA:0,(anonymous_17)
FNDA:1,(anonymous_18)
FNDA:1,(anonymous_19)
FNDA:1,(anonymous_20)
FNDA:0,(anonymous_21)
FNDA:0,(anonymous_22)
FNDA:0,(anonymous_23)
FNDA:1,(anonymous_24)
FNDA:1,(anonymous_25)
FNDA:2,(anonymous_26)
FNDA:1,(anonymous_27)
FNDA:0,(anonymous_28)
FNDA:0,(anonymous_29)
FNDA:1,(anonymous_30)
FNDA:1,(anonymous_31)
FNDA:0,(anonymous_32)
FNDA:1,(anonymous_33)
FNDA:1,(anonymous_34)
FNDA:0,(anonymous_35)
FNDA:2,(anonymous_36)
FNDA:3,(anonymous_37)
FNDA:0,(anonymous_38)
FNDA:1,(anonymous_39)
FNDA:1,(anonymous_40)
FNDA:1,(anonymous_41)
FNDA:1,(anonymous_42)
FNDA:1,(anonymous_43)
FNDA:1,(anonymous_44)
FNDA:1,(anonymous_45)
FNDA:1,(anonymous_46)
FNDA:1,(anonymous_47)
FNDA:8,(anonymous_48)
FNDA:8,(anonymous_49)
FNDA:0,(anonymous_50)
FNDA:0,(anonymous_51)
FNDA:1,(anonymous_52)
FNDA:5,(anonymous_53)
FNDA:0,(anonymous_54)
FNDA:8,(anonymous_55)
FNDA:5,(anonymous_56)
FNDA:5,(anonymous_57)
FNDA:0,(anonymous_58)
FNDA:0,(anonymous_59)
FNDA:0,(anonymous_60)
FNDA:0,(anonymous_61)
FNDA:0,(anonymous_62)
FNDA:3,(anonymous_63)
FNDA:8,(anonymous_64)
FNDA:0,(anonymous_65)
FNDA:0,(anonymous_66)
FNDA:1,(anonymous_67)
FNDA:0,(anonymous_68)
FNDA:0,(anonymous_69)
FNDA:0,(anonymous_70)
FNDA:0,(anonymous_71)
FNDA:5,(anonymous_72)
FNDA:0,(anonymous_73)
FNDA:0,(anonymous_74)
FNDA:0,(anonymous_75)
FNDA:1,(anonymous_76)
FNDA:2,(anonymous_77)
FNDA:1,(anonymous_78)
FNDA:2,(anonymous_79)
FNDA:2,(anonymous_80)
FNDA:0,(anonymous_81)
FNDA:4,(anonymous_82)
FNDA:0,(anonymous_83)
FNDA:0,(anonymous_84)
FNDA:1,(anonymous_85)
FNDA:55,(anonymous_86)
FNDA:0,(anonymous_87)
FNDA:1,(anonymous_88)
FNDA:0,(anonymous_89)
FNDA:8,(anonymous_90)
FNDA:0,(anonymous_91)
FNDA:0,(anonymous_92)
FNDA:8,(anonymous_93)
FNDA:5,(anonymous_94)
FNDA:0,(anonymous_95)
FNDA:1,(anonymous_96)
FNDA:8,(anonymous_97)
FNDA:0,(anonymous_98)
FNDA:0,(anonymous_99)
FNDA:0,(anonymous_100)
FNDA:0,(anonymous_101)
FNDA:0,(anonymous_102)
FNDA:0,(anonymous_103)
FNDA:0,(anonymous_104)
FNDA:0,(anonymous_105)
FNDA:0,(anonymous_106)
FNDA:0,(anonymous_107)
FNDA:0,(anonymous_108)
FNDA:0,(anonymous_109)
FNDA:0,(anonymous_110)
FNDA:0,(anonymous_111)
FNDA:0,(anonymous_112)
FNDA:8,(anonymous_113)
FNDA:0,(anonymous_114)
FNDA:0,(anonymous_115)
FNDA:0,(anonymous_116)
FNDA:0,(anonymous_117)
FNDA:0,(anonymous_118)
FNDA:0,(anonymous_119)
FNDA:0,(anonymous_120)
FNDA:8,(anonymous_121)
FNDA:8,(anonymous_122)
FNDA:0,(anonymous_123)
FNDA:8,(anonymous_124)
FNDA:0,(anonymous_125)
FNDA:0,(anonymous_126)
FNDA:0,(anonymous_127)
FNDA:47,(anonymous_128)
DA:201,1
DA:202,1
DA:211,13
DA:216,13
DA:217,13
DA:218,5
DA:222,13
DA:223,13
DA:228,9
DA:345,13
DA:348,14
DA:351,0
DA:354,9
DA:355,9
DA:358,14
DA:361,0
DA:364,0
DA:391,0
DA:392,0
DA:395,0
DA:396,0
DA:399,0
DA:400,0
DA:401,0
DA:404,0
DA:405,0
DA:406,0
DA:409,0
DA:412,0
DA:415,0
DA:417,0
DA:418,0
DA:422,0
DA:424,0
DA:425,0
DA:426,0
DA:432,0
DA:433,0
DA:434,0
DA:436,0
DA:439,0
DA:440,0
DA:441,0
DA:445,0
DA:446,0
DA:447,0
DA:448,0
DA:449,0
DA:454,0
DA:455,0
DA:458,0
DA:459,0
DA:460,0
DA:461,0
DA:464,0
DA:465,0
DA:466,0
DA:470,0
DA:471,0
DA:472,0
DA:474,0
DA:475,0
DA:478,1
DA:479,1
DA:480,0
DA:481,0
DA:483,1
DA:487,0
DA:488,0
DA:489,0
DA:490,0
DA:491,0
DA:492,0
DA:494,0
DA:495,0
DA:496,0
DA:498,0
DA:502,0
DA:503,0
DA:504,0
DA:507,1
DA:508,1
DA:509,1
DA:510,1
DA:514,1
DA:515,1
DA:516,1
DA:517,1
DA:518,1
DA:519,0
DA:521,1
DA:523,1
DA:527,0
DA:528,0
DA:529,0
DA:532,0
DA:533,0
DA:534,0
DA:535,0
DA:538,0
DA:539,0
DA:540,0
DA:543,1
DA:544,1
DA:545,1
DA:546,1
DA:549,1
DA:550,1
DA:551,1
DA:552,1
DA:553,2
DA:556,0
DA:559,0
DA:563,1
DA:564,1
DA:567,0
DA:568,0
DA:569,0
DA:573,1
DA:576,1
DA:577,1
DA:578,1
DA:580,1
DA:583,0
DA:584,0
DA:587,1
DA:589,1
DA:592,1
DA:593,1
DA:594,1
DA:595,0
DA:596,0
DA:597,0
DA:602,2
DA:603,2
DA:606,3
DA:607,0
DA:608,0
DA:612,0
DA:615,1
DA:616,1
DA:617,1
DA:618,1
DA:619,1
DA:620,1
DA:621,1
DA:622,1
DA:624,1
DA:625,1
DA:629,1
DA:630,1
DA:631,1
DA:636,1
DA:637,1
DA:640,1
DA:647,1
DA:650,1
DA:651,1
DA:652,1
DA:655,1
DA:656,1
DA:657,1
DA:658,1
DA:660,1
DA:662,1
DA:663,1
DA:664,1
DA:666,0
DA:667,0
DA:670,1
DA:674,1
DA:677,1
DA:678,1
DA:679,1
DA:680,0
DA:681,0
DA:684,1
DA:685,1
DA:686,1
DA:690,1
DA:691,0
DA:692,0
DA:693,0
DA:697,8
DA:698,8
DA:703,0
DA:704,0
DA:705,0
DA:706,0
DA:711,0
DA:712,0
DA:713,0
DA:714,0
DA:716,0
DA:717,0
DA:718,0
DA:719,0
DA:720,0
DA:723,1
DA:724,1
DA:725,1
DA:726,0
DA:728,1
DA:729,1
DA:732,5
DA:733,5
DA:735,5
DA:738,0
DA:739,0
DA:740,0
DA:741,0
DA:747,8
DA:748,8
DA:751,5
DA:752,5
DA:753,5
DA:754,5
DA:755,5
DA:756,4
DA:758,1
DA:760,5
DA:761,5
DA:766,5
DA:767,5
DA:769,5
DA:770,5
DA:771,0
DA:772,0
DA:773,0
DA:774,0
DA:776,0
DA:777,0
DA:779,5
DA:780,5
DA:783,0
DA:786,0
DA:789,0
DA:790,0
DA:792,0
DA:796,3
DA:798,3
DA:800,1
DA:801,1
DA:803,1
DA:804,1
DA:806,1
DA:807,1
DA:809,0
DA:813,8
DA:814,5
DA:816,3
DA:818,8
DA:821,0
DA:822,0
DA:823,0
DA:826,0
DA:827,0
DA:828,0
DA:831,1
DA:834,0
DA:835,0
DA:836,0
DA:838,0
DA:840,0
DA:841,0
DA:842,0
DA:843,0
DA:844,0
DA:848,0
DA:849,0
DA:851,0
DA:854,0
DA:857,5
DA:858,5
DA:859,5
DA:860,5
DA:861,5
DA:862,0
DA:866,0
DA:867,0
DA:870,0
DA:871,0
DA:872,0
DA:875,0
DA:876,0
DA:880,1
DA:881,1
DA:882,1
DA:883,1
DA:887,2
DA:888,0
DA:889,0
DA:891,2
DA:892,1
DA:895,1
DA:896,2
DA:900,2
DA:901,2
DA:904,2
DA:907,2
DA:908,2
DA:909,2
DA:911,0
DA:912,0
DA:914,2
DA:919,0
DA:920,0
DA:921,0
DA:923,0
DA:924,0
DA:926,0
DA:930,4
DA:931,4
DA:932,2
DA:934,4
DA:937,0
DA:940,0
DA:943,1
DA:944,1
DA:945,1
DA:948,55
DA:949,0
DA:951,54
DA:954,0
DA:957,1
DA:958,0
DA:959,0
DA:961,0
DA:963,0
DA:965,0
DA:966,0
DA:970,0
DA:973,0
DA:979,8
DA:980,8
DA:981,8
DA:982,8
DA:986,0
DA:987,0
DA:990,0
DA:991,0
DA:994,8
DA:996,8
DA:997,5
DA:998,5
DA:999,5
DA:1014,0
DA:1015,0
DA:1016,0
DA:1017,0
DA:1019,0
DA:1021,0
DA:1022,0
DA:1025,1
DA:1026,1
DA:1031,8
DA:1033,8
DA:1034,0
DA:1036,0
DA:1037,0
DA:1040,8
DA:1041,0
DA:1043,8
DA:1044,0
DA:1046,8
DA:1047,0
DA:1049,8
DA:1050,0
DA:1052,8
DA:1053,0
DA:1055,8
DA:1056,0
DA:1058,8
DA:1059,0
DA:1061,8
DA:1062,0
DA:1064,8
DA:1065,0
DA:1067,8
DA:1068,0
DA:1070,8
DA:1071,0
DA:1076,8
DA:1077,0
DA:1079,8
DA:1080,0
DA:1082,8
DA:1083,8
DA:1084,8
DA:1087,0
DA:1088,0
DA:1089,0
DA:1091,0
DA:1094,1
DA:1095,1
DA:1097,8
DA:1098,0
DA:1100,8
DA:1101,0
DA:1103,8
DA:1104,0
DA:1106,8
DA:1107,0
DA:1109,8
DA:1110,0
DA:1112,8
DA:1113,8
DA:1117,8
DA:1118,0
DA:1119,0
DA:1120,0
DA:1122,0
DA:1123,0
DA:1125,8
DA:1128,8
DA:1129,8
DA:1130,0
DA:1132,8
DA:1133,0
DA:1135,8
DA:1136,0
DA:1138,8
DA:1139,8
DA:1142,47
DA:1143,3
LF:425
LH:208
BRDA:211,0,0,13
BRDA:211,0,1,1
BRDA:217,1,0,5
BRDA:217,1,1,8
BRDA:218,2,0,5
BRDA:218,2,1,1
BRDA:345,3,0,8
BRDA:345,3,1,5
BRDA:355,4,0,1
BRDA:355,4,1,8
BRDA:417,5,0,0
BRDA:417,5,1,0
BRDA:424,6,0,0
BRDA:424,6,1,0
BRDA:425,7,0,0
BRDA:425,7,1,0
BRDA:425,8,0,0
BRDA:425,8,1,0
BRDA:433,9,0,0
BRDA:433,9,1,0
BRDA:465,10,0,0
BRDA:465,10,1,0
BRDA:487,11,0,0
BRDA:487,11,1,0
BRDA:533,12,0,0
BRDA:533,12,1,0
BRDA:534,13,0,0
BRDA:534,13,1,0
BRDA:551,14,0,1
BRDA:551,14,1,0
BRDA:566,15,0,0
BRDA:572,16,0,1
BRDA:577,17,0,1
BRDA:577,17,1,0
BRDA:591,18,0,1
BRDA:595,19,0,0
BRDA:595,19,1,0
BRDA:606,20,0,0
BRDA:606,20,1,3
BRDA:614,21,0,1
BRDA:614,22,0,1
BRDA:680,23,0,0
BRDA:680,23,1,0
BRDA:690,24,0,0
BRDA:690,24,1,1
BRDA:703,25,0,0
BRDA:703,25,1,0
BRDA:711,26,0,0
BRDA:711,26,1,0
BRDA:725,27,0,0
BRDA:725,27,1,1
BRDA:738,28,0,0
BRDA:738,28,1,0
BRDA:740,29,0,0
BRDA:740,29,1,0
BRDA:748,30,0,8
BRDA:748,30,1,5
BRDA:752,31,0,5
BRDA:752,31,1,0
BRDA:755,32,0,4
BRDA:755,32,1,1
BRDA:766,33,0,5
BRDA:766,33,1,0
BRDA:769,34,0,5
BRDA:769,34,1,0
BRDA:771,35,0,0
BRDA:771,35,1,0
BRDA:771,36,0,0
BRDA:771,36,1,0
BRDA:771,36,2,0
BRDA:773,37,0,0
BRDA:773,37,1,0
BRDA:773,38,0,0
BRDA:773,38,1,0
BRDA:773,38,2,0
BRDA:786,39,0,0
BRDA:786,39,1,0
BRDA:789,40,0,0
BRDA:789,40,1,0
BRDA:798,41,0,1
BRDA:798,41,1,1
BRDA:798,41,2,1
BRDA:798,41,3,0
BRDA:813,42,0,5
BRDA:813,42,1,3
BRDA:835,43,0,0
BRDA:835,43,1,0
BRDA:841,44,0,0
BRDA:841,44,1,0
BRDA:843,45,0,0
BRDA:843,45,1,0
BRDA:861,46,0,0
BRDA:861,46,1,5
BRDA:875,47,0,0
BRDA:875,47,1,0
BRDA:882,48,0,1
BRDA:882,48,1,0
BRDA:907,49,0,2
BRDA:907,49,1,0
BRDA:919,50,0,0
BRDA:919,50,1,0
BRDA:931,51,0,2
BRDA:931,51,1,2
BRDA:931,52,0,4
BRDA:931,52,1,2
BRDA:948,53,0,0
BRDA:948,53,1,54
BRDA:948,54,0,55
BRDA:948,54,1,1
BRDA:958,55,0,0
BRDA:958,55,1,0
BRDA:959,56,0,0
BRDA:959,56,1,0
BRDA:959,57,0,0
BRDA:959,57,1,0
BRDA:981,58,0,8
BRDA:981,58,1,0
BRDA:1025,59,0,1
BRDA:1025,59,1,0
BRDA:1073,60,0,0
BRDA:1073,60,1,0
BRDA:1119,61,0,0
BRDA:1119,61,1,0
BRDA:1132,62,0,0
BRDA:1142,63,0,3
BRDA:1142,63,1,44
BRDA:1142,64,0,47
BRDA:1142,64,1,3
BRF:128
BRH:47
end_of_record
TN:
SF:/Users/mulhollm/apps/electron/data-curator/src/renderer/components/KeyboardHelp.vue
FNF:0
FNH:0
LF:0
LH:0
BRF:0
BRH:0
end_of_record
TN:
SF:/Users/mulhollm/apps/electron/data-curator/src/renderer/components/SelectWorksheet.vue
FN:30,(anonymous_0)
FN:33,(anonymous_1)
FN:36,(anonymous_2)
FN:40,(anonymous_3)
FN:43,(anonymous_4)
FN:44,(anonymous_5)
FNF:6
FNH:0
FNDA:0,(anonymous_0)
FNDA:0,(anonymous_1)
FNDA:0,(anonymous_2)
FNDA:0,(anonymous_3)
FNDA:0,(anonymous_4)
FNDA:0,(anonymous_5)
DA:18,1
DA:23,0
DA:31,0
DA:34,0
DA:37,0
DA:41,0
DA:42,0
DA:43,0
DA:44,0
DA:45,0
DA:46,0
LF:11
LH:1
BRF:0
BRH:0
end_of_record
TN:
SF:/Users/mulhollm/apps/electron/data-curator/src/renderer/components/UrlDialog.vue
FN:28,(anonymous_0)
FN:31,(anonymous_1)
FN:34,(anonymous_2)
FN:37,(anonymous_3)
FN:43,(anonymous_4)
FN:45,(anonymous_5)
FNF:6
FNH:0
FNDA:0,(anonymous_0)
FNDA:0,(anonymous_1)
FNDA:0,(anonymous_2)
FNDA:0,(anonymous_3)
FNDA:0,(anonymous_4)
FNDA:0,(anonymous_5)
DA:22,0
DA:29,0
DA:32,0
DA:35,0
DA:38,0
DA:39,0
DA:44,0
DA:45,0
DA:46,0
LF:9
LH:0
BRDA:38,0,0,0
BRDA:38,0,1,0
BRF:2
BRH:0
end_of_record
TN:
SF:/Users/mulhollm/apps/electron/data-curator/src/renderer/data-actions.js
FN:13,loadDataIntoHot
FN:21,loadCsvDataIntoHot
FN:42,loadArrayDataIntoHot
FN:52,saveDataToFile
FN:63,(anonymous_4)
FN:87,dialectToCsvOptions
FN:90,(anonymous_6)
FNF:7
FNH:4
FNDA:1,loadDataIntoHot
FNDA:1,loadCsvDataIntoHot
FNDA:0,loadArrayDataIntoHot
FNDA:0,saveDataToFile
FNDA:0,(anonymous_4)
FNDA:1,dialectToCsvOptions
FNDA:5,(anonymous_6)
DA:7,1
DA:8,1
DA:11,1
DA:14,1
DA:15,0
DA:17,1
DA:25,1
DA:26,0
DA:28,1
DA:30,1
DA:32,1
DA:33,1
DA:35,1
DA:36,1
DA:37,1
DA:39,1
DA:43,0
DA:45,0
DA:46,0
DA:47,0
DA:49,0
DA:53,0
DA:54,0
DA:55,0
DA:57,0
DA:59,0
DA:60,0
DA:62,0
DA:63,0
DA:64,0
DA:65,0
DA:66,0
DA:73,0
DA:76,0
DA:78,0
DA:80,0
DA:81,0
DA:82,0
DA:84,0
DA:88,1
DA:89,1
DA:90,1
DA:91,5
DA:92,4
DA:96,1
LF:45
LH:20
BRDA:14,0,0,0
BRDA:14,0,1,1
BRDA:25,1,0,0
BRDA:25,1,1,1
BRDA:25,2,0,1
BRDA:25,2,1,1
BRDA:54,3,0,0
BRDA:54,3,1,0
BRDA:59,4,0,0
BRDA:59,4,1,0
BRDA:62,5,0,0
BRDA:62,5,1,0
BRDA:64,6,0,0
BRDA:64,6,1,0
BRDA:76,7,0,0
BRDA:76,7,1,0
BRDA:76,8,0,0
BRDA:76,8,1,0
BRDA:89,9,0,1
BRDA:89,9,1,0
BRDA:91,10,0,4
BRDA:91,10,1,1
BRF:22
BRH:7
end_of_record
TN:
SF:/Users/mulhollm/apps/electron/data-curator/src/renderer/dateFormats.js
FN:7,isValidPatternForType
FNF:1
FNH:1
FNDA:2,isValidPatternForType
DA:1,1
DA:8,2
DA:9,2
DA:10,6
DA:11,0
DA:12,0
DA:15,2
LF:7
LH:5
BRDA:10,0,0,0
BRDA:10,0,1,6
BRDA:10,1,0,6
BRDA:10,1,1,0
BRF:4
BRH:2
end_of_record
TN:
SF:/Users/mulhollm/apps/electron/data-curator/src/renderer/dialect.js
FN:3,pushCsvDialect
FN:7,pushCsvFormat
FN:13,(anonymous_2)
FNF:3
FNH:2
FNDA:0,pushCsvDialect
FNDA:1,pushCsvFormat
FNDA:7,(anonymous_2)
DA:4,0
DA:8,1
DA:9,1
DA:11,1
DA:12,1
DA:13,1
DA:14,7
DA:17,1
DA:18,1
DA:20,1
DA:21,1
LF:11
LH:10
BRDA:7,0,0,0
BRDA:11,1,0,1
BRDA:11,1,1,0
BRDA:17,2,0,1
BRDA:17,2,1,0
BRDA:20,3,0,1
BRDA:20,3,1,0
BRF:7
BRH:3
end_of_record
TN:
SF:/Users/mulhollm/apps/electron/data-curator/src/renderer/exportPackage.js
FN:13,createZipFile
FN:22,(anonymous_1)
FN:30,generateDataPackage
FN:37,(anonymous_3)
FN:39,(anonymous_4)
FN:42,(anonymous_5)
FN:49,(anonymous_6)
FN:59,zipJson
FN:63,zipResources
FN:70,zipProvenanceProperties
FNF:10
FNH:0
FNDA:0,createZipFile
FNDA:0,(anonymous_1)
FNDA:0,generateDataPackage
FNDA:0,(anonymous_3)
FNDA:0,(anonymous_4)
FNDA:0,(anonymous_5)
FNDA:0,(anonymous_6)
FNDA:0,zipJson
FNDA:0,zipResources
FNDA:0,zipProvenanceProperties
DA:11,1
DA:14,0
DA:15,0
DA:23,0
DA:24,0
DA:26,0
DA:31,0
DA:32,0
DA:37,0
DA:42,0
DA:43,0
DA:47,0
DA:50,0
DA:52,0
DA:53,0
DA:54,0
DA:55,0
DA:56,0
DA:60,0
DA:64,0
DA:65,0
DA:66,0
DA:71,0
LF:23
LH:1
BRDA:23,0,0,0
BRDA:23,0,1,0
BRDA:43,1,0,0
BRDA:43,1,1,0
BRF:4
BRH:0
end_of_record
TN:
SF:/Users/mulhollm/apps/electron/data-curator/src/renderer/file-formats.js
FN:61,dataResourceToFormat
FNF:1
FNH:0
FNDA:0,dataResourceToFormat
DA:10,1
DA:62,0
DA:63,0
DA:64,0
DA:65,0
DA:67,0
LF:6
LH:1
BRF:0
BRH:0
end_of_record
TN:
SF:/Users/mulhollm/apps/electron/data-curator/src/renderer/frictionless.js
FN:10,inferSchema
FN:20,storeData
FN:27,guessColumnProperties
FN:51,buildSchema
FN:62,createFrictionlessTable
FN:75,collateForeignKeys
FN:102,collatePackageForeignKeys
FN:111,getForeignKeyData
FN:116,getHotIdFromForeignKeyForeignTable
FN:125,isRowBlank
FN:129,blankCellCount
FN:134,duplicatesCount
FN:139,checkHeaderErrors
FN:155,validateActiveDataAgainstSchema
FN:183,(anonymous_14)
FN:192,(anonymous_15)
FN:197,(anonymous_16)
FN:202,hasColumnProperties
FN:220,errorHandler
FNF:19
FNH:1
FNDA:0,inferSchema
FNDA:0,storeData
FNDA:1,guessColumnProperties
FNDA:0,buildSchema
FNDA:0,createFrictionlessTable
FNDA:0,collateForeignKeys
FNDA:0,collatePackageForeignKeys
FNDA:0,getForeignKeyData
FNDA:0,getHotIdFromForeignKeyForeignTable
FNDA:0,isRowBlank
FNDA:0,blankCellCount
FNDA:0,duplicatesCount
FNDA:0,checkHeaderErrors
FNDA:0,validateActiveDataAgainstSchema
FNDA:0,(anonymous_14)
FNDA:0,(anonymous_15)
FNDA:0,(anonymous_16)
FNDA:0,hasColumnProperties
FNDA:0,errorHandler
DA:11,0
DA:13,0
DA:14,0
DA:16,0
DA:17,0
DA:21,0
DA:28,1
DA:29,1
DA:30,1
DA:31,0
DA:32,0
DA:34,0
DA:35,0
DA:36,0
DA:38,0
DA:39,0
DA:41,0
DA:42,0
DA:43,0
DA:44,0
DA:45,0
DA:48,0
DA:52,0
DA:53,0
DA:54,0
DA:55,0
DA:56,0
DA:57,0
DA:58,0
DA:59,0
DA:65,0
DA:66,0
DA:67,0
DA:71,0
DA:72,0
DA:76,0
DA:77,0
DA:78,0
DA:80,0
DA:81,0
DA:83,0
DA:84,0
DA:86,0
DA:88,0
DA:89,0
DA:90,0
DA:92,0
DA:93,0
DA:94,0
DA:95,0
DA:97,0
DA:99,0
DA:103,0
DA:104,0
DA:105,0
DA:107,0
DA:112,0
DA:113,0
DA:118,0
DA:119,0
DA:121,0
DA:122,0
DA:126,0
DA:130,0
DA:131,0
DA:135,0
DA:136,0
DA:141,0
DA:142,0
DA:144,0
DA:145,0
DA:146,0
DA:148,0
DA:149,0
DA:150,0
DA:156,0
DA:157,0
DA:158,0
DA:159,0
DA:161,0
DA:163,0
DA:164,0
DA:165,0
DA:166,0
DA:168,0
DA:169,0
DA:170,0
DA:172,0
DA:173,0
DA:175,0
DA:183,0
DA:184,0
DA:185,0
DA:187,0
DA:188,0
DA:192,0
DA:193,0
DA:195,0
DA:197,0
DA:198,0
DA:203,0
DA:204,0
DA:205,0
DA:207,0
DA:208,0
DA:210,0
DA:211,0
DA:212,0
DA:214,0
DA:215,0
DA:217,0
DA:221,0
DA:222,0
DA:223,0
DA:231,0
LF:115
LH:3
BRDA:31,0,0,0
BRDA:31,0,1,0
BRDA:35,1,0,0
BRDA:35,1,1,0
BRDA:38,2,0,0
BRDA:38,2,1,0
BRDA:45,3,0,0
BRDA:45,3,1,0
BRDA:77,4,0,0
BRDA:77,4,1,0
BRDA:83,5,0,0
BRDA:83,5,1,0
BRDA:88,6,0,0
BRDA:88,6,1,0
BRDA:118,7,0,0
BRDA:118,7,1,0
BRDA:141,8,0,0
BRDA:141,8,1,0
BRDA:145,9,0,0
BRDA:145,9,1,0
BRDA:149,10,0,0
BRDA:149,10,1,0
BRDA:158,11,0,0
BRDA:158,11,1,0
BRDA:184,12,0,0
BRDA:184,12,1,0
BRDA:187,13,0,0
BRDA:187,13,1,0
BRDA:204,14,0,0
BRDA:204,14,1,0
BRDA:204,15,0,0
BRDA:204,15,1,0
BRDA:211,16,0,0
BRDA:211,16,1,0
BRDA:221,17,0,0
BRDA:221,17,1,0
BRDA:225,18,0,0
BRDA:225,18,1,0
BRF:38
BRH:0
end_of_record
TN:
SF:/Users/mulhollm/apps/electron/data-curator/src/renderer/frictionlessDataPackage.js
FN:9,createDataPackage
FN:35,haveAllTabsGotFilenames
FN:39,buildDataPackage
FN:50,hasAllPackageRequirements
FN:68,initPackage
FN:73,addPackageProperties
FN:79,buildAllResourcesForDataPackage
FN:103,createValidResource
FN:118,hasAllResourceRequirements
FN:142,addSourcesRequirements
FN:162,addContributorsRequirements
FN:182,hasAllEmptyValues
FN:184,(anonymous_12)
FN:193,addForeignKeyRequirements
FN:205,buildResource
FN:216,initResourceAndInfer
FN:222,addColumnProperties
FN:228,addTableProperties
FN:234,moveMissingValues
FN:239,removeEmptiesFromDescriptor
FN:244,removeEmpty
FN:250,addPath
FNF:22
FNH:4
FNDA:1,createDataPackage
FNDA:1,haveAllTabsGotFilenames
FNDA:1,buildDataPackage
FNDA:1,hasAllPackageRequirements
FNDA:0,initPackage
FNDA:0,addPackageProperties
FNDA:0,buildAllResourcesForDataPackage
FNDA:0,createValidResource
FNDA:0,hasAllResourceRequirements
FNDA:0,addSourcesRequirements
FNDA:0,addContributorsRequirements
FNDA:0,hasAllEmptyValues
FNDA:0,(anonymous_12)
FNDA:0,addForeignKeyRequirements
FNDA:0,buildResource
FNDA:0,initResourceAndInfer
FNDA:0,addColumnProperties
FNDA:0,addTableProperties
FNDA:0,moveMissingValues
FNDA:0,removeEmptiesFromDescriptor
FNDA:0,removeEmpty
FNDA:0,addPath
DA:10,1
DA:11,1
DA:12,0
DA:14,1
DA:15,1
DA:16,1
DA:17,1
DA:19,0
DA:20,0
DA:21,0
DA:22,0
DA:23,0
DA:25,0
DA:28,0
DA:29,0
DA:32,0
DA:36,1
DA:40,1
DA:41,1
DA:43,0
DA:44,0
DA:46,0
DA:47,0
DA:51,1
DA:52,1
DA:54,1
DA:55,1
DA:56,1
DA:58,0
DA:59,0
DA:60,0
DA:62,0
DA:63,0
DA:65,1
DA:69,0
DA:70,0
DA:74,0
DA:75,0
DA:76,0
DA:80,0
DA:81,0
DA:82,0
DA:83,0
DA:84,0
DA:85,0
DA:86,0
DA:88,0
DA:89,0
DA:90,0
DA:92,0
DA:93,0
DA:95,0
DA:96,0
DA:97,0
DA:104,0
DA:105,0
DA:106,0
DA:107,0
DA:109,0
DA:110,0
DA:111,0
DA:112,0
DA:113,0
DA:115,0
DA:119,0
DA:120,0
DA:121,0
DA:123,0
DA:124,0
DA:125,0
DA:127,0
DA:128,0
DA:130,0
DA:131,0
DA:132,0
DA:134,0
DA:135,0
DA:136,0
DA:139,0
DA:143,0
DA:144,0
DA:146,0
DA:147,0
DA:148,0
DA:149,0
DA:150,0
DA:151,0
DA:156,0
DA:157,0
DA:158,0
DA:163,0
DA:164,0
DA:166,0
DA:167,0
DA:168,0
DA:169,0
DA:170,0
DA:171,0
DA:176,0
DA:177,0
DA:178,0
DA:183,0
DA:184,0
DA:185,0
DA:186,0
DA:187,0
DA:190,0
DA:194,0
DA:195,0
DA:197,0
DA:198,0
DA:199,0
DA:200,0
DA:206,0
DA:207,0
DA:208,0
DA:209,0
DA:210,0
DA:211,0
DA:212,0
DA:213,0
DA:217,0
DA:218,0
DA:219,0
DA:223,0
DA:224,0
DA:225,0
DA:229,0
DA:230,0
DA:231,0
DA:235,0
DA:236,0
DA:240,0
DA:241,0
DA:245,0
DA:246,0
DA:251,0
DA:252,0
DA:253,0
DA:254,0
DA:256,0
LF:141
LH:15
BRDA:11,0,0,0
BRDA:11,0,1,1
BRDA:16,1,0,1
BRDA:16,1,1,0
BRDA:19,2,0,0
BRDA:19,2,1,0
BRDA:21,3,0,0
BRDA:21,3,1,0
BRDA:28,4,0,0
BRDA:28,4,1,0
BRDA:40,5,0,1
BRDA:40,5,1,0
BRDA:51,6,0,1
BRDA:51,6,1,0
BRDA:51,7,0,1
BRDA:51,7,1,1
BRDA:55,8,0,1
BRDA:55,8,1,0
BRDA:55,9,0,1
BRDA:55,9,1,1
BRDA:59,10,0,0
BRDA:59,10,1,0
BRDA:59,11,0,0
BRDA:59,11,1,0
BRDA:84,12,0,0
BRDA:84,12,1,0
BRDA:88,13,0,0
BRDA:88,13,1,0
BRDA:95,14,0,0
BRDA:95,14,1,0
BRDA:106,15,0,0
BRDA:106,15,1,0
BRDA:110,16,0,0
BRDA:110,16,1,0
BRDA:120,17,0,0
BRDA:120,17,1,0
BRDA:124,18,0,0
BRDA:124,18,1,0
BRDA:124,19,0,0
BRDA:124,19,1,0
BRDA:131,20,0,0
BRDA:131,20,1,0
BRDA:135,21,0,0
BRDA:135,21,1,0
BRDA:143,22,0,0
BRDA:143,22,1,0
BRDA:147,23,0,0
BRDA:147,23,1,0
BRDA:149,24,0,0
BRDA:149,24,1,0
BRDA:149,25,0,0
BRDA:149,25,1,0
BRDA:156,26,0,0
BRDA:156,26,1,0
BRDA:163,27,0,0
BRDA:163,27,1,0
BRDA:167,28,0,0
BRDA:167,28,1,0
BRDA:169,29,0,0
BRDA:169,29,1,0
BRDA:169,30,0,0
BRDA:169,30,1,0
BRDA:176,31,0,0
BRDA:176,31,1,0
BRDA:185,32,0,0
BRDA:185,32,1,0
BRDA:194,33,0,0
BRDA:194,33,1,0
BRDA:198,34,0,0
BRDA:198,34,1,0
BRDA:198,35,0,0
BRDA:198,35,1,0
BRDA:245,36,0,0
BRDA:245,36,1,0
BRDA:245,37,0,0
BRDA:245,37,1,0
BRF:76
BRH:9
end_of_record
TN:
SF:/Users/mulhollm/apps/electron/data-curator/src/renderer/frictionlessUtilities.js
FN:4,includeHeadersInData
FN:13,hasAllColumnNames
FN:23,getValidNames
FN:29,hasAllColumnTypes
FN:34,hasAllValidColumnProperty
FN:39,isCaseSensitive
FNF:6
FNH:0
FNDA:0,includeHeadersInData
FNDA:0,hasAllColumnNames
FNDA:0,getValidNames
FNDA:0,hasAllColumnTypes
FNDA:0,hasAllValidColumnProperty
FNDA:0,isCaseSensitive
DA:5,0
DA:6,0
DA:7,0
DA:8,0
DA:10,0
DA:14,0
DA:15,0
DA:16,0
DA:18,0
DA:19,0
DA:24,0
DA:25,0
DA:26,0
DA:30,0
DA:31,0
DA:35,0
DA:36,0
DA:40,0
DA:41,0
DA:42,0
DA:43,0
DA:45,0
LF:22
LH:0
BRDA:6,0,0,0
BRDA:6,0,1,0
BRDA:14,1,0,0
BRDA:14,1,1,0
BRDA:42,2,0,0
BRDA:42,2,1,0
BRDA:42,3,0,0
BRDA:42,3,1,0
BRDA:42,3,2,0
BRF:9
BRH:0
end_of_record
TN:
SF:/Users/mulhollm/apps/electron/data-curator/src/renderer/headerRow.js
FN:7,toggleHeaderWithFeedback
FN:21,toggleHeaderNoFeedback
FN:32,toggleHeaderOff
FN:36,(anonymous_3)
FN:42,toggleHeaderOn
FN:51,updateHot
FN:56,updateAllColumnsName
FNF:7
FNH:1
FNDA:0,toggleHeaderWithFeedback
FNDA:1,toggleHeaderNoFeedback
FNDA:0,toggleHeaderOff
FNDA:0,(anonymous_3)
FNDA:0,toggleHeaderOn
FNDA:0,updateHot
FNDA:0,updateAllColumnsName
DA:8,0
DA:9,0
DA:10,0
DA:12,0
DA:13,0
DA:14,0
DA:16,0
DA:17,0
DA:22,1
DA:23,0
DA:25,1
DA:26,1
DA:28,0
DA:33,0
DA:34,0
DA:35,0
DA:36,0
DA:37,0
DA:39,0
DA:43,0
DA:44,0
DA:45,0
DA:46,0
DA:47,0
DA:48,0
DA:52,0
DA:53,0
DA:57,0
DA:63,0
DA:64,0
LF:30
LH:3
BRDA:8,0,0,0
BRDA:8,0,1,0
BRDA:12,1,0,0
BRDA:12,1,1,0
BRDA:22,2,0,0
BRDA:22,2,1,1
BRDA:25,3,0,1
BRDA:25,3,1,0
BRF:8
BRH:2
end_of_record
TN:
SF:/Users/mulhollm/apps/electron/data-curator/src/renderer/hot.js
FN:123,(anonymous_0)
FN:137,getActiveSelected
FN:142,getActiveSelectedOrHotSelectionOrMin
FN:155,getCurrentColumnIndexOrMin
FN:165,getCurrentColumnIndexOrMax
FN:176,reselectCurrentCellOrMin
FN:187,reselectCellOrMin
FN:198,reselectCurrentCellOrMax
FN:209,getColumnCount
FN:218,getColumnCountFromInstance
FN:223,getColumnCountFromInstanceId
FN:229,waitForHotInstance
FN:230,(anonymous_12)
FN:233,(anonymous_13)
FN:242,insertRowAbove
FN:246,insertRowBelow
FN:250,insertRow
FN:260,insertColumnLeft
FN:264,insertColumnRight
FN:268,insertColumn
FN:281,getHotToInsert
FN:287,removeHeaderAtIndex
FN:296,removeRows
FN:312,removeColumns
FN:331,(anonymous_24)
FN:335,(anonymous_25)
FNF:26
FNH:3
FNDA:9,(anonymous_0)
FNDA:0,getActiveSelected
FNDA:0,getActiveSelectedOrHotSelectionOrMin
FNDA:2,getCurrentColumnIndexOrMin
FNDA:0,getCurrentColumnIndexOrMax
FNDA:0,reselectCurrentCellOrMin
FNDA:0,reselectCellOrMin
FNDA:0,reselectCurrentCellOrMax
FNDA:13,getColumnCount
FNDA:0,getColumnCountFromInstance
FNDA:0,getColumnCountFromInstanceId
FNDA:0,waitForHotInstance
FNDA:0,(anonymous_12)
FNDA:0,(anonymous_13)
FNDA:0,insertRowAbove
FNDA:0,insertRowBelow
FNDA:0,insertRow
FNDA:0,insertColumnLeft
FNDA:0,insertColumnRight
FNDA:0,insertColumn
FNDA:0,getHotToInsert
FNDA:0,removeHeaderAtIndex
FNDA:0,removeRows
FNDA:0,removeColumns
FNDA:0,(anonymous_24)
FNDA:0,(anonymous_25)
DA:5,1
DA:7,1
DA:8,1
DA:10,1
DA:12,9
DA:41,0
DA:42,0
DA:43,0
DA:44,0
DA:45,0
DA:48,0
DA:51,9
DA:52,1
DA:56,10
DA:57,1
DA:61,7
DA:65,9
DA:66,0
DA:70,0
DA:71,0
DA:75,0
DA:78,0
DA:79,0
DA:80,0
DA:81,0
DA:82,0
DA:83,0
DA:88,0
DA:91,0
DA:95,9
DA:96,9
DA:99,17
DA:100,17
DA:103,0
DA:106,0
DA:110,8
DA:111,8
DA:112,7
DA:116,8
DA:119,0
DA:120,0
DA:123,8
DA:124,9
DA:125,9
DA:129,0
DA:130,0
DA:131,0
DA:133,0
DA:138,0
DA:139,0
DA:143,0
DA:144,0
DA:145,0
DA:146,0
DA:148,0
DA:149,0
DA:150,0
DA:152,0
DA:156,2
DA:157,2
DA:158,2
DA:159,1
DA:160,1
DA:162,2
DA:166,0
DA:167,0
DA:168,0
DA:169,0
DA:170,0
DA:171,0
DA:173,0
DA:177,0
DA:178,0
DA:179,0
DA:180,0
DA:181,0
DA:183,0
DA:188,0
DA:189,0
DA:190,0
DA:191,0
DA:194,0
DA:199,0
DA:200,0
DA:201,0
DA:202,0
DA:203,0
DA:205,0
DA:210,13
DA:212,13
DA:213,5
DA:215,13
DA:219,0
DA:220,0
DA:224,0
DA:225,0
DA:226,0
DA:230,0
DA:231,0
DA:232,0
DA:233,0
DA:234,0
DA:237,0
DA:243,0
DA:247,0
DA:251,0
DA:252,0
DA:253,0
DA:254,0
DA:255,0
DA:256,0
DA:261,0
DA:265,0
DA:269,0
DA:270,0
DA:271,0
DA:272,0
DA:273,0
DA:274,0
DA:275,0
DA:277,0
DA:282,0
DA:283,0
DA:284,0
DA:288,0
DA:289,0
DA:290,0
DA:291,0
DA:292,0
DA:297,0
DA:298,0
DA:299,0
DA:300,0
DA:302,0
DA:303,0
DA:304,0
DA:307,0
DA:309,0
DA:313,0
DA:314,0
DA:315,0
DA:316,0
DA:318,0
DA:319,0
DA:320,0
DA:323,0
DA:324,0
DA:325,0
DA:326,0
DA:328,0
DA:331,1
DA:332,0
DA:335,1
DA:336,0
DA:337,0
LF:155
LH:34
BRDA:11,0,0,8
BRDA:11,1,0,8
BRDA:41,2,0,0
BRDA:41,2,1,0
BRDA:44,3,0,0
BRDA:44,3,1,0
BRDA:51,4,0,1
BRDA:51,4,1,8
BRDA:56,5,0,1
BRDA:56,5,1,9
BRDA:65,6,0,0
BRDA:65,6,1,9
BRDA:70,7,0,0
BRDA:70,7,1,0
BRDA:78,8,0,0
BRDA:78,8,1,0
BRDA:81,9,0,0
BRDA:81,9,1,0
BRDA:111,10,0,7
BRDA:111,10,1,1
BRDA:130,11,0,0
BRDA:130,11,1,0
BRDA:145,12,0,0
BRDA:145,12,1,0
BRDA:148,13,0,0
BRDA:148,13,1,0
BRDA:158,14,0,1
BRDA:158,14,1,1
BRDA:168,15,0,0
BRDA:168,15,1,0
BRDA:179,16,0,0
BRDA:179,16,1,0
BRDA:190,17,0,0
BRDA:190,17,1,0
BRDA:201,18,0,0
BRDA:201,18,1,0
BRDA:212,19,0,5
BRDA:212,19,1,8
BRDA:232,20,0,0
BRDA:232,20,1,0
BRDA:253,21,0,0
BRDA:253,21,1,0
BRDA:271,22,0,0
BRDA:271,22,1,0
BRDA:288,23,0,0
BRDA:288,23,1,0
BRDA:299,24,0,0
BRDA:299,24,1,0
BRDA:315,25,0,0
BRDA:315,25,1,0
BRF:50
BRH:13
end_of_record
TN:
SF:/Users/mulhollm/apps/electron/data-curator/src/renderer/importPackage.js
FN:13,unzipFile
FN:25,createUnzipDestination
FN:29,unzipFileToDir
FN:31,(anonymous_3)
FN:46,getDataPackageJson
FN:53,processStream
FN:84,isIgnored
FN:95,cleanUp
FN:104,validateMdFile
FN:110,unzippedEntryToFile
FN:115,stringify
FN:127,setProvenance
FN:131,processResources
FN:138,getAllResourcePaths
FN:154,validateResourcesAndDataFiles
FN:162,getHotIdsFromFilenames
FN:185,getTabIdFromFilename
FN:186,(anonymous_17)
FN:190,(anonymous_18)
FN:199,processJson
FNF:20
FNH:0
FNDA:0,unzipFile
FNDA:0,createUnzipDestination
FNDA:0,unzipFileToDir
FNDA:0,(anonymous_3)
FNDA:0,getDataPackageJson
FNDA:0,processStream
FNDA:0,isIgnored
FNDA:0,cleanUp
FNDA:0,validateMdFile
FNDA:0,unzippedEntryToFile
FNDA:0,stringify
FNDA:0,setProvenance
FNDA:0,processResources
FNDA:0,getAllResourcePaths
FNDA:0,validateResourcesAndDataFiles
FNDA:0,getHotIdsFromFilenames
FNDA:0,getTabIdFromFilename
FNDA:0,(anonymous_17)
FNDA:0,(anonymous_18)
FNDA:0,processJson
DA:10,1
DA:14,0
DA:15,0
DA:16,0
DA:17,0
DA:18,0
DA:20,0
DA:21,0
DA:26,0
DA:30,0
DA:31,0
DA:32,0
DA:33,0
DA:35,0
DA:37,0
DA:38,0
DA:40,0
DA:41,0
DA:42,0
DA:43,0
DA:47,0
DA:48,0
DA:49,0
DA:50,0
DA:54,0
DA:55,0
DA:57,0
DA:60,0
DA:61,0
DA:62,0
DA:63,0
DA:65,0
DA:66,0
DA:67,0
DA:68,0
DA:69,0
DA:71,0
DA:72,0
DA:73,0
DA:74,0
DA:75,0
DA:76,0
DA:78,0
DA:79,0
DA:85,0
DA:86,0
DA:87,0
DA:88,0
DA:89,0
DA:92,0
DA:96,0
DA:97,0
DA:98,0
DA:100,0
DA:105,0
DA:106,0
DA:111,0
DA:112,0
DA:116,0
DA:120,0
DA:121,0
DA:123,0
DA:124,0
DA:128,0
DA:132,0
DA:133,0
DA:134,0
DA:135,0
DA:139,0
DA:140,0
DA:142,0
DA:143,0
DA:145,0
DA:147,0
DA:148,0
DA:149,0
DA:151,0
DA:156,0
DA:157,0
DA:158,0
DA:163,0
DA:164,0
DA:165,0
DA:166,0
DA:167,0
DA:169,0
DA:170,0
DA:172,0
DA:174,0
DA:175,0
DA:176,0
DA:177,0
DA:178,0
DA:179,0
DA:182,0
DA:186,0
DA:187,0
DA:188,0
DA:190,0
DA:191,0
DA:194,0
DA:200,0
DA:201,0
DA:202,0
DA:203,0
DA:204,0
DA:205,0
DA:206,0
DA:207,0
DA:208,0
DA:210,0
DA:211,0
DA:213,0
DA:214,0
LF:114
LH:1
BRDA:37,0,0,0
BRDA:37,0,1,0
BRDA:54,1,0,0
BRDA:54,1,1,0
BRDA:57,2,0,0
BRDA:57,2,1,0
BRDA:57,2,2,0
BRDA:57,2,3,0
BRDA:57,2,4,0
BRDA:87,3,0,0
BRDA:87,3,1,0
BRDA:105,4,0,0
BRDA:105,4,1,0
BRDA:120,5,0,0
BRDA:120,5,1,0
BRDA:142,6,0,0
BRDA:142,6,1,0
BRDA:157,7,0,0
BRDA:157,7,1,0
BRDA:162,8,0,0
BRDA:169,9,0,0
BRDA:169,9,1,0
BRDA:178,10,0,0
BRDA:178,10,1,0
BRDA:188,11,0,0
BRDA:188,11,1,0
BRF:26
BRH:0
end_of_record
TN:
SF:/Users/mulhollm/apps/electron/data-curator/src/renderer/index.js
FN:11,addHotContainerListeners
FN:12,(anonymous_1)
FN:15,(anonymous_2)
FN:18,(anonymous_3)
FN:22,(anonymous_4)
FN:35,(anonymous_5)
FN:41,getWindow
FN:50,loadData
FN:61,(anonymous_8)
FN:80,(anonymous_9)
FN:89,(anonymous_10)
FN:98,(anonymous_11)
FN:103,(anonymous_12)
FN:107,(anonymous_13)
FN:111,(anonymous_14)
FN:112,(anonymous_15)
FN:115,(anonymous_16)
FN:119,(anonymous_17)
FN:123,(anonymous_18)
FN:127,(anonymous_19)
FN:131,(anonymous_20)
FN:135,(anonymous_21)
FN:142,closeSecondaryWindow
FN:146,(anonymous_23)
FN:151,loadDataIntoCurrentHot
FNF:25
FNH:3
FNDA:1,addHotContainerListeners
FNDA:0,(anonymous_1)
FNDA:0,(anonymous_2)
FNDA:0,(anonymous_3)
FNDA:0,(anonymous_4)
FNDA:0,(anonymous_5)
FNDA:2,getWindow
FNDA:1,loadData
FNDA:0,(anonymous_8)
FNDA:0,(anonymous_9)
FNDA:0,(anonymous_10)
FNDA:0,(anonymous_11)
FNDA:0,(anonymous_12)
FNDA:0,(anonymous_13)
FNDA:0,(anonymous_14)
FNDA:0,(anonymous_15)
FNDA:0,(anonymous_16)
FNDA:0,(anonymous_17)
FNDA:0,(anonymous_18)
FNDA:0,(anonymous_19)
FNDA:0,(anonymous_20)
FNDA:0,(anonymous_21)
FNDA:0,closeSecondaryWindow
FNDA:0,(anonymous_23)
FNDA:0,loadDataIntoCurrentHot
DA:12,1
DA:13,0
DA:15,1
DA:16,0
DA:18,1
DA:19,0
DA:20,0
DA:21,0
DA:22,0
DA:23,0
DA:24,0
DA:26,0
DA:27,0
DA:29,0
DA:30,0
DA:35,1
DA:36,0
DA:37,0
DA:43,2
DA:44,0
DA:45,0
DA:47,0
DA:51,1
DA:52,1
DA:53,1
DA:55,0
DA:56,0
DA:57,0
DA:61,1
DA:62,0
DA:63,0
DA:80,1
DA:81,0
DA:82,0
DA:83,0
DA:89,1
DA:90,0
DA:91,0
DA:92,0
DA:98,1
DA:99,0
DA:100,0
DA:103,1
DA:104,0
DA:107,1
DA:108,0
DA:111,1
DA:112,0
DA:115,1
DA:116,0
DA:119,1
DA:120,0
DA:123,1
DA:124,0
DA:127,1
DA:128,0
DA:131,1
DA:132,0
DA:135,1
DA:136,0
DA:137,0
DA:138,0
DA:139,0
DA:143,0
DA:146,1
DA:147,0
DA:152,0
DA:153,0
DA:154,0
LF:69
LH:22
BRDA:23,0,0,0
BRDA:23,0,1,0
BRDA:43,1,0,2
BRDA:43,1,1,2
BRDA:44,2,0,0
BRDA:44,2,1,0
BRDA:82,3,0,0
BRDA:82,3,1,0
BRDA:91,4,0,0
BRDA:91,4,1,0
BRF:10
BRH:2
end_of_record
TN:
SF:/Users/mulhollm/apps/electron/data-curator/src/renderer/menu.js
FN:10,(anonymous_0)
FN:17,(anonymous_1)
FN:24,(anonymous_2)
FN:31,(anonymous_3)
FN:38,(anonymous_4)
FN:45,(anonymous_5)
FNF:6
FNH:0
FNDA:0,(anonymous_0)
FNDA:0,(anonymous_1)
FNDA:0,(anonymous_2)
FNDA:0,(anonymous_3)
FNDA:0,(anonymous_4)
FNDA:0,(anonymous_5)
DA:3,1
DA:4,1
DA:6,1
DA:8,1
DA:11,0
DA:15,1
DA:18,0
DA:22,1
DA:25,0
DA:29,1
DA:32,0
DA:36,1
DA:39,0
DA:43,1
DA:46,0
DA:50,1
DA:51,1
DA:52,1
DA:53,1
DA:54,1
DA:55,1
DA:56,1
DA:57,1
DA:58,1
LF:24
LH:18
BRF:0
BRH:0
end_of_record
TN:
SF:/Users/mulhollm/apps/electron/data-curator/src/renderer/mixins/ColumnTooltip.vue
FNF:0
FNH:0
LF:0
LH:0
BRF:0
BRH:0
end_of_record
TN:
SF:/Users/mulhollm/apps/electron/data-curator/src/renderer/mixins/ErrorsTooltip.vue
FNF:0
FNH:0
LF:0
LH:0
BRF:0
BRH:0
end_of_record
TN:
SF:/Users/mulhollm/apps/electron/data-curator/src/renderer/mixins/ForeignKeysTooltip.vue
FNF:0
FNH:0
LF:0
LH:0
BRF:0
BRH:0
end_of_record
TN:
SF:/Users/mulhollm/apps/electron/data-curator/src/renderer/mixins/HomeTooltip.vue
FNF:0
FNH:0
LF:0
LH:0
BRF:0
BRH:0
end_of_record
TN:
SF:/Users/mulhollm/apps/electron/data-curator/src/renderer/mixins/PackageTooltip.vue
FNF:0
FNH:0
LF:0
LH:0
BRF:0
BRH:0
end_of_record
TN:
SF:/Users/mulhollm/apps/electron/data-curator/src/renderer/mixins/PreferencesTooltip.vue
FNF:0
FNH:0
LF:0
LH:0
BRF:0
BRH:0
end_of_record
TN:
SF:/Users/mulhollm/apps/electron/data-curator/src/renderer/mixins/ProvenanceTooltip.vue
FNF:0
FNH:0
LF:0
LH:0
BRF:0
BRH:0
end_of_record
TN:
SF:/Users/mulhollm/apps/electron/data-curator/src/renderer/mixins/RelationKeys.vue
FN:19,(anonymous_0)
FN:28,(anonymous_1)
FN:31,(anonymous_2)
FN:36,(anonymous_3)
FN:38,(anonymous_4)
FNF:5
FNH:0
FNDA:0,(anonymous_0)
FNDA:0,(anonymous_1)
FNDA:0,(anonymous_2)
FNDA:0,(anonymous_3)
FNDA:0,(anonymous_4)
DA:13,1
DA:20,0
DA:29,0
DA:32,0
DA:37,0
DA:38,0
DA:39,0
DA:40,0
DA:42,0
LF:9
LH:1
BRF:0
BRH:0
end_of_record
TN:
SF:/Users/mulhollm/apps/electron/data-curator/src/renderer/mixins/TableTooltip.vue
FNF:0
FNH:0
LF:0
LH:0
BRF:0
BRH:0
end_of_record
TN:
SF:/Users/mulhollm/apps/electron/data-curator/src/renderer/mixins/Tooltip.vue
FN:8,(anonymous_0)
FN:13,(anonymous_1)
FNF:2
FNH:1
FNDA:0,(anonymous_0)
FNDA:515,(anonymous_1)
DA:5,1
DA:9,0
DA:10,0
DA:11,0
DA:14,515
DA:15,515
DA:17,515
DA:18,515
DA:19,515
DA:20,515
LF:10
LH:7
BRDA:19,0,0,515
BRDA:19,0,1,2
BRF:2
BRH:2
end_of_record
TN:
SF:/Users/mulhollm/apps/electron/data-curator/src/renderer/mixins/ValidationRules.vue
FN:7,(anonymous_0)
FN:38,(anonymous_1)
FN:51,(anonymous_2)
FNF:3
FNH:2
FNDA:2,(anonymous_0)
FNDA:0,(anonymous_1)
FNDA:3,(anonymous_2)
DA:4,1
DA:8,2
DA:10,0
DA:16,2
DA:21,0
DA:23,0
DA:25,0
DA:31,0
DA:35,0
DA:39,0
DA:41,0
DA:42,0
DA:46,0
DA:47,0
DA:48,0
DA:52,3
DA:53,3
DA:78,3
LF:18
LH:6
BRDA:8,0,0,0
BRDA:8,0,1,2
BRDA:8,0,2,0
BRDA:8,0,3,0
BRDA:8,0,4,0
BRDA:8,0,5,0
BRDA:8,0,6,0
BRF:7
BRH:1
end_of_record
TN:
SF:/Users/mulhollm/apps/electron/data-curator/src/renderer/partials/About.vue
FN:100,(anonymous_0)
FN:103,(anonymous_1)
FNF:2
FNH:0
FNDA:0,(anonymous_0)
FNDA:0,(anonymous_1)
DA:24,0
DA:101,0
DA:104,0
LF:3
LH:0
BRF:0
BRH:0
end_of_record
TN:
SF:/Users/mulhollm/apps/electron/data-curator/src/renderer/partials/AutosizeTextArea.vue
FN:13,(anonymous_0)
FNF:1
FNH:0
FNDA:0,(anonymous_0)
DA:14,0
LF:1
LH:0
BRF:0
BRH:0
end_of_record
TN:
SF:/Users/mulhollm/apps/electron/data-curator/src/renderer/partials/ColumnProperties.vue
FN:303,(anonymous_0)
FN:306,(anonymous_1)
FN:314,(anonymous_2)
FN:317,(anonymous_3)
FN:325,(anonymous_4)
FN:332,(anonymous_5)
FN:338,(anonymous_6)
FN:341,(anonymous_7)
FN:349,(anonymous_8)
FN:358,(anonymous_9)
FN:361,(anonymous_10)
FN:374,(anonymous_11)
FN:381,(anonymous_12)
FN:390,(anonymous_13)
FN:395,(anonymous_14)
FN:399,(anonymous_15)
FN:412,(anonymous_16)
FN:420,(anonymous_17)
FN:432,(anonymous_18)
FN:438,(anonymous_19)
FN:441,(anonymous_20)
FN:444,(anonymous_21)
FN:447,(anonymous_22)
FN:452,(anonymous_23)
FN:457,(anonymous_24)
FN:460,(anonymous_25)
FN:463,(anonymous_26)
FN:466,(anonymous_27)
FN:470,(anonymous_28)
FN:485,(anonymous_29)
FN:490,(anonymous_30)
FN:495,(anonymous_31)
FN:501,(anonymous_32)
FN:504,(anonymous_33)
FN:507,(anonymous_34)
FN:519,(anonymous_35)
FN:538,(anonymous_36)
FN:542,(anonymous_37)
FN:553,(anonymous_38)
FN:558,(anonymous_39)
FN:563,(anonymous_40)
FN:568,(anonymous_41)
FN:580,(anonymous_42)
FN:588,(anonymous_43)
FN:592,(anonymous_44)
FN:596,(anonymous_45)
FN:602,(anonymous_46)
FN:606,(anonymous_47)
FN:610,(anonymous_48)
FN:615,(anonymous_49)
FN:618,(anonymous_50)
FN:651,(anonymous_51)
FN:659,(anonymous_52)
FN:662,(anonymous_53)
FN:666,(anonymous_54)
FN:668,(anonymous_55)
FN:674,(anonymous_56)
FN:678,(anonymous_57)
FN:681,(anonymous_58)
FN:682,(anonymous_59)
FNF:60
FNH:35
FNDA:3,(anonymous_0)
FNDA:0,(anonymous_1)
FNDA:2,(anonymous_2)
FNDA:0,(anonymous_3)
FNDA:0,(anonymous_4)
FNDA:18,(anonymous_5)
FNDA:12,(anonymous_6)
FNDA:23,(anonymous_7)
FNDA:15,(anonymous_8)
FNDA:4,(anonymous_9)
FNDA:0,(anonymous_10)
FNDA:0,(anonymous_11)
FNDA:0,(anonymous_12)
FNDA:0,(anonymous_13)
FNDA:0,(anonymous_14)
FNDA:0,(anonymous_15)
FNDA:0,(anonymous_16)
FNDA:0,(anonymous_17)
FNDA:2,(anonymous_18)
FNDA:1,(anonymous_19)
FNDA:0,(anonymous_20)
FNDA:0,(anonymous_21)
FNDA:0,(anonymous_22)
FNDA:0,(anonymous_23)
FNDA:0,(anonymous_24)
FNDA:2,(anonymous_25)
FNDA:2,(anonymous_26)
FNDA:4,(anonymous_27)
FNDA:4,(anonymous_28)
FNDA:2,(anonymous_29)
FNDA:2,(anonymous_30)
FNDA:0,(anonymous_31)
FNDA:8,(anonymous_32)
FNDA:20,(anonymous_33)
FNDA:6,(anonymous_34)
FNDA:8,(anonymous_35)
FNDA:0,(anonymous_36)
FNDA:0,(anonymous_37)
FNDA:0,(anonymous_38)
FNDA:4,(anonymous_39)
FNDA:2,(anonymous_40)
FNDA:2,(anonymous_41)
FNDA:1,(anonymous_42)
FNDA:1,(anonymous_43)
FNDA:1,(anonymous_44)
FNDA:1,(anonymous_45)
FNDA:3,(anonymous_46)
FNDA:1,(anonymous_47)
FNDA:12,(anonymous_48)
FNDA:0,(anonymous_49)
FNDA:1,(anonymous_50)
FNDA:1,(anonymous_51)
FNDA:0,(anonymous_52)
FNDA:1,(anonymous_53)
FNDA:1,(anonymous_54)
FNDA:1,(anonymous_55)
FNDA:1,(anonymous_56)
FNDA:0,(anonymous_57)
FNDA:0,(anonymous_58)
FNDA:0,(anonymous_59)
DA:115,1
DA:118,1
DA:125,1
DA:249,1
DA:257,1
DA:258,1
DA:259,1
DA:260,1
DA:261,1
DA:262,1
DA:264,1
DA:265,1
DA:269,1
DA:270,1
DA:271,1
DA:277,2
DA:278,2
DA:279,2
DA:280,2
DA:281,2
DA:284,2
DA:285,0
DA:286,0
DA:288,2
DA:289,2
DA:292,2
DA:293,2
DA:295,2
DA:304,3
DA:307,0
DA:308,0
DA:310,0
DA:311,0
DA:315,2
DA:319,0
DA:320,0
DA:321,0
DA:323,0
DA:326,0
DA:327,0
DA:328,0
DA:329,0
DA:333,18
DA:334,18
DA:335,18
DA:336,18
DA:339,12
DA:342,23
DA:347,23
DA:350,15
DA:356,15
DA:359,4
DA:362,0
DA:363,0
DA:364,0
DA:365,0
DA:366,0
DA:368,0
DA:369,0
DA:370,0
DA:372,0
DA:373,0
DA:374,0
DA:375,0
DA:376,0
DA:377,0
DA:382,0
DA:383,0
DA:384,0
DA:385,0
DA:387,0
DA:391,0
DA:392,0
DA:393,0
DA:396,0
DA:397,0
DA:401,0
DA:402,0
DA:404,0
DA:405,0
DA:406,0
DA:407,0
DA:409,0
DA:410,0
DA:413,0
DA:414,0
DA:415,0
DA:416,0
DA:421,0
DA:424,0
DA:427,0
DA:429,0
DA:433,2
DA:434,2
DA:435,2
DA:436,2
DA:439,1
DA:442,0
DA:445,0
DA:448,0
DA:449,0
DA:450,0
DA:453,0
DA:454,0
DA:455,0
DA:458,0
DA:461,2
DA:464,2
DA:467,4
DA:468,4
DA:472,4
DA:473,2
DA:474,2
DA:475,2
DA:478,2
DA:479,2
DA:480,2
DA:483,4
DA:486,2
DA:487,2
DA:488,2
DA:491,2
DA:492,2
DA:493,2
DA:496,0
DA:498,0
DA:499,0
DA:502,8
DA:505,20
DA:508,6
DA:510,0
DA:512,0
DA:514,0
DA:516,6
DA:520,8
DA:521,8
DA:522,8
DA:524,2
DA:525,2
DA:527,2
DA:528,2
DA:530,4
DA:531,4
DA:533,0
DA:536,8
DA:539,0
DA:540,0
DA:543,0
DA:547,0
DA:548,0
DA:550,0
DA:554,0
DA:555,0
DA:559,4
DA:560,4
DA:561,4
DA:564,2
DA:565,2
DA:566,2
DA:569,2
DA:570,2
DA:571,2
DA:575,1
DA:576,1
DA:577,1
DA:578,1
DA:581,1
DA:582,2
DA:583,8
DA:584,8
DA:589,1
DA:590,1
DA:593,1
DA:594,1
DA:597,1
DA:598,1
DA:599,1
DA:600,1
DA:603,3
DA:604,3
DA:607,1
DA:608,1
DA:611,12
DA:612,0
DA:616,0
DA:619,1
DA:627,2
DA:630,2
DA:631,2
DA:634,2
DA:637,2
DA:638,2
DA:639,2
DA:642,2
DA:643,2
DA:644,2
DA:647,2
DA:652,1
DA:653,0
DA:654,0
DA:657,1
DA:660,0
DA:663,1
DA:667,1
DA:668,1
DA:669,1
DA:671,1
DA:672,1
DA:675,1
DA:676,1
DA:677,1
DA:679,0
DA:682,0
DA:683,0
DA:684,0
DA:690,1
LF:216
LH:129
BRDA:260,0,0,1
BRDA:260,0,1,0
BRDA:280,1,0,2
BRDA:280,1,1,0
BRDA:284,2,0,0
BRDA:284,2,1,2
BRDA:284,3,0,2
BRDA:284,3,1,0
BRDA:307,4,0,0
BRDA:307,4,1,0
BRDA:310,5,0,0
BRDA:310,5,1,0
BRDA:310,6,0,0
BRDA:310,6,1,0
BRDA:311,7,0,0
BRDA:311,7,1,0
BRDA:315,8,0,0
BRDA:315,8,1,2
BRDA:319,9,0,0
BRDA:319,9,1,0
BRDA:327,10,0,0
BRDA:327,10,1,0
BRDA:363,11,0,0
BRDA:363,11,1,0
BRDA:365,12,0,0
BRDA:365,12,1,0
BRDA:369,13,0,0
BRDA:369,13,1,0
BRDA:376,14,0,0
BRDA:376,14,1,0
BRDA:383,15,0,0
BRDA:383,15,1,0
BRDA:383,16,0,0
BRDA:383,16,1,0
BRDA:404,17,0,0
BRDA:404,17,1,0
BRDA:415,18,0,0
BRDA:415,18,1,0
BRDA:415,19,0,0
BRDA:415,19,1,0
BRDA:421,20,0,0
BRDA:421,20,1,0
BRDA:421,20,2,0
BRDA:421,20,3,0
BRDA:421,20,4,0
BRDA:436,21,0,2
BRDA:436,21,1,2
BRDA:439,22,0,1
BRDA:439,22,1,0
BRDA:472,23,0,2
BRDA:472,23,1,2
BRDA:474,24,0,2
BRDA:474,24,1,0
BRDA:479,25,0,2
BRDA:479,25,1,0
BRDA:508,26,0,0
BRDA:508,26,1,0
BRDA:508,26,2,0
BRDA:508,26,3,6
BRDA:521,27,0,8
BRDA:521,27,1,0
BRDA:522,28,0,2
BRDA:522,28,1,2
BRDA:522,28,2,4
BRDA:522,28,3,0
BRDA:543,29,0,0
BRDA:543,29,1,0
BRDA:543,29,2,0
BRDA:543,29,3,0
BRDA:554,30,0,0
BRDA:554,30,1,0
BRDA:597,31,0,1
BRDA:597,31,1,0
BRDA:611,32,0,0
BRDA:611,32,1,12
BRDA:627,33,0,2
BRDA:627,33,1,0
BRDA:630,34,0,2
BRDA:630,34,1,2
BRDA:631,35,0,2
BRDA:631,35,1,2
BRDA:634,36,0,2
BRDA:634,36,1,0
BRDA:637,37,0,2
BRDA:637,37,1,1
BRDA:647,38,0,0
BRDA:647,38,1,2
BRDA:652,39,0,0
BRDA:652,39,1,1
BRDA:653,40,0,0
BRDA:653,40,1,0
BRF:91
BRH:29
end_of_record
TN:
SF:/Users/mulhollm/apps/electron/data-curator/src/renderer/partials/Contributors.vue
FN:84,(anonymous_0)
FN:87,(anonymous_1)
FN:93,(anonymous_2)
FN:99,(anonymous_3)
FN:102,(anonymous_4)
FN:106,(anonymous_5)
FN:109,(anonymous_6)
FN:118,(anonymous_7)
FN:131,(anonymous_8)
FNF:9
FNH:0
FNDA:0,(anonymous_0)
FNDA:0,(anonymous_1)
FNDA:0,(anonymous_2)
FNDA:0,(anonymous_3)
FNDA:0,(anonymous_4)
FNDA:0,(anonymous_5)
FNDA:0,(anonymous_6)
FNDA:0,(anonymous_7)
FNDA:0,(anonymous_8)
DA:40,1
DA:45,0
DA:55,0
DA:58,0
DA:61,0
DA:67,0
DA:68,0
DA:69,0
DA:70,0
DA:73,0
DA:76,0
DA:85,0
DA:88,0
DA:89,0
DA:90,0
DA:91,0
DA:94,0
DA:95,0
DA:96,0
DA:97,0
DA:100,0
DA:103,0
DA:104,0
DA:107,0
DA:110,0
DA:111,0
DA:113,0
DA:115,0
DA:116,0
DA:119,0
DA:121,0
DA:123,0
DA:125,0
DA:127,0
DA:132,0
LF:35
LH:1
BRDA:67,0,0,0
BRDA:67,0,1,0
BRDA:69,1,0,0
BRDA:69,1,1,0
BRDA:85,2,0,0
BRDA:85,2,1,0
BRDA:94,3,0,0
BRDA:94,3,1,0
BRDA:110,4,0,0
BRDA:110,4,1,0
BRDA:115,5,0,0
BRDA:115,5,1,0
BRDA:119,6,0,0
BRDA:119,6,1,0
BRDA:119,6,2,0
BRDA:119,6,3,0
BRF:16
BRH:0
end_of_record
TN:
SF:/Users/mulhollm/apps/electron/data-curator/src/renderer/partials/ExternalLink.vue
FN:10,(anonymous_0)
FNF:1
FNH:0
FNDA:0,(anonymous_0)
DA:11,0
LF:1
LH:0
BRF:0
BRH:0
end_of_record
TN:
SF:/Users/mulhollm/apps/electron/data-curator/src/renderer/partials/FindReplace.vue
FN:74,(anonymous_0)
FN:77,(anonymous_1)
FN:148,(anonymous_2)
FN:151,(anonymous_3)
FN:154,(anonymous_4)
FN:168,(anonymous_5)
FN:180,(anonymous_6)
FN:184,(anonymous_7)
FN:188,(anonymous_8)
FN:192,(anonymous_9)
FN:193,(anonymous_10)
FN:198,(anonymous_11)
FN:201,(anonymous_12)
FN:213,(anonymous_13)
FN:217,(anonymous_14)
FN:253,(anonymous_15)
FN:272,(anonymous_16)
FN:280,(anonymous_17)
FN:284,(anonymous_18)
FN:292,(anonymous_19)
FN:301,(anonymous_20)
FN:321,(anonymous_21)
FN:345,(anonymous_22)
FN:351,(anonymous_23)
FN:369,(anonymous_24)
FN:372,(anonymous_25)
FN:409,(anonymous_26)
FN:424,(anonymous_27)
FN:444,(anonymous_28)
FN:447,(anonymous_29)
FN:454,(anonymous_30)
FN:472,(anonymous_31)
FN:478,(anonymous_32)
FN:482,(anonymous_33)
FN:486,(anonymous_34)
FNF:35
FNH:6
FNDA:0,(anonymous_0)
FNDA:0,(anonymous_1)
FNDA:1,(anonymous_2)
FNDA:1,(anonymous_3)
FNDA:2,(anonymous_4)
FNDA:2,(anonymous_5)
FNDA:0,(anonymous_6)
FNDA:0,(anonymous_7)
FNDA:0,(anonymous_8)
FNDA:0,(anonymous_9)
FNDA:0,(anonymous_10)
FNDA:2,(anonymous_11)
FNDA:0,(anonymous_12)
FNDA:0,(anonymous_13)
FNDA:0,(anonymous_14)
FNDA:0,(anonymous_15)
FNDA:0,(anonymous_16)
FNDA:0,(anonymous_17)
FNDA:0,(anonymous_18)
FNDA:0,(anonymous_19)
FNDA:0,(anonymous_20)
FNDA:0,(anonymous_21)
FNDA:0,(anonymous_22)
FNDA:0,(anonymous_23)
FNDA:0,(anonymous_24)
FNDA:0,(anonymous_25)
FNDA:0,(anonymous_26)
FNDA:0,(anonymous_27)
FNDA:0,(anonymous_28)
FNDA:0,(anonymous_29)
FNDA:0,(anonymous_30)
FNDA:1,(anonymous_31)
FNDA:0,(anonymous_32)
FNDA:0,(anonymous_33)
FNDA:0,(anonymous_34)
DA:65,1
DA:66,1
DA:70,1
DA:71,1
DA:72,1
DA:74,1
DA:75,0
DA:77,1
DA:79,0
DA:80,0
DA:81,0
DA:82,0
DA:92,2
DA:149,1
DA:152,1
DA:156,2
DA:158,0
DA:159,0
DA:160,0
DA:161,0
DA:163,0
DA:164,0
DA:170,2
DA:171,0
DA:172,0
DA:173,0
DA:175,0
DA:176,0
DA:181,0
DA:182,0
DA:185,0
DA:186,0
DA:189,0
DA:190,0
DA:193,0
DA:194,0
DA:195,0
DA:199,2
DA:202,0
DA:203,0
DA:205,0
DA:207,0
DA:208,0
DA:209,0
DA:212,0
DA:213,0
DA:214,0
DA:219,0
DA:220,0
DA:222,0
DA:223,0
DA:224,0
DA:227,0
DA:228,0
DA:229,0
DA:231,0
DA:232,0
DA:235,0
DA:238,0
DA:239,0
DA:240,0
DA:241,0
DA:242,0
DA:244,0
DA:245,0
DA:246,0
DA:251,0
DA:254,0
DA:255,0
DA:257,0
DA:258,0
DA:259,0
DA:260,0
DA:261,0
DA:262,0
DA:263,0
DA:264,0
DA:265,0
DA:266,0
DA:269,0
DA:270,0
DA:273,0
DA:275,0
DA:276,0
DA:277,0
DA:278,0
DA:281,0
DA:282,0
DA:285,0
DA:286,0
DA:288,0
DA:290,0
DA:293,0
DA:294,0
DA:296,0
DA:297,0
DA:299,0
DA:302,0
DA:304,0
DA:305,0
DA:307,0
DA:309,0
DA:310,0
DA:311,0
DA:312,0
DA:313,0
DA:314,0
DA:315,0
DA:316,0
DA:317,0
DA:318,0
DA:320,0
DA:321,0
DA:322,0
DA:324,0
DA:326,0
DA:328,0
DA:329,0
DA:330,0
DA:332,0
DA:334,0
DA:335,0
DA:336,0
DA:338,0
DA:339,0
DA:340,0
DA:341,0
DA:342,0
DA:343,0
DA:347,0
DA:348,0
DA:349,0
DA:352,0
DA:353,0
DA:354,0
DA:355,0
DA:370,0
DA:372,0
DA:373,0
DA:375,0
DA:410,0
DA:412,0
DA:413,0
DA:414,0
DA:418,0
DA:419,0
DA:422,0
DA:426,0
DA:427,0
DA:429,0
DA:431,0
DA:432,0
DA:434,0
DA:435,0
DA:436,0
DA:437,0
DA:442,0
DA:445,0
DA:449,0
DA:450,0
DA:451,0
DA:456,0
DA:457,0
DA:459,0
DA:460,0
DA:461,0
DA:462,0
DA:464,0
DA:465,0
DA:466,0
DA:469,0
DA:473,1
DA:474,1
DA:475,1
DA:476,1
DA:477,1
DA:478,1
DA:479,0
DA:480,0
DA:482,1
DA:483,0
DA:484,0
DA:486,1
DA:487,0
DA:488,0
DA:489,0
LF:186
LH:21
BRDA:79,0,0,0
BRDA:79,0,1,0
BRDA:79,1,0,0
BRDA:79,1,1,0
BRDA:81,2,0,0
BRDA:81,2,1,0
BRDA:149,3,0,0
BRDA:149,3,1,1
BRDA:152,4,0,0
BRDA:152,4,1,1
BRDA:152,5,0,1
BRDA:152,5,1,0
BRDA:156,6,0,0
BRDA:156,6,1,2
BRDA:159,7,0,0
BRDA:159,7,1,0
BRDA:159,8,0,0
BRDA:159,8,1,0
BRDA:170,9,0,0
BRDA:170,9,1,2
BRDA:171,10,0,0
BRDA:171,10,1,0
BRDA:199,11,0,1
BRDA:199,11,1,1
BRDA:202,12,0,0
BRDA:202,12,1,0
BRDA:219,13,0,0
BRDA:219,13,1,0
BRDA:222,14,0,0
BRDA:222,14,1,0
BRDA:223,15,0,0
BRDA:223,15,1,0
BRDA:232,16,0,0
BRDA:232,16,1,0
BRDA:239,17,0,0
BRDA:239,17,1,0
BRDA:254,18,0,0
BRDA:254,18,1,0
BRDA:281,19,0,0
BRDA:281,19,1,0
BRDA:285,20,0,0
BRDA:285,20,1,0
BRDA:293,21,0,0
BRDA:293,21,1,0
BRDA:304,22,0,0
BRDA:304,22,1,0
BRDA:314,23,0,0
BRDA:314,23,1,0
BRDA:314,24,0,0
BRDA:314,24,1,0
BRDA:314,24,2,0
BRDA:329,25,0,0
BRDA:329,25,1,0
BRDA:413,26,0,0
BRDA:413,26,1,0
BRDA:427,27,0,0
BRDA:427,27,1,0
BRDA:431,28,0,0
BRDA:431,28,1,0
BRDA:434,29,0,0
BRDA:434,29,1,0
BRDA:436,30,0,0
BRDA:436,30,1,0
BRDA:450,31,0,0
BRDA:450,31,1,0
BRDA:450,32,0,0
BRDA:450,32,1,0
BRDA:456,33,0,0
BRDA:456,33,1,0
BRF:69
BRH:7
end_of_record
TN:
SF:/Users/mulhollm/apps/electron/data-curator/src/renderer/partials/ForeignKeys.vue
FN:130,(anonymous_0)
FN:138,(anonymous_1)
FN:147,(anonymous_2)
FN:155,(anonymous_3)
FN:166,(anonymous_4)
FN:183,(anonymous_5)
FN:188,(anonymous_6)
FN:197,(anonymous_7)
FN:201,(anonymous_8)
FN:206,(anonymous_9)
FN:212,(anonymous_10)
FN:216,(anonymous_11)
FN:223,(anonymous_12)
FN:226,(anonymous_13)
FN:229,(anonymous_14)
FN:232,(anonymous_15)
FN:235,(anonymous_16)
FN:238,(anonymous_17)
FN:241,(anonymous_18)
FN:248,(anonymous_19)
FN:262,(anonymous_20)
FN:273,(anonymous_21)
FN:278,(anonymous_22)
FN:285,(anonymous_23)
FN:287,(anonymous_24)
FN:292,(anonymous_25)
FN:293,(anonymous_26)
FN:299,(anonymous_27)
FN:305,(anonymous_28)
FN:310,(anonymous_29)
FN:314,(anonymous_30)
FN:323,(anonymous_31)
FN:327,(anonymous_32)
FN:334,(anonymous_33)
FN:336,(anonymous_34)
FN:341,(anonymous_35)
FN:343,(anonymous_36)
FN:348,(anonymous_37)
FN:351,(anonymous_38)
FN:360,(anonymous_39)
FN:362,(anonymous_40)
FN:371,(anonymous_41)
FN:374,(anonymous_42)
FN:388,(anonymous_43)
FN:392,(anonymous_44)
FN:399,(anonymous_45)
FN:412,(anonymous_46)
FN:435,(anonymous_47)
FN:437,(anonymous_48)
FN:440,(anonymous_49)
FN:454,(anonymous_50)
FN:459,(anonymous_51)
FNF:52
FNH:0
FNDA:0,(anonymous_0)
FNDA:0,(anonymous_1)
FNDA:0,(anonymous_2)
FNDA:0,(anonymous_3)
FNDA:0,(anonymous_4)
FNDA:0,(anonymous_5)
FNDA:0,(anonymous_6)
FNDA:0,(anonymous_7)
FNDA:0,(anonymous_8)
FNDA:0,(anonymous_9)
FNDA:0,(anonymous_10)
FNDA:0,(anonymous_11)
FNDA:0,(anonymous_12)
FNDA:0,(anonymous_13)
FNDA:0,(anonymous_14)
FNDA:0,(anonymous_15)
FNDA:0,(anonymous_16)
FNDA:0,(anonymous_17)
FNDA:0,(anonymous_18)
FNDA:0,(anonymous_19)
FNDA:0,(anonymous_20)
FNDA:0,(anonymous_21)
FNDA:0,(anonymous_22)
FNDA:0,(anonymous_23)
FNDA:0,(anonymous_24)
FNDA:0,(anonymous_25)
FNDA:0,(anonymous_26)
FNDA:0,(anonymous_27)
FNDA:0,(anonymous_28)
FNDA:0,(anonymous_29)
FNDA:0,(anonymous_30)
FNDA:0,(anonymous_31)
FNDA:0,(anonymous_32)
FNDA:0,(anonymous_33)
FNDA:0,(anonymous_34)
FNDA:0,(anonymous_35)
FNDA:0,(anonymous_36)
FNDA:0,(anonymous_37)
FNDA:0,(anonymous_38)
FNDA:0,(anonymous_39)
FNDA:0,(anonymous_40)
FNDA:0,(anonymous_41)
FNDA:0,(anonymous_42)
FNDA:0,(anonymous_43)
FNDA:0,(anonymous_44)
FNDA:0,(anonymous_45)
FNDA:0,(anonymous_46)
FNDA:0,(anonymous_47)
FNDA:0,(anonymous_48)
FNDA:0,(anonymous_49)
FNDA:0,(anonymous_50)
FNDA:0,(anonymous_51)
DA:64,1
DA:78,0
DA:79,0
DA:80,0
DA:81,0
DA:82,0
DA:83,0
DA:86,0
DA:87,0
DA:88,0
DA:93,0
DA:94,0
DA:97,0
DA:98,0
DA:103,0
DA:120,0
DA:131,0
DA:132,0
DA:133,0
DA:134,0
DA:136,0
DA:139,0
DA:140,0
DA:142,0
DA:143,0
DA:145,0
DA:148,0
DA:149,0
DA:150,0
DA:151,0
DA:152,0
DA:153,0
DA:156,0
DA:157,0
DA:159,0
DA:160,0
DA:161,0
DA:162,0
DA:163,0
DA:167,0
DA:168,0
DA:169,0
DA:171,0
DA:172,0
DA:173,0
DA:174,0
DA:177,0
DA:178,0
DA:181,0
DA:184,0
DA:185,0
DA:186,0
DA:188,0
DA:189,0
DA:190,0
DA:192,0
DA:193,0
DA:194,0
DA:198,0
DA:199,0
DA:202,0
DA:203,0
DA:207,0
DA:208,0
DA:209,0
DA:210,0
DA:213,0
DA:214,0
DA:217,0
DA:218,0
DA:219,0
DA:220,0
DA:224,0
DA:227,0
DA:230,0
DA:233,0
DA:236,0
DA:239,0
DA:242,0
DA:243,0
DA:244,0
DA:245,0
DA:246,0
DA:249,0
DA:250,0
DA:257,0
DA:258,0
DA:259,0
DA:260,0
DA:263,0
DA:264,0
DA:265,0
DA:266,0
DA:267,0
DA:268,0
DA:270,0
DA:274,0
DA:275,0
DA:276,0
DA:277,0
DA:278,0
DA:279,0
DA:280,0
DA:281,0
DA:283,0
DA:286,0
DA:287,0
DA:288,0
DA:290,0
DA:293,0
DA:294,0
DA:296,0
DA:297,0
DA:300,0
DA:301,0
DA:302,0
DA:303,0
DA:306,0
DA:307,0
DA:308,0
DA:309,0
DA:310,0
DA:311,0
DA:315,0
DA:316,0
DA:317,0
DA:318,0
DA:319,0
DA:320,0
DA:321,0
DA:323,0
DA:324,0
DA:328,0
DA:329,0
DA:330,0
DA:331,0
DA:332,0
DA:335,0
DA:336,0
DA:337,0
DA:338,0
DA:342,0
DA:343,0
DA:344,0
DA:345,0
DA:349,0
DA:350,0
DA:351,0
DA:352,0
DA:353,0
DA:354,0
DA:356,0
DA:357,0
DA:361,0
DA:362,0
DA:363,0
DA:365,0
DA:366,0
DA:367,0
DA:372,0
DA:376,0
DA:377,0
DA:378,0
DA:379,0
DA:380,0
DA:382,0
DA:384,0
DA:385,0
DA:389,0
DA:390,0
DA:393,0
DA:394,0
DA:395,0
DA:397,0
DA:400,0
DA:401,0
DA:402,0
DA:403,0
DA:404,0
DA:405,0
DA:413,0
DA:414,0
DA:415,0
DA:416,0
DA:417,0
DA:419,0
DA:420,0
DA:422,0
DA:423,0
DA:425,0
DA:426,0
DA:431,0
DA:436,0
DA:437,0
DA:438,0
DA:440,0
DA:441,0
DA:442,0
DA:443,0
DA:444,0
DA:445,0
DA:447,0
DA:448,0
DA:450,0
DA:455,0
DA:456,0
DA:457,0
DA:459,0
DA:460,0
LF:209
LH:1
BRDA:133,0,0,0
BRDA:133,0,1,0
BRDA:134,1,0,0
BRDA:134,1,1,0
BRDA:134,1,2,0
BRDA:139,2,0,0
BRDA:139,2,1,0
BRDA:142,3,0,0
BRDA:142,3,1,0
BRDA:156,4,0,0
BRDA:156,4,1,0
BRDA:160,5,0,0
BRDA:160,5,1,0
BRDA:161,6,0,0
BRDA:161,6,1,0
BRDA:162,7,0,0
BRDA:162,7,1,0
BRDA:168,8,0,0
BRDA:168,8,1,0
BRDA:169,9,0,0
BRDA:169,9,1,0
BRDA:171,10,0,0
BRDA:171,10,1,0
BRDA:173,11,0,0
BRDA:173,11,1,0
BRDA:177,12,0,0
BRDA:177,12,1,0
BRDA:193,13,0,0
BRDA:193,13,1,0
BRDA:202,14,0,0
BRDA:202,14,1,0
BRDA:219,15,0,0
BRDA:219,15,1,0
BRDA:301,16,0,0
BRDA:301,16,1,0
BRDA:302,17,0,0
BRDA:302,17,1,0
BRDA:307,18,0,0
BRDA:307,18,1,0
BRDA:308,19,0,0
BRDA:308,19,1,0
BRDA:316,20,0,0
BRDA:316,20,1,0
BRDA:317,21,0,0
BRDA:317,21,1,0
BRDA:318,22,0,0
BRDA:318,22,1,0
BRDA:319,23,0,0
BRDA:319,23,1,0
BRDA:329,24,0,0
BRDA:329,24,1,0
BRDA:330,25,0,0
BRDA:330,25,1,0
BRDA:331,26,0,0
BRDA:331,26,1,0
BRDA:353,27,0,0
BRDA:353,27,1,0
BRDA:365,28,0,0
BRDA:365,28,1,0
BRDA:378,29,0,0
BRDA:378,29,1,0
BRDA:395,30,0,0
BRDA:395,30,1,0
BRDA:417,31,0,0
BRDA:417,31,1,0
BRDA:419,32,0,0
BRDA:419,32,1,0
BRDA:422,33,0,0
BRDA:422,33,1,0
BRDA:425,34,0,0
BRDA:425,34,1,0
BRDA:442,35,0,0
BRDA:442,35,1,0
BRDA:442,36,0,0
BRDA:442,36,1,0
BRDA:447,37,0,0
BRDA:447,37,1,0
BRF:77
BRH:0
end_of_record
TN:
SF:/Users/mulhollm/apps/electron/data-curator/src/renderer/partials/Licenses.vue
FN:80,(anonymous_0)
FN:84,(anonymous_1)
FN:92,(anonymous_2)
FN:96,(anonymous_3)
FN:98,(anonymous_4)
FN:103,(anonymous_5)
FN:109,(anonymous_6)
FN:111,(anonymous_7)
FN:117,(anonymous_8)
FNF:9
FNH:0
FNDA:0,(anonymous_0)
FNDA:0,(anonymous_1)
FNDA:0,(anonymous_2)
FNDA:0,(anonymous_3)
FNDA:0,(anonymous_4)
FNDA:0,(anonymous_5)
FNDA:0,(anonymous_6)
FNDA:0,(anonymous_7)
FNDA:0,(anonymous_8)
DA:25,0
DA:82,0
DA:85,0
DA:93,0
DA:94,0
DA:97,0
DA:98,0
DA:99,0
DA:101,0
DA:104,0
DA:105,0
DA:106,0
DA:107,0
DA:110,0
DA:111,0
DA:113,0
DA:119,0
LF:17
LH:0
BRDA:98,0,0,0
BRDA:98,0,1,0
BRDA:110,1,0,0
BRDA:110,1,1,0
BRDA:110,2,0,0
BRDA:110,2,1,0
BRF:6
BRH:0
end_of_record
TN:
SF:/Users/mulhollm/apps/electron/data-curator/src/renderer/partials/PackageProperties.vue
FN:102,(anonymous_0)
FN:111,(anonymous_1)
FN:118,(anonymous_2)
FN:121,(anonymous_3)
FN:127,(anonymous_4)
FN:133,(anonymous_5)
FNF:6
FNH:2
FNDA:1,(anonymous_0)
FNDA:0,(anonymous_1)
FNDA:0,(anonymous_2)
FNDA:0,(anonymous_3)
FNDA:0,(anonymous_4)
FNDA:1,(anonymous_5)
DA:42,1
DA:103,1
DA:106,0
DA:107,0
DA:109,0
DA:112,0
DA:113,0
DA:114,0
DA:115,0
DA:119,0
DA:122,0
DA:128,0
DA:129,0
DA:130,0
DA:134,1
LF:15
LH:3
BRDA:106,0,0,0
BRDA:106,0,1,0
BRDA:112,1,0,0
BRDA:112,1,1,0
BRF:4
BRH:0
end_of_record
TN:
SF:/Users/mulhollm/apps/electron/data-curator/src/renderer/partials/Preferences.vue
FN:52,(anonymous_0)
FN:55,(anonymous_1)
FN:58,(anonymous_2)
FN:63,(anonymous_3)
FN:71,(anonymous_4)
FN:72,(anonymous_5)
FN:76,(anonymous_6)
FN:82,(anonymous_7)
FNF:8
FNH:0
FNDA:0,(anonymous_0)
FNDA:0,(anonymous_1)
FNDA:0,(anonymous_2)
FNDA:0,(anonymous_3)
FNDA:0,(anonymous_4)
FNDA:0,(anonymous_5)
FNDA:0,(anonymous_6)
FNDA:0,(anonymous_7)
DA:36,0
DA:53,0
DA:56,0
DA:59,0
DA:60,0
DA:61,0
DA:64,0
DA:65,0
DA:66,0
DA:68,0
DA:72,0
DA:73,0
DA:77,0
DA:78,0
DA:79,0
LF:15
LH:0
BRDA:64,0,0,0
BRDA:64,0,1,0
BRF:2
BRH:0
end_of_record
TN:
SF:/Users/mulhollm/apps/electron/data-curator/src/renderer/partials/PrimaryKeys.vue
FN:28,(anonymous_0)
FN:37,(anonymous_1)
FNF:2
FNH:0
FNDA:0,(anonymous_0)
FNDA:0,(anonymous_1)
DA:16,0
DA:24,0
DA:29,0
DA:30,0
DA:31,0
DA:32,0
DA:33,0
DA:34,0
DA:38,0
LF:9
LH:0
BRDA:33,0,0,0
BRDA:33,0,1,0
BRF:2
BRH:0
end_of_record
TN:
SF:/Users/mulhollm/apps/electron/data-curator/src/renderer/partials/ProvenanceProperties.vue
FN:72,(anonymous_0)
FN:75,(anonymous_1)
FN:79,(anonymous_2)
FN:83,(anonymous_3)
FN:86,(anonymous_4)
FN:90,(anonymous_5)
FN:100,(anonymous_6)
FN:111,(anonymous_7)
FN:115,(anonymous_8)
FN:118,(anonymous_9)
FNF:10
FNH:1
FNDA:0,(anonymous_0)
FNDA:0,(anonymous_1)
FNDA:0,(anonymous_2)
FNDA:0,(anonymous_3)
FNDA:0,(anonymous_4)
FNDA:0,(anonymous_5)
FNDA:0,(anonymous_6)
FNDA:0,(anonymous_7)
FNDA:1,(anonymous_8)
FNDA:0,(anonymous_9)
DA:58,0
DA:59,0
DA:62,1
DA:65,1
DA:73,0
DA:76,0
DA:77,0
DA:80,0
DA:81,0
DA:84,0
DA:87,0
DA:88,0
DA:89,0
DA:90,0
DA:91,0
DA:94,0
DA:96,0
DA:101,0
DA:102,0
DA:103,0
DA:105,0
DA:106,0
DA:112,0
DA:116,1
DA:117,1
DA:118,0
DA:119,0
DA:123,1
LF:28
LH:5
BRDA:62,0,0,0
BRDA:62,0,1,1
BRDA:65,1,0,0
BRDA:65,1,1,1
BRDA:89,2,0,0
BRDA:89,2,1,0
BRDA:102,3,0,0
BRDA:102,3,1,0
BRDA:105,4,0,0
BRDA:105,4,1,0
BRF:10
BRH:2
end_of_record
TN:
SF:/Users/mulhollm/apps/electron/data-curator/src/renderer/partials/RowLink.vue
FN:22,(anonymous_0)
FN:25,(anonymous_1)
FNF:2
FNH:0
FNDA:0,(anonymous_0)
FNDA:0,(anonymous_1)
DA:18,0
DA:23,0
DA:26,0
LF:3
LH:0
BRF:0
BRH:0
end_of_record
TN:
SF:/Users/mulhollm/apps/electron/data-curator/src/renderer/partials/SideNav.vue
FN:35,(anonymous_0)
FN:39,(anonymous_1)
FN:45,(anonymous_2)
FN:64,(anonymous_3)
FN:71,(anonymous_4)
FN:80,(anonymous_5)
FN:90,(anonymous_6)
FN:96,(anonymous_7)
FN:100,(anonymous_8)
FN:103,(anonymous_9)
FN:104,(anonymous_10)
FN:106,(anonymous_11)
FN:114,(anonymous_12)
FNF:13
FNH:9
FNDA:2,(anonymous_0)
FNDA:0,(anonymous_1)
FNDA:4,(anonymous_2)
FNDA:1,(anonymous_3)
FNDA:0,(anonymous_4)
FNDA:1,(anonymous_5)
FNDA:5,(anonymous_6)
FNDA:0,(anonymous_7)
FNDA:5,(anonymous_8)
FNDA:5,(anonymous_9)
FNDA:5,(anonymous_10)
FNDA:28,(anonymous_11)
FNDA:0,(anonymous_12)
DA:26,5
DA:36,2
DA:37,2
DA:40,0
DA:47,4
DA:48,4
DA:49,4
DA:51,0
DA:53,0
DA:55,0
DA:56,0
DA:61,4
DA:62,4
DA:65,1
DA:66,1
DA:72,0
DA:73,0
DA:81,1
DA:82,1
DA:83,1
DA:85,0
DA:86,0
DA:91,5
DA:92,5
DA:93,5
DA:97,0
DA:101,5
DA:104,5
DA:106,5
DA:107,28
DA:108,0
DA:115,0
LF:32
LH:20
BRDA:48,0,0,4
BRDA:48,0,1,0
BRDA:55,1,0,0
BRDA:55,1,1,0
BRDA:85,2,0,0
BRDA:85,2,1,0
BRDA:107,3,0,0
BRDA:107,3,1,28
BRF:8
BRH:2
end_of_record
TN:
SF:/Users/mulhollm/apps/electron/data-curator/src/renderer/partials/Sources.vue
FN:70,(anonymous_0)
FN:76,(anonymous_1)
FN:82,(anonymous_2)
FN:85,(anonymous_3)
FN:91,(anonymous_4)
FN:94,(anonymous_5)
FN:102,(anonymous_6)
FN:116,(anonymous_7)
FN:120,(anonymous_8)
FN:125,(anonymous_9)
FN:136,(anonymous_10)
FN:141,(anonymous_11)
FNF:12
FNH:0
FNDA:0,(anonymous_0)
FNDA:0,(anonymous_1)
FNDA:0,(anonymous_2)
FNDA:0,(anonymous_3)
FNDA:0,(anonymous_4)
FNDA:0,(anonymous_5)
FNDA:0,(anonymous_6)
FNDA:0,(anonymous_7)
FNDA:0,(anonymous_8)
FNDA:0,(anonymous_9)
FNDA:0,(anonymous_10)
FNDA:0,(anonymous_11)
DA:35,1
DA:40,0
DA:50,0
DA:56,0
DA:58,0
DA:59,0
DA:62,0
DA:71,0
DA:72,0
DA:73,0
DA:74,0
DA:77,0
DA:78,0
DA:79,0
DA:80,0
DA:83,0
DA:86,0
DA:87,0
DA:88,0
DA:92,0
DA:95,0
DA:96,0
DA:97,0
DA:98,0
DA:99,0
DA:103,0
DA:104,0
DA:105,0
DA:106,0
DA:107,0
DA:108,0
DA:109,0
DA:110,0
DA:113,0
DA:118,0
DA:121,0
DA:126,0
DA:128,0
DA:130,0
DA:132,0
DA:137,0
DA:138,0
DA:142,0
LF:43
LH:1
BRDA:77,0,0,0
BRDA:77,0,1,0
BRDA:96,1,0,0
BRDA:96,1,1,0
BRDA:98,2,0,0
BRDA:98,2,1,0
BRDA:109,3,0,0
BRDA:109,3,1,0
BRDA:109,4,0,0
BRDA:109,4,1,0
BRDA:126,5,0,0
BRDA:126,5,1,0
BRDA:126,5,2,0
BRF:13
BRH:0
end_of_record
TN:
SF:/Users/mulhollm/apps/electron/data-curator/src/renderer/partials/TableHeaderKeys.vue
FN:23,(anonymous_0)
FNF:1
FNH:0
FNDA:0,(anonymous_0)
DA:21,0
DA:24,0
LF:2
LH:0
BRF:0
BRH:0
end_of_record
TN:
SF:/Users/mulhollm/apps/electron/data-curator/src/renderer/partials/TableKeys.vue
FNF:0
FNH:0
DA:20,0
DA:25,0
LF:2
LH:0
BRDA:20,0,0,0
BRDA:20,0,1,0
BRF:2
BRH:0
end_of_record
TN:
SF:/Users/mulhollm/apps/electron/data-curator/src/renderer/partials/TableProperties.vue
FN:118,(anonymous_0)
FN:125,(anonymous_1)
FN:130,(anonymous_2)
FN:142,(anonymous_3)
FN:147,(anonymous_4)
FN:153,(anonymous_5)
FN:164,(anonymous_6)
FN:167,(anonymous_7)
FN:170,(anonymous_8)
FN:173,(anonymous_9)
FN:178,(anonymous_10)
FN:180,(anonymous_11)
FN:181,(anonymous_12)
FN:181,(anonymous_13)
FN:182,(anonymous_14)
FNF:15
FNH:6
FNDA:1,(anonymous_0)
FNDA:0,(anonymous_1)
FNDA:0,(anonymous_2)
FNDA:1,(anonymous_3)
FNDA:1,(anonymous_4)
FNDA:1,(anonymous_5)
FNDA:1,(anonymous_6)
FNDA:0,(anonymous_7)
FNDA:0,(anonymous_8)
FNDA:0,(anonymous_9)
FNDA:1,(anonymous_10)
FNDA:0,(anonymous_11)
FNDA:0,(anonymous_12)
FNDA:0,(anonymous_13)
FNDA:0,(anonymous_14)
DA:40,1
DA:52,1
DA:107,1
DA:108,0
DA:119,1
DA:120,1
DA:122,0
DA:123,0
DA:126,0
DA:127,0
DA:128,0
DA:132,0
DA:133,0
DA:134,0
DA:135,0
DA:143,1
DA:144,1
DA:145,0
DA:148,1
DA:150,0
DA:151,0
DA:154,1
DA:155,1
DA:156,0
DA:160,0
DA:161,0
DA:165,1
DA:168,0
DA:171,0
DA:174,0
DA:175,0
DA:179,1
DA:180,0
DA:181,0
DA:182,0
DA:183,0
DA:185,0
DA:186,0
DA:191,1
LF:39
LH:13
BRDA:133,0,0,0
BRDA:133,0,1,0
BRDA:155,1,0,0
BRDA:155,1,1,1
BRDA:156,2,0,0
BRDA:156,2,1,0
BRDA:183,3,0,0
BRDA:183,3,1,0
BRF:8
BRH:1
end_of_record
TN:
SF:/Users/mulhollm/apps/electron/data-curator/src/renderer/provenance.js
FN:11,compileAndStringifyProvenance
FN:15,(anonymous_1)
FN:22,compileHotErrors
FN:27,stringifyProvenance
FN:29,(anonymous_4)
FN:35,getTabTitleFromHotId
FN:40,compileErrors
FN:45,errorsListToString
FN:47,(anonymous_8)
FNF:9
FNH:0
FNDA:0,compileAndStringifyProvenance
FNDA:0,(anonymous_1)
FNDA:0,compileHotErrors
FNDA:0,stringifyProvenance
FNDA:0,(anonymous_4)
FNDA:0,getTabTitleFromHotId
FNDA:0,compileErrors
FNDA:0,errorsListToString
FNDA:0,(anonymous_8)
DA:5,1
DA:6,1
DA:12,0
DA:13,0
DA:14,0
DA:15,0
DA:16,0
DA:17,0
DA:19,0
DA:23,0
DA:24,0
DA:28,0
DA:29,0
DA:30,0
DA:32,0
DA:36,0
DA:37,0
DA:41,0
DA:42,0
DA:46,0
DA:47,0
DA:48,0
LF:22
LH:2
BRF:0
BRH:0
end_of_record
TN:
SF:/Users/mulhollm/apps/electron/data-curator/src/renderer/ragged-rows.js
FN:2,fixRaggedRows
FN:4,(anonymous_1)
FN:9,getMaxRowLength
FN:10,(anonymous_3)
FNF:4
FNH:4
FNDA:1,fixRaggedRows
FNDA:1,(anonymous_1)
FNDA:1,getMaxRowLength
FNDA:1,(anonymous_3)
DA:3,1
DA:4,1
DA:5,1
DA:10,1
LF:4
LH:4
BRF:0
BRH:0
end_of_record
TN:
SF:/Users/mulhollm/apps/electron/data-curator/src/renderer/router/index.js
FNF:0
FNH:0
DA:4,1
LF:1
LH:1
BRF:0
BRH:0
end_of_record
TN:
SF:/Users/mulhollm/apps/electron/data-curator/src/renderer/rxSubject.js
FN:21,onNextHotIdFromTabRx
FN:26,onNextTabRx
FN:27,(anonymous_2)
FN:32,onNextSubjectFromPromise
FN:33,(anonymous_4)
FNF:5
FNH:2
FNDA:8,onNextHotIdFromTabRx
FNDA:8,onNextTabRx
FNDA:0,(anonymous_2)
FNDA:0,onNextSubjectFromPromise
FNDA:0,(anonymous_4)
DA:8,1
DA:9,1
DA:10,1
DA:11,1
DA:12,1
DA:13,1
DA:14,1
DA:15,1
DA:16,1
DA:17,1
DA:18,1
DA:19,1
DA:22,8
DA:23,8
DA:27,8
DA:28,0
DA:33,0
DA:34,0
LF:18
LH:15
BRF:0
BRH:0
end_of_record
TN:
SF:/Users/mulhollm/apps/electron/data-curator/src/renderer/store/index.js
FNF:0
FNH:0
DA:6,1
LF:1
LH:1
BRF:0
BRH:0
end_of_record
TN:
SF:/Users/mulhollm/apps/electron/data-curator/src/renderer/store/modules/hots.js
FN:10,getHotColumnPropertiesFromPropertyObject
FN:24,getHotIdFromTabIdFunction
FN:29,(anonymous_2)
FN:29,(anonymous_3)
FN:32,(anonymous_4)
FN:35,(anonymous_5)
FN:35,(anonymous_6)
FN:43,(anonymous_7)
FN:43,(anonymous_8)
FN:46,(anonymous_9)
FN:46,(anonymous_10)
FN:49,(anonymous_11)
FN:49,(anonymous_12)
FN:52,(anonymous_13)
FN:52,(anonymous_14)
FN:56,(anonymous_15)
FN:56,(anonymous_16)
FN:60,(anonymous_17)
FN:67,(anonymous_18)
FN:67,(anonymous_19)
FN:74,(anonymous_20)
FN:74,(anonymous_21)
FN:77,(anonymous_22)
FN:77,(anonymous_23)
FN:80,(anonymous_24)
FN:80,(anonymous_25)
FN:87,(anonymous_26)
FN:93,(anonymous_27)
FN:93,(anonymous_28)
FN:94,(anonymous_29)
FN:98,(anonymous_30)
FN:106,(anonymous_31)
FN:106,(anonymous_32)
FN:110,(anonymous_33)
FN:113,(anonymous_34)
FN:113,(anonymous_35)
FN:117,(anonymous_36)
FN:117,(anonymous_37)
FN:121,(anonymous_38)
FN:121,(anonymous_39)
FN:124,(anonymous_40)
FN:127,(anonymous_41)
FN:127,(anonymous_42)
FN:136,(anonymous_43)
FN:136,(anonymous_44)
FNF:45
FNH:2
FNDA:0,getHotColumnPropertiesFromPropertyObject
FNDA:8,getHotIdFromTabIdFunction
FNDA:0,(anonymous_2)
FNDA:0,(anonymous_3)
FNDA:0,(anonymous_4)
FNDA:0,(anonymous_5)
FNDA:0,(anonymous_6)
FNDA:0,(anonymous_7)
FNDA:0,(anonymous_8)
FNDA:0,(anonymous_9)
FNDA:0,(anonymous_10)
FNDA:0,(anonymous_11)
FNDA:0,(anonymous_12)
FNDA:0,(anonymous_13)
FNDA:0,(anonymous_14)
FNDA:0,(anonymous_15)
FNDA:0,(anonymous_16)
FNDA:0,(anonymous_17)
FNDA:0,(anonymous_18)
FNDA:0,(anonymous_19)
FNDA:0,(anonymous_20)
FNDA:0,(anonymous_21)
FNDA:0,(anonymous_22)
FNDA:0,(anonymous_23)
FNDA:0,(anonymous_24)
FNDA:0,(anonymous_25)
FNDA:0,(anonymous_26)
FNDA:8,(anonymous_27)
FNDA:0,(anonymous_28)
FNDA:0,(anonymous_29)
FNDA:0,(anonymous_30)
FNDA:0,(anonymous_31)
FNDA:0,(anonymous_32)
FNDA:0,(anonymous_33)
FNDA:0,(anonymous_34)
FNDA:0,(anonymous_35)
FNDA:0,(anonymous_36)
FNDA:0,(anonymous_37)
FNDA:0,(anonymous_38)
FNDA:0,(anonymous_39)
FNDA:0,(anonymous_40)
FNDA:0,(anonymous_41)
FNDA:0,(anonymous_42)
FNDA:0,(anonymous_43)
FNDA:0,(anonymous_44)
DA:3,1
DA:11,0
DA:12,0
DA:13,0
DA:14,0
DA:16,0
DA:17,0
DA:18,0
DA:19,0
DA:21,0
DA:25,8
DA:28,1
DA:29,0
DA:30,0
DA:33,0
DA:35,0
DA:36,0
DA:37,0
DA:38,0
DA:40,0
DA:43,0
DA:44,0
DA:46,0
DA:47,0
DA:49,0
DA:50,0
DA:52,0
DA:53,0
DA:56,0
DA:57,0
DA:58,0
DA:59,0
DA:60,0
DA:61,0
DA:63,0
DA:65,0
DA:67,0
DA:68,0
DA:69,0
DA:70,0
DA:72,0
DA:74,0
DA:75,0
DA:77,0
DA:78,0
DA:80,0
DA:81,0
DA:82,0
DA:83,0
DA:84,0
DA:87,0
DA:88,0
DA:89,0
DA:91,0
DA:93,8
DA:94,0
DA:95,0
DA:96,0
DA:98,0
DA:99,0
DA:102,0
DA:106,0
DA:107,0
DA:108,0
DA:111,0
DA:113,0
DA:114,0
DA:115,0
DA:117,0
DA:118,0
DA:119,0
DA:121,0
DA:122,0
DA:125,0
DA:127,0
DA:128,0
DA:129,0
DA:130,0
DA:131,0
DA:133,0
DA:136,0
DA:137,0
DA:138,0
DA:139,0
DA:140,0
DA:141,0
DA:143,0
DA:147,1
DA:149,0
DA:152,0
DA:155,0
DA:159,0
DA:163,0
DA:164,0
DA:165,0
DA:169,0
DA:172,0
DA:173,0
DA:174,0
DA:176,0
DA:177,0
DA:181,0
DA:182,0
DA:185,0
DA:186,0
DA:192,0
DA:196,0
DA:200,0
DA:201,0
DA:202,0
DA:205,9
DA:208,0
DA:209,0
DA:210,0
DA:211,0
DA:219,0
DA:220,0
DA:223,0
DA:224,0
DA:225,0
DA:226,0
DA:235,0
DA:236,0
DA:237,0
DA:239,0
DA:242,0
DA:243,0
DA:244,0
DA:245,0
DA:246,0
DA:247,0
DA:256,0
DA:257,0
DA:261,0
DA:262,0
DA:263,0
DA:264,0
DA:265,0
DA:266,0
DA:274,0
DA:276,0
DA:280,0
DA:281,0
DA:282,0
DA:283,0
DA:291,0
DA:292,0
DA:295,0
DA:296,0
DA:297,0
DA:298,0
DA:299,0
DA:300,0
DA:308,0
DA:310,0
DA:314,0
DA:315,0
DA:316,0
DA:317,0
DA:325,0
DA:326,0
DA:329,0
DA:332,0
DA:333,0
DA:334,0
DA:336,0
DA:337,0
DA:338,0
DA:339,0
DA:340,0
DA:342,0
DA:343,0
DA:344,0
DA:347,0
DA:348,0
DA:352,0
DA:353,0
DA:354,0
DA:358,0
DA:359,0
DA:363,0
DA:366,0
DA:367,0
DA:370,0
DA:371,0
DA:373,0
DA:377,0
DA:380,0
DA:381,0
DA:382,0
DA:386,0
DA:387,0
DA:388,0
DA:390,0
DA:393,0
DA:396,0
DA:397,0
DA:398,0
DA:400,0
DA:404,0
DA:405,0
DA:406,0
DA:408,0
DA:412,0
LF:204
LH:6
BRDA:12,0,0,0
BRDA:12,0,1,0
BRDA:17,1,0,0
BRDA:17,1,1,0
BRDA:37,2,0,0
BRDA:37,2,1,0
BRDA:50,3,0,0
BRDA:50,3,1,0
BRDA:53,4,0,0
BRDA:53,4,1,0
BRDA:59,5,0,0
BRDA:59,5,1,0
BRDA:70,6,0,0
BRDA:70,6,1,0
BRDA:83,7,0,0
BRDA:83,7,1,0
BRDA:96,8,0,0
BRDA:96,8,1,0
BRDA:118,9,0,0
BRDA:118,9,1,0
BRDA:130,10,0,0
BRDA:130,10,1,0
BRDA:139,11,0,0
BRDA:139,11,1,0
BRDA:140,12,0,0
BRDA:140,12,1,0
BRDA:173,13,0,0
BRDA:173,13,1,0
BRDA:176,14,0,0
BRDA:176,14,1,0
BRDA:208,15,0,0
BRDA:208,15,1,0
BRDA:209,16,0,0
BRDA:209,16,1,0
BRDA:210,17,0,0
BRDA:210,17,1,0
BRDA:223,18,0,0
BRDA:223,18,1,0
BRDA:224,19,0,0
BRDA:224,19,1,0
BRDA:225,20,0,0
BRDA:225,20,1,0
BRDA:243,21,0,0
BRDA:243,21,1,0
BRDA:244,22,0,0
BRDA:244,22,1,0
BRDA:245,23,0,0
BRDA:245,23,1,0
BRDA:246,24,0,0
BRDA:246,24,1,0
BRDA:262,25,0,0
BRDA:262,25,1,0
BRDA:263,26,0,0
BRDA:263,26,1,0
BRDA:264,27,0,0
BRDA:264,27,1,0
BRDA:265,28,0,0
BRDA:265,28,1,0
BRDA:280,29,0,0
BRDA:280,29,1,0
BRDA:281,30,0,0
BRDA:281,30,1,0
BRDA:282,31,0,0
BRDA:282,31,1,0
BRDA:296,32,0,0
BRDA:296,32,1,0
BRDA:297,33,0,0
BRDA:297,33,1,0
BRDA:298,34,0,0
BRDA:298,34,1,0
BRDA:299,35,0,0
BRDA:299,35,1,0
BRDA:314,36,0,0
BRDA:314,36,1,0
BRDA:315,37,0,0
BRDA:315,37,1,0
BRDA:316,38,0,0
BRDA:316,38,1,0
BRDA:347,39,0,0
BRDA:347,39,1,0
BRDA:347,40,0,0
BRDA:347,40,1,0
BRDA:353,41,0,0
BRDA:353,41,1,0
BRDA:353,42,0,0
BRDA:353,42,1,0
BRDA:358,43,0,0
BRDA:358,43,1,0
BRDA:358,44,0,0
BRDA:358,44,1,0
BRDA:370,45,0,0
BRDA:370,45,1,0
BRDA:381,46,0,0
BRDA:381,46,1,0
BRDA:381,47,0,0
BRDA:381,47,1,0
BRDA:387,48,0,0
BRDA:387,48,1,0
BRDA:397,49,0,0
BRDA:397,49,1,0
BRDA:405,50,0,0
BRDA:405,50,1,0
BRF:102
BRH:0
end_of_record
TN:
SF:/Users/mulhollm/apps/electron/data-curator/src/renderer/store/modules/index.js
FN:9,(anonymous_0)
FNF:1
FNH:1
FNDA:3,(anonymous_0)
DA:6,1
DA:7,1
DA:9,1
DA:10,3
DA:11,2
LF:5
LH:5
BRDA:10,0,0,1
BRDA:10,0,1,2
BRF:2
BRH:2
end_of_record
TN:
SF:/Users/mulhollm/apps/electron/data-curator/src/renderer/store/modules/tabs.js
FN:5,pushAllTabTitlesSubscription
FN:18,(anonymous_1)
FN:21,(anonymous_2)
FN:24,(anonymous_3)
FN:27,(anonymous_4)
FN:30,(anonymous_5)
FN:30,(anonymous_6)
FN:34,(anonymous_7)
FN:34,(anonymous_8)
FN:38,(anonymous_9)
FN:40,(anonymous_10)
FN:45,(anonymous_11)
FN:47,(anonymous_12)
FN:52,(anonymous_13)
FN:52,(anonymous_14)
FN:53,(anonymous_15)
FNF:16
FNH:1
FNDA:0,pushAllTabTitlesSubscription
FNDA:0,(anonymous_1)
FNDA:0,(anonymous_2)
FNDA:0,(anonymous_3)
FNDA:0,(anonymous_4)
FNDA:0,(anonymous_5)
FNDA:0,(anonymous_6)
FNDA:0,(anonymous_7)
FNDA:0,(anonymous_8)
FNDA:1,(anonymous_9)
FNDA:0,(anonymous_10)
FNDA:0,(anonymous_11)
FNDA:0,(anonymous_12)
FNDA:0,(anonymous_13)
FNDA:0,(anonymous_14)
FNDA:0,(anonymous_15)
DA:6,0
DA:9,1
DA:17,1
DA:19,0
DA:22,0
DA:25,0
DA:28,0
DA:30,0
DA:31,0
DA:32,0
DA:34,0
DA:35,0
DA:39,1
DA:40,1
DA:41,0
DA:43,1
DA:46,0
DA:47,0
DA:48,0
DA:50,0
DA:52,0
DA:53,0
DA:57,1
DA:59,0
DA:63,0
DA:64,0
DA:66,0
DA:68,0
DA:69,0
DA:72,0
DA:73,0
DA:74,0
DA:75,0
DA:77,0
DA:78,0
DA:79,0
DA:80,0
DA:84,0
DA:85,0
DA:86,0
DA:87,0
DA:91,0
DA:92,0
DA:93,0
DA:97,0
DA:99,0
DA:100,0
DA:101,0
DA:102,0
DA:103,0
DA:106,0
DA:107,0
DA:110,0
DA:113,0
DA:114,0
DA:115,0
LF:56
LH:6
BRDA:31,0,0,0
BRDA:31,0,1,0
BRDA:41,1,0,0
BRDA:41,1,1,0
BRDA:63,2,0,0
BRDA:63,2,1,0
BRDA:72,3,0,0
BRDA:72,3,1,0
BRDA:92,4,0,0
BRDA:92,4,1,0
BRF:10
BRH:0
end_of_record
TN:
SF:/Users/mulhollm/apps/electron/data-curator/src/renderer/store/tabStoreUtilities.js
FN:4,setActiveGlobal
FN:9,resetGlobalFilenames
FN:14,extractNameFromFile
FNF:3
FNH:0
FNDA:0,setActiveGlobal
FNDA:0,resetGlobalFilenames
FNDA:0,extractNameFromFile
DA:5,0
DA:6,0
DA:10,0
DA:11,0
DA:15,0
DA:16,0
DA:17,0
LF:7
LH:0
BRF:0
BRH:0
end_of_record
