TN:
SF:C:\Users\mulhollm\Documents\GitHubDesktop\data-curator\src\renderer\App.vue
FNF:0
FNH:0
LF:0
LH:0
BRF:0
BRH:0
end_of_record
TN:
SF:C:\Users\mulhollm\Documents\GitHubDesktop\data-curator\src\renderer\components\Errors.vue
FN:89,(anonymous_0)
FN:92,(anonymous_1)
FN:96,(anonymous_2)
FN:102,(anonymous_3)
FN:107,(anonymous_4)
FN:111,(anonymous_5)
FN:113,(anonymous_6)
FN:122,(anonymous_7)
FNF:8
FNH:0
FNDA:0,(anonymous_0)
FNDA:0,(anonymous_1)
FNDA:0,(anonymous_2)
FNDA:0,(anonymous_3)
FNDA:0,(anonymous_4)
FNDA:0,(anonymous_5)
FNDA:0,(anonymous_6)
FNDA:0,(anonymous_7)
DA:45,1
DA:53,0
DA:82,0
DA:90,0
DA:93,0
DA:94,0
DA:97,0
DA:98,0
DA:103,0
DA:104,0
DA:105,0
DA:108,0
DA:112,0
DA:113,0
DA:114,0
DA:115,0
DA:117,0
DA:123,0
DA:124,0
DA:125,0
DA:126,0
LF:21
LH:1
BRDA:114,0,0,0
BRDA:114,0,1,0
BRDA:124,1,0,0
BRDA:124,1,1,0
BRF:4
BRH:0
end_of_record
TN:
SF:C:\Users\mulhollm\Documents\GitHubDesktop\data-curator\src\renderer\components\Home.vue
FN:387,(anonymous_0)
FN:391,(anonymous_1)
FN:395,(anonymous_2)
FN:399,(anonymous_3)
FN:407,(anonymous_4)
FN:408,(anonymous_5)
FN:416,(anonymous_6)
FN:424,(anonymous_7)
FN:425,(anonymous_8)
FN:432,(anonymous_9)
FN:436,(anonymous_10)
FN:440,(anonymous_11)
FN:445,(anonymous_12)
FN:450,(anonymous_13)
FN:453,(anonymous_14)
FN:456,(anonymous_15)
FN:463,(anonymous_16)
FN:472,(anonymous_17)
FN:480,(anonymous_18)
FN:485,(anonymous_19)
FN:490,(anonymous_20)
FN:500,(anonymous_21)
FN:504,(anonymous_22)
FN:510,(anonymous_23)
FN:516,(anonymous_24)
FN:524,(anonymous_25)
FN:534,(anonymous_26)
FN:545,(anonymous_27)
FN:552,(anonymous_28)
FN:557,(anonymous_29)
FN:563,(anonymous_30)
FN:568,(anonymous_31)
FN:573,(anonymous_32)
FN:577,(anonymous_33)
FN:587,(anonymous_34)
FN:591,(anonymous_35)
FN:593,(anonymous_36)
FN:597,(anonymous_37)
FN:600,(anonymous_38)
FN:607,(anonymous_39)
FN:611,(anonymous_40)
FN:616,(anonymous_41)
FN:620,(anonymous_42)
FN:627,(anonymous_43)
FN:630,(anonymous_44)
FN:633,(anonymous_45)
FN:636,(anonymous_46)
FN:644,(anonymous_47)
FN:655,(anonymous_48)
FN:665,(anonymous_49)
FN:670,(anonymous_50)
FN:676,(anonymous_51)
FN:691,(anonymous_52)
FN:703,(anonymous_53)
FN:711,(anonymous_54)
FN:712,(anonymous_55)
FN:716,(anonymous_56)
FN:724,(anonymous_57)
FN:737,(anonymous_58)
FN:745,(anonymous_59)
FN:749,(anonymous_60)
FN:753,(anonymous_61)
FN:762,(anonymous_62)
FN:766,(anonymous_63)
FN:780,(anonymous_64)
FN:798,(anonymous_65)
FN:799,(anonymous_66)
FN:801,(anonymous_67)
FN:802,(anonymous_68)
FN:804,(anonymous_69)
FN:811,(anonymous_70)
FN:828,(anonymous_71)
FN:836,(anonymous_72)
FN:841,(anonymous_73)
FN:846,(anonymous_74)
FN:849,(anonymous_75)
FN:863,(anonymous_76)
FN:864,(anonymous_77)
FN:869,(anonymous_78)
FN:872,(anonymous_79)
FN:881,(anonymous_80)
FN:885,(anonymous_81)
FN:890,(anonymous_82)
FN:895,(anonymous_83)
FN:902,(anonymous_84)
FN:912,(anonymous_85)
FN:925,(anonymous_86)
FN:938,(anonymous_87)
FN:945,(anonymous_88)
FN:948,(anonymous_89)
FN:951,(anonymous_90)
FN:956,(anonymous_91)
FN:959,(anonymous_92)
FN:965,(anonymous_93)
FN:968,(anonymous_94)
FN:977,(anonymous_95)
FN:990,(anonymous_96)
FN:997,(anonymous_97)
FN:1001,(anonymous_98)
FN:1016,(anonymous_99)
FN:1028,(anonymous_100)
FN:1031,(anonymous_101)
FN:1034,(anonymous_102)
FN:1046,(anonymous_103)
FN:1051,(anonymous_104)
FN:1054,(anonymous_105)
FN:1059,(anonymous_106)
FN:1063,(anonymous_107)
FN:1067,(anonymous_108)
FN:1071,(anonymous_109)
FN:1075,(anonymous_110)
FN:1079,(anonymous_111)
FN:1082,(anonymous_112)
FN:1085,(anonymous_113)
FN:1088,(anonymous_114)
FN:1092,(anonymous_115)
FN:1096,(anonymous_116)
FN:1103,(anonymous_117)
FN:1107,(anonymous_118)
FN:1112,(anonymous_119)
FN:1117,(anonymous_120)
FN:1119,(anonymous_121)
FN:1129,(anonymous_122)
FN:1134,(anonymous_123)
FN:1137,(anonymous_124)
FN:1141,(anonymous_125)
FN:1145,(anonymous_126)
FN:1146,(anonymous_127)
FN:1156,(anonymous_128)
FN:1159,(anonymous_129)
FN:1163,(anonymous_130)
FN:1167,(anonymous_131)
FN:1173,(anonymous_132)
FNF:133
FNH:45
FNDA:5,(anonymous_0)
FNDA:5,(anonymous_1)
FNDA:5,(anonymous_2)
FNDA:5,(anonymous_3)
FNDA:4,(anonymous_4)
FNDA:4,(anonymous_5)
FNDA:0,(anonymous_6)
FNDA:0,(anonymous_7)
FNDA:0,(anonymous_8)
FNDA:0,(anonymous_9)
FNDA:0,(anonymous_10)
FNDA:0,(anonymous_11)
FNDA:0,(anonymous_12)
FNDA:0,(anonymous_13)
FNDA:0,(anonymous_14)
FNDA:0,(anonymous_15)
FNDA:0,(anonymous_16)
FNDA:0,(anonymous_17)
FNDA:0,(anonymous_18)
FNDA:0,(anonymous_19)
FNDA:0,(anonymous_20)
FNDA:0,(anonymous_21)
FNDA:0,(anonymous_22)
FNDA:0,(anonymous_23)
FNDA:0,(anonymous_24)
FNDA:1,(anonymous_25)
FNDA:0,(anonymous_26)
FNDA:1,(anonymous_27)
FNDA:0,(anonymous_28)
FNDA:0,(anonymous_29)
FNDA:0,(anonymous_30)
FNDA:1,(anonymous_31)
FNDA:1,(anonymous_32)
FNDA:2,(anonymous_33)
FNDA:1,(anonymous_34)
FNDA:0,(anonymous_35)
FNDA:0,(anonymous_36)
FNDA:1,(anonymous_37)
FNDA:1,(anonymous_38)
FNDA:0,(anonymous_39)
FNDA:1,(anonymous_40)
FNDA:1,(anonymous_41)
FNDA:0,(anonymous_42)
FNDA:1,(anonymous_43)
FNDA:0,(anonymous_44)
FNDA:1,(anonymous_45)
FNDA:1,(anonymous_46)
FNDA:1,(anonymous_47)
FNDA:1,(anonymous_48)
FNDA:1,(anonymous_49)
FNDA:1,(anonymous_50)
FNDA:1,(anonymous_51)
FNDA:1,(anonymous_52)
FNDA:1,(anonymous_53)
FNDA:8,(anonymous_54)
FNDA:8,(anonymous_55)
FNDA:0,(anonymous_56)
FNDA:0,(anonymous_57)
FNDA:1,(anonymous_58)
FNDA:5,(anonymous_59)
FNDA:5,(anonymous_60)
FNDA:0,(anonymous_61)
FNDA:8,(anonymous_62)
FNDA:5,(anonymous_63)
FNDA:5,(anonymous_64)
FNDA:0,(anonymous_65)
FNDA:0,(anonymous_66)
FNDA:0,(anonymous_67)
FNDA:0,(anonymous_68)
FNDA:0,(anonymous_69)
FNDA:3,(anonymous_70)
FNDA:8,(anonymous_71)
FNDA:0,(anonymous_72)
FNDA:0,(anonymous_73)
FNDA:1,(anonymous_74)
FNDA:0,(anonymous_75)
FNDA:0,(anonymous_76)
FNDA:0,(anonymous_77)
FNDA:0,(anonymous_78)
FNDA:5,(anonymous_79)
FNDA:0,(anonymous_80)
FNDA:0,(anonymous_81)
FNDA:0,(anonymous_82)
FNDA:0,(anonymous_83)
FNDA:0,(anonymous_84)
FNDA:0,(anonymous_85)
FNDA:0,(anonymous_86)
FNDA:0,(anonymous_87)
FNDA:0,(anonymous_88)
FNDA:0,(anonymous_89)
FNDA:0,(anonymous_90)
FNDA:0,(anonymous_91)
FNDA:54,(anonymous_92)
FNDA:0,(anonymous_93)
FNDA:0,(anonymous_94)
FNDA:0,(anonymous_95)
FNDA:8,(anonymous_96)
FNDA:0,(anonymous_97)
FNDA:0,(anonymous_98)
FNDA:0,(anonymous_99)
FNDA:5,(anonymous_100)
FNDA:0,(anonymous_101)
FNDA:0,(anonymous_102)
FNDA:8,(anonymous_103)
FNDA:0,(anonymous_104)
FNDA:0,(anonymous_105)
FNDA:0,(anonymous_106)
FNDA:0,(anonymous_107)
FNDA:0,(anonymous_108)
FNDA:0,(anonymous_109)
FNDA:0,(anonymous_110)
FNDA:0,(anonymous_111)
FNDA:0,(anonymous_112)
FNDA:0,(anonymous_113)
FNDA:0,(anonymous_114)
FNDA:0,(anonymous_115)
FNDA:0,(anonymous_116)
FNDA:0,(anonymous_117)
FNDA:0,(anonymous_118)
FNDA:8,(anonymous_119)
FNDA:0,(anonymous_120)
FNDA:0,(anonymous_121)
FNDA:0,(anonymous_122)
FNDA:0,(anonymous_123)
FNDA:0,(anonymous_124)
FNDA:0,(anonymous_125)
FNDA:8,(anonymous_126)
FNDA:0,(anonymous_127)
FNDA:8,(anonymous_128)
FNDA:0,(anonymous_129)
FNDA:0,(anonymous_130)
FNDA:0,(anonymous_131)
FNDA:0,(anonymous_132)
DA:200,1
DA:201,1
DA:210,13
DA:215,13
DA:216,13
DA:217,5
DA:221,13
DA:222,13
DA:227,9
DA:343,13
DA:346,14
DA:349,0
DA:352,8
DA:355,13
DA:358,0
DA:361,0
DA:388,5
DA:389,5
DA:392,5
DA:393,5
DA:396,5
DA:397,5
DA:401,5
DA:402,5
DA:403,5
DA:404,5
DA:406,5
DA:407,5
DA:408,4
DA:409,4
DA:410,4
DA:412,4
DA:418,0
DA:419,0
DA:420,0
DA:421,0
DA:423,0
DA:424,0
DA:425,0
DA:426,0
DA:427,0
DA:428,0
DA:433,0
DA:434,0
DA:437,0
DA:438,0
DA:441,0
DA:442,0
DA:443,0
DA:446,0
DA:447,0
DA:448,0
DA:451,0
DA:454,0
DA:457,0
DA:459,0
DA:460,0
DA:464,0
DA:466,0
DA:467,0
DA:468,0
DA:474,0
DA:475,0
DA:476,0
DA:478,0
DA:481,0
DA:482,0
DA:483,0
DA:486,0
DA:487,0
DA:488,0
DA:492,0
DA:493,0
DA:494,0
DA:495,0
DA:496,0
DA:501,0
DA:502,0
DA:505,0
DA:506,0
DA:507,0
DA:508,0
DA:511,0
DA:512,0
DA:513,0
DA:517,0
DA:518,0
DA:519,0
DA:521,0
DA:522,0
DA:525,1
DA:526,1
DA:527,0
DA:528,0
DA:530,1
DA:535,0
DA:536,0
DA:537,0
DA:538,0
DA:540,0
DA:541,0
DA:542,0
DA:546,1
DA:547,1
DA:549,1
DA:553,0
DA:554,0
DA:555,0
DA:558,0
DA:559,0
DA:560,0
DA:561,0
DA:564,0
DA:565,0
DA:566,0
DA:569,1
DA:570,1
DA:571,1
DA:574,1
DA:575,1
DA:576,1
DA:577,1
DA:578,2
DA:581,0
DA:584,0
DA:588,1
DA:589,1
DA:592,0
DA:593,0
DA:594,0
DA:598,1
DA:601,1
DA:602,1
DA:603,1
DA:605,1
DA:608,0
DA:609,0
DA:612,1
DA:614,1
DA:617,1
DA:620,1
DA:621,0
DA:622,0
DA:623,0
DA:628,1
DA:631,0
DA:634,1
DA:635,1
DA:636,1
DA:637,1
DA:638,1
DA:639,1
DA:640,1
DA:641,1
DA:645,1
DA:646,1
DA:647,1
DA:652,1
DA:653,1
DA:656,1
DA:663,1
DA:666,1
DA:667,1
DA:668,1
DA:671,1
DA:672,1
DA:673,1
DA:674,1
DA:676,1
DA:678,1
DA:679,1
DA:680,1
DA:682,0
DA:685,1
DA:689,1
DA:692,1
DA:693,1
DA:694,1
DA:695,0
DA:696,0
DA:699,1
DA:700,1
DA:701,1
DA:705,1
DA:706,0
DA:707,0
DA:708,0
DA:712,8
DA:713,8
DA:718,0
DA:719,0
DA:720,0
DA:721,0
DA:726,0
DA:727,0
DA:728,0
DA:729,0
DA:731,0
DA:732,0
DA:733,0
DA:734,0
DA:735,0
DA:738,1
DA:739,1
DA:740,1
DA:741,0
DA:743,1
DA:746,5
DA:748,5
DA:749,5
DA:750,5
DA:754,0
DA:755,0
DA:756,0
DA:757,0
DA:763,8
DA:764,8
DA:767,5
DA:768,5
DA:769,5
DA:770,5
DA:771,5
DA:772,4
DA:774,1
DA:776,5
DA:777,5
DA:782,5
DA:783,5
DA:785,5
DA:786,5
DA:787,0
DA:788,0
DA:789,0
DA:790,0
DA:792,0
DA:793,0
DA:795,5
DA:796,5
DA:799,0
DA:802,0
DA:805,0
DA:806,0
DA:808,0
DA:812,3
DA:814,3
DA:816,1
DA:817,1
DA:819,1
DA:820,1
DA:822,1
DA:823,1
DA:825,0
DA:829,8
DA:830,5
DA:832,3
DA:834,8
DA:837,0
DA:838,0
DA:839,0
DA:842,0
DA:843,0
DA:844,0
DA:847,1
DA:850,0
DA:851,0
DA:852,0
DA:854,0
DA:856,0
DA:857,0
DA:858,0
DA:859,0
DA:860,0
DA:864,0
DA:865,0
DA:867,0
DA:870,0
DA:873,5
DA:874,5
DA:875,5
DA:876,5
DA:877,5
DA:878,0
DA:882,0
DA:883,0
DA:886,0
DA:887,0
DA:888,0
DA:891,0
DA:892,0
DA:896,0
DA:897,0
DA:898,0
DA:900,0
DA:903,0
DA:904,0
DA:905,0
DA:906,0
DA:907,0
DA:909,0
DA:913,0
DA:916,0
DA:917,0
DA:918,0
DA:920,0
DA:921,0
DA:923,0
DA:928,0
DA:929,0
DA:930,0
DA:932,0
DA:933,0
DA:935,0
DA:939,0
DA:940,0
DA:941,0
DA:943,0
DA:946,0
DA:949,0
DA:952,0
DA:953,0
DA:954,0
DA:957,0
DA:960,54
DA:961,0
DA:963,54
DA:966,0
DA:969,0
DA:970,0
DA:971,0
DA:973,0
DA:975,0
DA:977,0
DA:978,0
DA:982,0
DA:985,0
DA:991,8
DA:992,8
DA:993,8
DA:994,8
DA:998,0
DA:999,0
DA:1002,0
DA:1003,0
DA:1017,0
DA:1018,0
DA:1019,0
DA:1021,0
DA:1023,0
DA:1025,0
DA:1026,0
DA:1029,5
DA:1032,0
DA:1035,0
DA:1036,0
DA:1037,0
DA:1038,0
DA:1039,0
DA:1041,0
DA:1042,0
DA:1047,8
DA:1051,8
DA:1052,0
DA:1054,0
DA:1055,0
DA:1059,8
DA:1060,0
DA:1063,8
DA:1064,0
DA:1067,8
DA:1068,0
DA:1071,8
DA:1072,0
DA:1075,8
DA:1076,0
DA:1079,8
DA:1080,0
DA:1082,8
DA:1083,0
DA:1085,8
DA:1086,0
DA:1088,8
DA:1089,0
DA:1092,8
DA:1093,0
DA:1096,8
DA:1097,0
DA:1103,8
DA:1104,0
DA:1107,8
DA:1108,0
DA:1109,0
DA:1110,0
DA:1112,8
DA:1113,8
DA:1115,8
DA:1118,0
DA:1119,0
DA:1120,0
DA:1122,0
DA:1125,1
DA:1126,1
DA:1129,8
DA:1130,0
DA:1134,8
DA:1135,0
DA:1137,8
DA:1138,0
DA:1141,8
DA:1142,0
DA:1146,8
DA:1147,0
DA:1148,0
DA:1149,0
DA:1151,0
DA:1152,0
DA:1154,8
DA:1157,8
DA:1159,8
DA:1160,0
DA:1163,8
DA:1164,0
DA:1167,8
DA:1168,0
DA:1170,8
DA:1171,8
DA:1174,0
DA:1175,0
LF:427
LH:174
BRDA:210,0,0,13
BRDA:210,0,1,1
BRDA:216,1,0,5
BRDA:216,1,1,8
BRDA:217,2,0,5
BRDA:217,2,1,1
BRDA:343,3,0,8
BRDA:343,3,1,5
BRDA:352,4,0,0
BRDA:352,4,1,8
BRDA:401,5,0,5
BRDA:401,5,1,0
BRDA:401,6,0,5
BRDA:401,6,1,5
BRDA:418,7,0,0
BRDA:418,7,1,0
BRDA:418,8,0,0
BRDA:418,8,1,0
BRDA:459,9,0,0
BRDA:459,9,1,0
BRDA:466,10,0,0
BRDA:466,10,1,0
BRDA:467,11,0,0
BRDA:467,11,1,0
BRDA:467,12,0,0
BRDA:467,12,1,0
BRDA:475,13,0,0
BRDA:475,13,1,0
BRDA:512,14,0,0
BRDA:512,14,1,0
BRDA:535,15,0,0
BRDA:535,15,1,0
BRDA:559,16,0,0
BRDA:559,16,1,0
BRDA:560,17,0,0
BRDA:560,17,1,0
BRDA:576,18,0,1
BRDA:576,18,1,0
BRDA:591,19,0,0
BRDA:597,20,0,1
BRDA:602,21,0,1
BRDA:602,21,1,0
BRDA:621,22,0,0
BRDA:621,22,1,0
BRDA:633,23,0,1
BRDA:633,24,0,1
BRDA:695,25,0,0
BRDA:695,25,1,0
BRDA:705,26,0,0
BRDA:705,26,1,1
BRDA:718,27,0,0
BRDA:718,27,1,0
BRDA:726,28,0,0
BRDA:726,28,1,0
BRDA:740,29,0,0
BRDA:740,29,1,1
BRDA:754,30,0,0
BRDA:754,30,1,0
BRDA:756,31,0,0
BRDA:756,31,1,0
BRDA:764,32,0,8
BRDA:764,32,1,5
BRDA:768,33,0,5
BRDA:768,33,1,0
BRDA:771,34,0,4
BRDA:771,34,1,1
BRDA:782,35,0,5
BRDA:782,35,1,0
BRDA:785,36,0,5
BRDA:785,36,1,0
BRDA:787,37,0,0
BRDA:787,37,1,0
BRDA:787,38,0,0
BRDA:787,38,1,0
BRDA:787,38,2,0
BRDA:789,39,0,0
BRDA:789,39,1,0
BRDA:789,40,0,0
BRDA:789,40,1,0
BRDA:789,40,2,0
BRDA:802,41,0,0
BRDA:802,41,1,0
BRDA:805,42,0,0
BRDA:805,42,1,0
BRDA:814,43,0,1
BRDA:814,43,1,1
BRDA:814,43,2,1
BRDA:814,43,3,0
BRDA:829,44,0,5
BRDA:829,44,1,3
BRDA:851,45,0,0
BRDA:851,45,1,0
BRDA:857,46,0,0
BRDA:857,46,1,0
BRDA:859,47,0,0
BRDA:859,47,1,0
BRDA:877,48,0,0
BRDA:877,48,1,5
BRDA:891,49,0,0
BRDA:891,49,1,0
BRDA:916,50,0,0
BRDA:916,50,1,0
BRDA:928,51,0,0
BRDA:928,51,1,0
BRDA:940,52,0,0
BRDA:940,52,1,0
BRDA:940,53,0,0
BRDA:940,53,1,0
BRDA:960,54,0,0
BRDA:960,54,1,54
BRDA:960,55,0,54
BRDA:960,55,1,0
BRDA:970,56,0,0
BRDA:970,56,1,0
BRDA:971,57,0,0
BRDA:971,57,1,0
BRDA:971,58,0,0
BRDA:971,58,1,0
BRDA:993,59,0,8
BRDA:993,59,1,0
BRDA:1038,60,0,0
BRDA:1038,60,1,0
BRDA:1041,61,0,0
BRDA:1041,61,1,0
BRDA:1099,62,0,0
BRDA:1099,62,1,0
BRDA:1148,63,0,0
BRDA:1148,63,1,0
BRDA:1163,64,0,0
BRDA:1174,65,0,0
BRDA:1174,65,1,0
BRDA:1174,66,0,0
BRDA:1174,66,1,0
BRF:133
BRH:35
end_of_record
TN:
SF:C:\Users\mulhollm\Documents\GitHubDesktop\data-curator\src\renderer\components\KeyboardHelp.vue
FNF:0
FNH:0
LF:0
LH:0
BRF:0
BRH:0
end_of_record
TN:
SF:C:\Users\mulhollm\Documents\GitHubDesktop\data-curator\src\renderer\components\SelectWorksheet.vue
FN:30,(anonymous_0)
FN:33,(anonymous_1)
FN:36,(anonymous_2)
FN:40,(anonymous_3)
FN:43,(anonymous_4)
FN:44,(anonymous_5)
FNF:6
FNH:0
FNDA:0,(anonymous_0)
FNDA:0,(anonymous_1)
FNDA:0,(anonymous_2)
FNDA:0,(anonymous_3)
FNDA:0,(anonymous_4)
FNDA:0,(anonymous_5)
DA:18,1
DA:23,0
DA:31,0
DA:34,0
DA:37,0
DA:41,0
DA:42,0
DA:43,0
DA:44,0
DA:45,0
DA:46,0
LF:11
LH:1
BRF:0
BRH:0
end_of_record
TN:
SF:C:\Users\mulhollm\Documents\GitHubDesktop\data-curator\src\renderer\components\UrlDialog.vue
FN:28,(anonymous_0)
FN:31,(anonymous_1)
FN:34,(anonymous_2)
FN:37,(anonymous_3)
FN:43,(anonymous_4)
FN:45,(anonymous_5)
FNF:6
FNH:0
FNDA:0,(anonymous_0)
FNDA:0,(anonymous_1)
FNDA:0,(anonymous_2)
FNDA:0,(anonymous_3)
FNDA:0,(anonymous_4)
FNDA:0,(anonymous_5)
DA:22,0
DA:29,0
DA:32,0
DA:35,0
DA:38,0
DA:39,0
DA:44,0
DA:45,0
DA:46,0
LF:9
LH:0
BRDA:38,0,0,0
BRDA:38,0,1,0
BRF:2
BRH:0
end_of_record
TN:
SF:C:\Users\mulhollm\Documents\GitHubDesktop\data-curator\src\renderer\data-actions.js
FN:13,loadDataIntoHot
FN:21,loadCsvDataIntoHot
FN:42,loadArrayDataIntoHot
FN:52,saveDataToFile
FN:63,(anonymous_4)
FN:87,dialectToCsvOptions
FN:90,(anonymous_6)
FNF:7
FNH:4
FNDA:1,loadDataIntoHot
FNDA:1,loadCsvDataIntoHot
FNDA:0,loadArrayDataIntoHot
FNDA:0,saveDataToFile
FNDA:0,(anonymous_4)
FNDA:1,dialectToCsvOptions
FNDA:5,(anonymous_6)
DA:7,1
DA:8,1
DA:11,1
DA:14,1
DA:15,0
DA:17,1
DA:25,1
DA:26,0
DA:28,1
DA:30,1
DA:32,1
DA:33,1
DA:35,1
DA:36,1
DA:37,1
DA:39,1
DA:43,0
DA:45,0
DA:46,0
DA:47,0
DA:49,0
DA:53,0
DA:54,0
DA:55,0
DA:57,0
DA:59,0
DA:60,0
DA:62,0
DA:63,0
DA:64,0
DA:65,0
DA:66,0
DA:73,0
DA:76,0
DA:78,0
DA:80,0
DA:81,0
DA:82,0
DA:84,0
DA:88,1
DA:89,1
DA:90,1
DA:91,5
DA:92,5
DA:96,1
LF:45
LH:20
BRDA:14,0,0,0
BRDA:14,0,1,1
BRDA:25,1,0,0
BRDA:25,1,1,1
BRDA:25,2,0,1
BRDA:25,2,1,1
BRDA:54,3,0,0
BRDA:54,3,1,0
BRDA:59,4,0,0
BRDA:59,4,1,0
BRDA:62,5,0,0
BRDA:62,5,1,0
BRDA:64,6,0,0
BRDA:64,6,1,0
BRDA:76,7,0,0
BRDA:76,7,1,0
BRDA:76,8,0,0
BRDA:76,8,1,0
BRDA:89,9,0,1
BRDA:89,9,1,0
BRDA:91,10,0,5
BRDA:91,10,1,0
BRF:22
BRH:6
end_of_record
TN:
SF:C:\Users\mulhollm\Documents\GitHubDesktop\data-curator\src\renderer\dateFormats.js
FN:7,isValidPatternForType
FNF:1
FNH:1
FNDA:2,isValidPatternForType
DA:1,1
DA:8,2
DA:9,2
DA:10,6
DA:11,0
DA:12,0
DA:15,2
LF:7
LH:5
BRDA:10,0,0,0
BRDA:10,0,1,6
BRDA:10,1,0,6
BRDA:10,1,1,0
BRF:4
BRH:2
end_of_record
TN:
SF:C:\Users\mulhollm\Documents\GitHubDesktop\data-curator\src\renderer\dialect.js
FN:3,pushCsvDialect
FN:7,pushCsvFormat
FN:13,(anonymous_2)
FNF:3
FNH:2
FNDA:0,pushCsvDialect
FNDA:1,pushCsvFormat
FNDA:8,(anonymous_2)
DA:4,0
DA:8,1
DA:9,1
DA:11,1
DA:12,1
DA:13,1
DA:14,8
DA:17,1
DA:18,1
DA:20,1
DA:21,1
LF:11
LH:10
BRDA:7,0,0,0
BRDA:11,1,0,1
BRDA:11,1,1,0
BRDA:17,2,0,1
BRDA:17,2,1,0
BRDA:20,3,0,1
BRDA:20,3,1,0
BRF:7
BRH:3
end_of_record
TN:
SF:C:\Users\mulhollm\Documents\GitHubDesktop\data-curator\src\renderer\exportPackage.js
FN:13,createZipFile
FN:22,(anonymous_1)
FN:30,generateDataPackage
FN:37,(anonymous_3)
FN:39,(anonymous_4)
FN:42,(anonymous_5)
FN:49,(anonymous_6)
FN:59,zipJson
FN:63,zipResources
FN:70,zipProvenanceProperties
FNF:10
FNH:0
FNDA:0,createZipFile
FNDA:0,(anonymous_1)
FNDA:0,generateDataPackage
FNDA:0,(anonymous_3)
FNDA:0,(anonymous_4)
FNDA:0,(anonymous_5)
FNDA:0,(anonymous_6)
FNDA:0,zipJson
FNDA:0,zipResources
FNDA:0,zipProvenanceProperties
DA:11,1
DA:14,0
DA:15,0
DA:23,0
DA:24,0
DA:26,0
DA:31,0
DA:32,0
DA:37,0
DA:42,0
DA:43,0
DA:47,0
DA:50,0
DA:52,0
DA:53,0
DA:54,0
DA:55,0
DA:56,0
DA:60,0
DA:64,0
DA:65,0
DA:66,0
DA:71,0
LF:23
LH:1
BRDA:23,0,0,0
BRDA:23,0,1,0
BRDA:43,1,0,0
BRDA:43,1,1,0
BRF:4
BRH:0
end_of_record
TN:
SF:C:\Users\mulhollm\Documents\GitHubDesktop\data-curator\src\renderer\file-formats.js
FN:61,dataResourceToFormat
FNF:1
FNH:0
FNDA:0,dataResourceToFormat
DA:10,1
DA:62,0
DA:63,0
DA:64,0
DA:65,0
DA:67,0
LF:6
LH:1
BRF:0
BRH:0
end_of_record
TN:
SF:C:\Users\mulhollm\Documents\GitHubDesktop\data-curator\src\renderer\frictionless.js
FN:10,inferSchema
FN:21,storeData
FN:28,guessColumnProperties
FN:53,checkRow
FN:62,buildSchema
FN:73,createFrictionlessTable
FN:86,collateForeignKeys
FN:113,collatePackageForeignKeys
FN:122,getForeignKeyData
FN:127,getHotIdFromForeignKeyForeignTable
FN:136,isRowBlank
FN:140,blankCellCount
FN:145,duplicatesCount
FN:150,checkHeaderErrors
FN:166,validateActiveDataAgainstSchema
FN:195,(anonymous_15)
FN:204,(anonymous_16)
FN:209,(anonymous_17)
FN:214,hasColumnProperties
FN:238,errorHandler
FNF:20
FNH:3
FNDA:0,inferSchema
FNDA:0,storeData
FNDA:1,guessColumnProperties
FNDA:0,checkRow
FNDA:0,buildSchema
FNDA:0,createFrictionlessTable
FNDA:0,collateForeignKeys
FNDA:0,collatePackageForeignKeys
FNDA:0,getForeignKeyData
FNDA:0,getHotIdFromForeignKeyForeignTable
FNDA:0,isRowBlank
FNDA:0,blankCellCount
FNDA:0,duplicatesCount
FNDA:0,checkHeaderErrors
FNDA:1,validateActiveDataAgainstSchema
FNDA:0,(anonymous_15)
FNDA:0,(anonymous_16)
FNDA:0,(anonymous_17)
FNDA:1,hasColumnProperties
FNDA:0,errorHandler
DA:11,0
DA:13,0
DA:14,0
DA:17,0
DA:18,0
DA:22,0
DA:29,1
DA:30,1
DA:31,1
DA:32,0
DA:33,0
DA:35,0
DA:36,0
DA:37,0
DA:39,0
DA:40,0
DA:42,0
DA:44,0
DA:45,0
DA:46,0
DA:47,0
DA:50,0
DA:55,0
DA:56,0
DA:58,0
DA:63,0
DA:64,0
DA:65,0
DA:66,0
DA:67,0
DA:68,0
DA:69,0
DA:70,0
DA:76,0
DA:77,0
DA:78,0
DA:82,0
DA:83,0
DA:87,0
DA:88,0
DA:89,0
DA:91,0
DA:92,0
DA:94,0
DA:95,0
DA:97,0
DA:99,0
DA:100,0
DA:101,0
DA:103,0
DA:104,0
DA:105,0
DA:106,0
DA:108,0
DA:110,0
DA:114,0
DA:115,0
DA:116,0
DA:118,0
DA:123,0
DA:124,0
DA:129,0
DA:130,0
DA:132,0
DA:133,0
DA:137,0
DA:141,0
DA:142,0
DA:146,0
DA:147,0
DA:152,0
DA:153,0
DA:155,0
DA:156,0
DA:157,0
DA:159,0
DA:160,0
DA:161,0
DA:167,1
DA:168,1
DA:169,1
DA:170,0
DA:172,0
DA:173,0
DA:175,0
DA:176,0
DA:177,0
DA:178,0
DA:180,0
DA:181,0
DA:182,0
DA:184,0
DA:185,0
DA:187,0
DA:195,0
DA:196,0
DA:197,0
DA:199,0
DA:200,0
DA:204,0
DA:205,0
DA:207,0
DA:209,0
DA:210,0
DA:215,1
DA:216,0
DA:217,0
DA:223,0
DA:225,0
DA:226,0
DA:227,0
DA:233,0
DA:235,0
DA:239,0
DA:240,0
DA:241,0
DA:249,0
LF:117
LH:7
BRDA:32,0,0,0
BRDA:32,0,1,0
BRDA:36,1,0,0
BRDA:36,1,1,0
BRDA:39,2,0,0
BRDA:39,2,1,0
BRDA:47,3,0,0
BRDA:47,3,1,0
BRDA:88,4,0,0
BRDA:88,4,1,0
BRDA:94,5,0,0
BRDA:94,5,1,0
BRDA:99,6,0,0
BRDA:99,6,1,0
BRDA:129,7,0,0
BRDA:129,7,1,0
BRDA:152,8,0,0
BRDA:152,8,1,0
BRDA:156,9,0,0
BRDA:156,9,1,0
BRDA:160,10,0,0
BRDA:160,10,1,0
BRDA:169,11,0,0
BRDA:169,11,1,0
BRDA:196,12,0,0
BRDA:196,12,1,0
BRDA:199,13,0,0
BRDA:199,13,1,0
BRDA:216,14,0,0
BRDA:216,14,1,0
BRDA:216,15,0,0
BRDA:216,15,1,0
BRDA:226,16,0,0
BRDA:226,16,1,0
BRDA:239,17,0,0
BRDA:239,17,1,0
BRDA:243,18,0,0
BRDA:243,18,1,0
BRF:38
BRH:0
end_of_record
TN:
SF:C:\Users\mulhollm\Documents\GitHubDesktop\data-curator\src\renderer\frictionlessDataPackage.js
FN:9,createDataPackage
FN:35,haveAllTabsGotFilenames
FN:39,buildDataPackage
FN:50,hasAllPackageRequirements
FN:68,initPackage
FN:73,addPackageProperties
FN:79,buildAllResourcesForDataPackage
FN:103,createValidResource
FN:118,hasAllResourceRequirements
FN:142,addSourcesRequirements
FN:162,addContributorsRequirements
FN:182,hasAllEmptyValues
FN:184,(anonymous_12)
FN:193,addForeignKeyRequirements
FN:205,buildResource
FN:216,initResourceAndInfer
FN:222,addColumnProperties
FN:228,addTableProperties
FN:234,moveMissingValues
FN:239,removeEmptiesFromDescriptor
FN:244,removeEmpty
FN:250,addPath
FNF:22
FNH:4
FNDA:1,createDataPackage
FNDA:1,haveAllTabsGotFilenames
FNDA:1,buildDataPackage
FNDA:1,hasAllPackageRequirements
FNDA:0,initPackage
FNDA:0,addPackageProperties
FNDA:0,buildAllResourcesForDataPackage
FNDA:0,createValidResource
FNDA:0,hasAllResourceRequirements
FNDA:0,addSourcesRequirements
FNDA:0,addContributorsRequirements
FNDA:0,hasAllEmptyValues
FNDA:0,(anonymous_12)
FNDA:0,addForeignKeyRequirements
FNDA:0,buildResource
FNDA:0,initResourceAndInfer
FNDA:0,addColumnProperties
FNDA:0,addTableProperties
FNDA:0,moveMissingValues
FNDA:0,removeEmptiesFromDescriptor
FNDA:0,removeEmpty
FNDA:0,addPath
DA:10,1
DA:11,1
DA:12,0
DA:14,1
DA:15,1
DA:16,1
DA:17,1
DA:19,0
DA:20,0
DA:21,0
DA:22,0
DA:23,0
DA:25,0
DA:28,0
DA:29,0
DA:32,0
DA:36,1
DA:40,1
DA:41,1
DA:43,0
DA:44,0
DA:46,0
DA:47,0
DA:51,1
DA:52,1
DA:54,1
DA:55,1
DA:56,1
DA:58,0
DA:59,0
DA:60,0
DA:62,0
DA:63,0
DA:65,1
DA:69,0
DA:70,0
DA:74,0
DA:75,0
DA:76,0
DA:80,0
DA:81,0
DA:82,0
DA:83,0
DA:84,0
DA:85,0
DA:86,0
DA:88,0
DA:89,0
DA:90,0
DA:92,0
DA:93,0
DA:95,0
DA:96,0
DA:97,0
DA:104,0
DA:105,0
DA:106,0
DA:107,0
DA:109,0
DA:110,0
DA:111,0
DA:112,0
DA:113,0
DA:115,0
DA:119,0
DA:120,0
DA:121,0
DA:123,0
DA:124,0
DA:125,0
DA:127,0
DA:128,0
DA:130,0
DA:131,0
DA:132,0
DA:134,0
DA:135,0
DA:136,0
DA:139,0
DA:143,0
DA:144,0
DA:146,0
DA:147,0
DA:148,0
DA:149,0
DA:150,0
DA:151,0
DA:156,0
DA:157,0
DA:158,0
DA:163,0
DA:164,0
DA:166,0
DA:167,0
DA:168,0
DA:169,0
DA:170,0
DA:171,0
DA:176,0
DA:177,0
DA:178,0
DA:183,0
DA:184,0
DA:185,0
DA:186,0
DA:187,0
DA:190,0
DA:194,0
DA:195,0
DA:197,0
DA:198,0
DA:199,0
DA:200,0
DA:206,0
DA:207,0
DA:208,0
DA:209,0
DA:210,0
DA:211,0
DA:212,0
DA:213,0
DA:217,0
DA:218,0
DA:219,0
DA:223,0
DA:224,0
DA:225,0
DA:229,0
DA:230,0
DA:231,0
DA:235,0
DA:236,0
DA:240,0
DA:241,0
DA:245,0
DA:246,0
DA:251,0
DA:252,0
DA:253,0
DA:254,0
LF:140
LH:15
BRDA:11,0,0,0
BRDA:11,0,1,1
BRDA:16,1,0,1
BRDA:16,1,1,0
BRDA:19,2,0,0
BRDA:19,2,1,0
BRDA:21,3,0,0
BRDA:21,3,1,0
BRDA:28,4,0,0
BRDA:28,4,1,0
BRDA:40,5,0,1
BRDA:40,5,1,0
BRDA:51,6,0,1
BRDA:51,6,1,0
BRDA:51,7,0,1
BRDA:51,7,1,1
BRDA:55,8,0,1
BRDA:55,8,1,0
BRDA:55,9,0,1
BRDA:55,9,1,1
BRDA:59,10,0,0
BRDA:59,10,1,0
BRDA:59,11,0,0
BRDA:59,11,1,0
BRDA:84,12,0,0
BRDA:84,12,1,0
BRDA:88,13,0,0
BRDA:88,13,1,0
BRDA:95,14,0,0
BRDA:95,14,1,0
BRDA:106,15,0,0
BRDA:106,15,1,0
BRDA:110,16,0,0
BRDA:110,16,1,0
BRDA:120,17,0,0
BRDA:120,17,1,0
BRDA:124,18,0,0
BRDA:124,18,1,0
BRDA:124,19,0,0
BRDA:124,19,1,0
BRDA:131,20,0,0
BRDA:131,20,1,0
BRDA:135,21,0,0
BRDA:135,21,1,0
BRDA:143,22,0,0
BRDA:143,22,1,0
BRDA:147,23,0,0
BRDA:147,23,1,0
BRDA:149,24,0,0
BRDA:149,24,1,0
BRDA:149,25,0,0
BRDA:149,25,1,0
BRDA:156,26,0,0
BRDA:156,26,1,0
BRDA:163,27,0,0
BRDA:163,27,1,0
BRDA:167,28,0,0
BRDA:167,28,1,0
BRDA:169,29,0,0
BRDA:169,29,1,0
BRDA:169,30,0,0
BRDA:169,30,1,0
BRDA:176,31,0,0
BRDA:176,31,1,0
BRDA:185,32,0,0
BRDA:185,32,1,0
BRDA:194,33,0,0
BRDA:194,33,1,0
BRDA:198,34,0,0
BRDA:198,34,1,0
BRDA:198,35,0,0
BRDA:198,35,1,0
BRDA:245,36,0,0
BRDA:245,36,1,0
BRDA:245,37,0,0
BRDA:245,37,1,0
BRF:76
BRH:9
end_of_record
TN:
SF:C:\Users\mulhollm\Documents\GitHubDesktop\data-curator\src\renderer\frictionlessUtilities.js
FN:4,includeHeadersInData
FN:13,hasAllColumnNames
FN:23,getValidNames
FN:29,hasAllColumnTypes
FN:34,hasAllValidColumnProperty
FN:39,isCaseSensitive
FNF:6
FNH:0
FNDA:0,includeHeadersInData
FNDA:0,hasAllColumnNames
FNDA:0,getValidNames
FNDA:0,hasAllColumnTypes
FNDA:0,hasAllValidColumnProperty
FNDA:0,isCaseSensitive
DA:5,0
DA:6,0
DA:7,0
DA:8,0
DA:10,0
DA:14,0
DA:15,0
DA:16,0
DA:18,0
DA:19,0
DA:24,0
DA:25,0
DA:26,0
DA:30,0
DA:31,0
DA:35,0
DA:36,0
DA:40,0
DA:41,0
DA:42,0
DA:43,0
DA:45,0
LF:22
LH:0
BRDA:6,0,0,0
BRDA:6,0,1,0
BRDA:14,1,0,0
BRDA:14,1,1,0
BRDA:42,2,0,0
BRDA:42,2,1,0
BRDA:42,3,0,0
BRDA:42,3,1,0
BRDA:42,3,2,0
BRF:9
BRH:0
end_of_record
TN:
SF:C:\Users\mulhollm\Documents\GitHubDesktop\data-curator\src\renderer\headerRow.js
FN:7,toggleHeaderWithFeedback
FN:21,toggleHeaderNoFeedback
FN:32,toggleHeaderOff
FN:36,(anonymous_3)
FN:42,toggleHeaderOn
FN:51,updateHot
FN:56,updateAllColumnsName
FNF:7
FNH:1
FNDA:0,toggleHeaderWithFeedback
FNDA:1,toggleHeaderNoFeedback
FNDA:0,toggleHeaderOff
FNDA:0,(anonymous_3)
FNDA:0,toggleHeaderOn
FNDA:0,updateHot
FNDA:0,updateAllColumnsName
DA:8,0
DA:9,0
DA:10,0
DA:12,0
DA:13,0
DA:14,0
DA:16,0
DA:17,0
DA:22,1
DA:23,0
DA:25,1
DA:26,1
DA:28,0
DA:33,0
DA:34,0
DA:35,0
DA:36,0
DA:37,0
DA:39,0
DA:43,0
DA:44,0
DA:45,0
DA:46,0
DA:47,0
DA:48,0
DA:52,0
DA:53,0
DA:57,0
DA:63,0
DA:64,0
LF:30
LH:3
BRDA:8,0,0,0
BRDA:8,0,1,0
BRDA:12,1,0,0
BRDA:12,1,1,0
BRDA:22,2,0,0
BRDA:22,2,1,1
BRDA:25,3,0,1
BRDA:25,3,1,0
BRF:8
BRH:2
end_of_record
TN:
SF:C:\Users\mulhollm\Documents\GitHubDesktop\data-curator\src\renderer\hot.js
FN:125,(anonymous_0)
FN:139,getActiveSelected
FN:144,getActiveSelectedOrHotSelectionOrMin
FN:157,getCurrentColumnIndexOrMin
FN:167,getCurrentColumnIndexOrMax
FN:178,reselectCurrentCellOrMin
FN:189,reselectCellOrMin
FN:200,reselectCurrentCellOrMax
FN:211,getColumnCount
FN:220,getColumnCountFromInstance
FN:225,getColumnCountFromInstanceId
FN:231,waitForHotInstance
FN:232,(anonymous_12)
FN:235,(anonymous_13)
FN:244,insertRowAbove
FN:248,insertRowBelow
FN:252,insertRow
FN:262,insertColumnLeft
FN:266,insertColumnRight
FN:270,insertColumn
FN:283,getHotToInsert
FN:289,removeHeaderAtIndex
FN:298,removeRows
FN:314,removeColumns
FN:333,(anonymous_24)
FN:337,(anonymous_25)
FNF:26
FNH:3
FNDA:9,(anonymous_0)
FNDA:0,getActiveSelected
FNDA:0,getActiveSelectedOrHotSelectionOrMin
FNDA:1,getCurrentColumnIndexOrMin
FNDA:0,getCurrentColumnIndexOrMax
FNDA:0,reselectCurrentCellOrMin
FNDA:0,reselectCellOrMin
FNDA:0,reselectCurrentCellOrMax
FNDA:13,getColumnCount
FNDA:0,getColumnCountFromInstance
FNDA:0,getColumnCountFromInstanceId
FNDA:0,waitForHotInstance
FNDA:0,(anonymous_12)
FNDA:0,(anonymous_13)
FNDA:0,insertRowAbove
FNDA:0,insertRowBelow
FNDA:0,insertRow
FNDA:0,insertColumnLeft
FNDA:0,insertColumnRight
FNDA:0,insertColumn
FNDA:0,getHotToInsert
FNDA:0,removeHeaderAtIndex
FNDA:0,removeRows
FNDA:0,removeColumns
FNDA:0,(anonymous_24)
FNDA:0,(anonymous_25)
DA:5,1
DA:7,1
DA:8,1
DA:9,1
DA:10,1
DA:12,1
DA:14,9
DA:43,0
DA:44,0
DA:45,0
DA:46,0
DA:47,0
DA:50,0
DA:53,9
DA:54,1
DA:58,10
DA:59,1
DA:63,8
DA:67,8
DA:68,0
DA:72,0
DA:73,0
DA:77,0
DA:80,0
DA:81,0
DA:82,0
DA:83,0
DA:84,0
DA:85,0
DA:90,0
DA:93,0
DA:97,9
DA:98,9
DA:101,16
DA:102,16
DA:105,0
DA:108,0
DA:112,8
DA:113,8
DA:114,7
DA:118,8
DA:121,0
DA:122,0
DA:125,8
DA:126,9
DA:127,9
DA:131,0
DA:132,0
DA:133,0
DA:135,0
DA:140,0
DA:141,0
DA:145,0
DA:146,0
DA:147,0
DA:148,0
DA:150,0
DA:151,0
DA:152,0
DA:154,0
DA:158,1
DA:159,1
DA:160,1
DA:161,0
DA:162,0
DA:164,1
DA:168,0
DA:169,0
DA:170,0
DA:171,0
DA:172,0
DA:173,0
DA:175,0
DA:179,0
DA:180,0
DA:181,0
DA:182,0
DA:183,0
DA:185,0
DA:190,0
DA:191,0
DA:192,0
DA:193,0
DA:196,0
DA:201,0
DA:202,0
DA:203,0
DA:204,0
DA:205,0
DA:207,0
DA:212,13
DA:214,13
DA:215,5
DA:217,13
DA:221,0
DA:222,0
DA:226,0
DA:227,0
DA:228,0
DA:232,0
DA:233,0
DA:234,0
DA:235,0
DA:236,0
DA:239,0
DA:245,0
DA:249,0
DA:253,0
DA:254,0
DA:255,0
DA:256,0
DA:257,0
DA:258,0
DA:263,0
DA:267,0
DA:271,0
DA:272,0
DA:273,0
DA:274,0
DA:275,0
DA:276,0
DA:277,0
DA:279,0
DA:284,0
DA:285,0
DA:286,0
DA:290,0
DA:291,0
DA:292,0
DA:293,0
DA:294,0
DA:299,0
DA:300,0
DA:301,0
DA:302,0
DA:304,0
DA:305,0
DA:306,0
DA:309,0
DA:311,0
DA:315,0
DA:316,0
DA:317,0
DA:318,0
DA:320,0
DA:321,0
DA:322,0
DA:325,0
DA:326,0
DA:327,0
DA:328,0
DA:330,0
DA:333,1
DA:334,0
DA:337,1
DA:338,0
DA:339,0
LF:157
LH:34
BRDA:13,0,0,8
BRDA:13,1,0,8
BRDA:43,2,0,0
BRDA:43,2,1,0
BRDA:46,3,0,0
BRDA:46,3,1,0
BRDA:53,4,0,1
BRDA:53,4,1,8
BRDA:58,5,0,1
BRDA:58,5,1,9
BRDA:67,6,0,0
BRDA:67,6,1,8
BRDA:72,7,0,0
BRDA:72,7,1,0
BRDA:80,8,0,0
BRDA:80,8,1,0
BRDA:83,9,0,0
BRDA:83,9,1,0
BRDA:113,10,0,7
BRDA:113,10,1,1
BRDA:132,11,0,0
BRDA:132,11,1,0
BRDA:147,12,0,0
BRDA:147,12,1,0
BRDA:150,13,0,0
BRDA:150,13,1,0
BRDA:160,14,0,0
BRDA:160,14,1,1
BRDA:170,15,0,0
BRDA:170,15,1,0
BRDA:181,16,0,0
BRDA:181,16,1,0
BRDA:192,17,0,0
BRDA:192,17,1,0
BRDA:203,18,0,0
BRDA:203,18,1,0
BRDA:214,19,0,5
BRDA:214,19,1,8
BRDA:234,20,0,0
BRDA:234,20,1,0
BRDA:255,21,0,0
BRDA:255,21,1,0
BRDA:273,22,0,0
BRDA:273,22,1,0
BRDA:290,23,0,0
BRDA:290,23,1,0
BRDA:301,24,0,0
BRDA:301,24,1,0
BRDA:317,25,0,0
BRDA:317,25,1,0
BRF:50
BRH:12
end_of_record
TN:
SF:C:\Users\mulhollm\Documents\GitHubDesktop\data-curator\src\renderer\importPackage.js
FN:11,unzipFile
FN:23,createUnzipDestination
FN:27,unzipFileToDir
FN:29,(anonymous_3)
FN:44,getDataPackageJson
FN:51,processStream
FN:87,cleanUp
FN:97,validateMdFile
FN:103,unzippedEntryToFile
FN:108,stringify
FN:120,setProvenance
FN:124,processResources
FN:131,getAllResourcePaths
FN:147,validateResourcesAndDataFiles
FN:155,getHotIdsFromFilenames
FN:178,getTabIdFromFilename
FN:179,(anonymous_16)
FN:184,(anonymous_17)
FN:204,processJson
FNF:19
FNH:0
FNDA:0,unzipFile
FNDA:0,createUnzipDestination
FNDA:0,unzipFileToDir
FNDA:0,(anonymous_3)
FNDA:0,getDataPackageJson
FNDA:0,processStream
FNDA:0,cleanUp
FNDA:0,validateMdFile
FNDA:0,unzippedEntryToFile
FNDA:0,stringify
FNDA:0,setProvenance
FNDA:0,processResources
FNDA:0,getAllResourcePaths
FNDA:0,validateResourcesAndDataFiles
FNDA:0,getHotIdsFromFilenames
FNDA:0,getTabIdFromFilename
FNDA:0,(anonymous_16)
FNDA:0,(anonymous_17)
FNDA:0,processJson
DA:12,0
DA:13,0
DA:14,0
DA:15,0
DA:16,0
DA:18,0
DA:19,0
DA:24,0
DA:28,0
DA:29,0
DA:30,0
DA:31,0
DA:33,0
DA:35,0
DA:36,0
DA:38,0
DA:39,0
DA:40,0
DA:41,0
DA:45,0
DA:46,0
DA:47,0
DA:48,0
DA:52,0
DA:53,0
DA:54,0
DA:55,0
DA:56,0
DA:58,0
DA:61,0
DA:62,0
DA:63,0
DA:64,0
DA:66,0
DA:67,0
DA:68,0
DA:69,0
DA:70,0
DA:72,0
DA:73,0
DA:74,0
DA:75,0
DA:76,0
DA:77,0
DA:79,0
DA:80,0
DA:81,0
DA:88,0
DA:89,0
DA:90,0
DA:91,0
DA:93,0
DA:98,0
DA:99,0
DA:104,0
DA:105,0
DA:109,0
DA:113,0
DA:114,0
DA:116,0
DA:117,0
DA:121,0
DA:125,0
DA:126,0
DA:127,0
DA:128,0
DA:132,0
DA:133,0
DA:135,0
DA:136,0
DA:138,0
DA:140,0
DA:141,0
DA:142,0
DA:144,0
DA:149,0
DA:150,0
DA:151,0
DA:156,0
DA:157,0
DA:158,0
DA:159,0
DA:160,0
DA:162,0
DA:163,0
DA:164,0
DA:166,0
DA:168,0
DA:169,0
DA:170,0
DA:171,0
DA:172,0
DA:175,0
DA:179,0
DA:180,0
DA:181,0
DA:182,0
DA:184,0
DA:185,0
DA:186,0
DA:187,0
DA:189,0
DA:190,0
DA:191,0
DA:192,0
DA:195,0
DA:196,0
DA:199,0
DA:205,0
DA:206,0
DA:207,0
DA:208,0
DA:209,0
DA:210,0
DA:211,0
DA:212,0
DA:213,0
DA:215,0
DA:216,0
DA:218,0
DA:219,0
LF:121
LH:0
BRDA:35,0,0,0
BRDA:35,0,1,0
BRDA:55,1,0,0
BRDA:55,1,1,0
BRDA:58,2,0,0
BRDA:58,2,1,0
BRDA:58,2,2,0
BRDA:58,2,3,0
BRDA:58,2,4,0
BRDA:98,3,0,0
BRDA:98,3,1,0
BRDA:113,4,0,0
BRDA:113,4,1,0
BRDA:135,5,0,0
BRDA:135,5,1,0
BRDA:150,6,0,0
BRDA:150,6,1,0
BRDA:155,7,0,0
BRDA:163,8,0,0
BRDA:163,8,1,0
BRDA:171,9,0,0
BRDA:171,9,1,0
BRDA:182,10,0,0
BRDA:182,10,1,0
BRDA:186,11,0,0
BRDA:186,11,1,0
BRF:26
BRH:0
end_of_record
TN:
SF:C:\Users\mulhollm\Documents\GitHubDesktop\data-curator\src\renderer\index.js
FN:10,addHotContainerListeners
FN:11,(anonymous_1)
FN:14,(anonymous_2)
FN:17,(anonymous_3)
FN:21,(anonymous_4)
FN:31,(anonymous_5)
FN:37,getWindow
FN:46,loadData
FN:57,(anonymous_8)
FN:76,(anonymous_9)
FN:85,(anonymous_10)
FN:94,(anonymous_11)
FN:99,(anonymous_12)
FN:103,(anonymous_13)
FN:107,(anonymous_14)
FN:108,(anonymous_15)
FN:111,(anonymous_16)
FN:115,(anonymous_17)
FN:119,(anonymous_18)
FN:123,(anonymous_19)
FN:127,(anonymous_20)
FN:131,(anonymous_21)
FN:138,closeSecondaryWindow
FN:142,(anonymous_23)
FN:147,loadDataIntoCurrentHot
FNF:25
FNH:2
FNDA:1,addHotContainerListeners
FNDA:0,(anonymous_1)
FNDA:0,(anonymous_2)
FNDA:0,(anonymous_3)
FNDA:0,(anonymous_4)
FNDA:0,(anonymous_5)
FNDA:0,getWindow
FNDA:1,loadData
FNDA:0,(anonymous_8)
FNDA:0,(anonymous_9)
FNDA:0,(anonymous_10)
FNDA:0,(anonymous_11)
FNDA:0,(anonymous_12)
FNDA:0,(anonymous_13)
FNDA:0,(anonymous_14)
FNDA:0,(anonymous_15)
FNDA:0,(anonymous_16)
FNDA:0,(anonymous_17)
FNDA:0,(anonymous_18)
FNDA:0,(anonymous_19)
FNDA:0,(anonymous_20)
FNDA:0,(anonymous_21)
FNDA:0,closeSecondaryWindow
FNDA:0,(anonymous_23)
FNDA:0,loadDataIntoCurrentHot
DA:11,1
DA:12,0
DA:14,1
DA:15,0
DA:17,1
DA:18,0
DA:19,0
DA:20,0
DA:21,0
DA:22,0
DA:23,0
DA:25,0
DA:27,0
DA:31,1
DA:32,0
DA:33,0
DA:39,0
DA:40,0
DA:41,0
DA:43,0
DA:47,1
DA:48,1
DA:49,1
DA:51,0
DA:52,0
DA:53,0
DA:57,1
DA:58,0
DA:59,0
DA:76,1
DA:77,0
DA:78,0
DA:79,0
DA:85,1
DA:86,0
DA:87,0
DA:88,0
DA:94,1
DA:95,0
DA:96,0
DA:99,1
DA:100,0
DA:103,1
DA:104,0
DA:107,1
DA:108,0
DA:111,1
DA:112,0
DA:115,1
DA:116,0
DA:119,1
DA:120,0
DA:123,1
DA:124,0
DA:127,1
DA:128,0
DA:131,1
DA:132,0
DA:133,0
DA:134,0
DA:135,0
DA:139,0
DA:142,1
DA:143,0
DA:148,0
DA:149,0
DA:150,0
LF:67
LH:21
BRDA:22,0,0,0
BRDA:22,0,1,0
BRDA:39,1,0,0
BRDA:39,1,1,0
BRDA:40,2,0,0
BRDA:40,2,1,0
BRDA:78,3,0,0
BRDA:78,3,1,0
BRDA:87,4,0,0
BRDA:87,4,1,0
BRF:10
BRH:0
end_of_record
TN:
SF:C:\Users\mulhollm\Documents\GitHubDesktop\data-curator\src\renderer\menu.js
FN:10,(anonymous_0)
FN:17,(anonymous_1)
FN:24,(anonymous_2)
FN:31,(anonymous_3)
FN:38,(anonymous_4)
FN:45,(anonymous_5)
FNF:6
FNH:0
FNDA:0,(anonymous_0)
FNDA:0,(anonymous_1)
FNDA:0,(anonymous_2)
FNDA:0,(anonymous_3)
FNDA:0,(anonymous_4)
FNDA:0,(anonymous_5)
DA:3,1
DA:4,1
DA:6,1
DA:8,1
DA:11,0
DA:15,1
DA:18,0
DA:22,1
DA:25,0
DA:29,1
DA:32,0
DA:36,1
DA:39,0
DA:43,1
DA:46,0
DA:50,1
DA:51,1
DA:52,1
DA:53,1
DA:54,1
DA:55,1
DA:56,1
DA:57,1
DA:58,1
LF:24
LH:18
BRF:0
BRH:0
end_of_record
TN:
SF:C:\Users\mulhollm\Documents\GitHubDesktop\data-curator\src\renderer\mixins\ColumnTooltip.vue
FNF:0
FNH:0
LF:0
LH:0
BRF:0
BRH:0
end_of_record
TN:
SF:C:\Users\mulhollm\Documents\GitHubDesktop\data-curator\src\renderer\mixins\ErrorsTooltip.vue
FNF:0
FNH:0
LF:0
LH:0
BRF:0
BRH:0
end_of_record
TN:
SF:C:\Users\mulhollm\Documents\GitHubDesktop\data-curator\src\renderer\mixins\ForeignKeysTooltip.vue
FNF:0
FNH:0
LF:0
LH:0
BRF:0
BRH:0
end_of_record
TN:
SF:C:\Users\mulhollm\Documents\GitHubDesktop\data-curator\src\renderer\mixins\HomeTooltip.vue
FNF:0
FNH:0
LF:0
LH:0
BRF:0
BRH:0
end_of_record
TN:
SF:C:\Users\mulhollm\Documents\GitHubDesktop\data-curator\src\renderer\mixins\PackageTooltip.vue
FNF:0
FNH:0
LF:0
LH:0
BRF:0
BRH:0
end_of_record
TN:
SF:C:\Users\mulhollm\Documents\GitHubDesktop\data-curator\src\renderer\mixins\PreferencesTooltip.vue
FNF:0
FNH:0
LF:0
LH:0
BRF:0
BRH:0
end_of_record
TN:
SF:C:\Users\mulhollm\Documents\GitHubDesktop\data-curator\src\renderer\mixins\ProvenanceTooltip.vue
FNF:0
FNH:0
LF:0
LH:0
BRF:0
BRH:0
end_of_record
TN:
SF:C:\Users\mulhollm\Documents\GitHubDesktop\data-curator\src\renderer\mixins\RelationKeys.vue
FN:19,(anonymous_0)
FN:28,(anonymous_1)
FN:31,(anonymous_2)
FN:36,(anonymous_3)
FN:38,(anonymous_4)
FNF:5
FNH:0
FNDA:0,(anonymous_0)
FNDA:0,(anonymous_1)
FNDA:0,(anonymous_2)
FNDA:0,(anonymous_3)
FNDA:0,(anonymous_4)
DA:13,1
DA:20,0
DA:29,0
DA:32,0
DA:37,0
DA:38,0
DA:39,0
DA:40,0
DA:42,0
LF:9
LH:1
BRF:0
BRH:0
end_of_record
TN:
SF:C:\Users\mulhollm\Documents\GitHubDesktop\data-curator\src\renderer\mixins\TableTooltip.vue
FNF:0
FNH:0
LF:0
LH:0
BRF:0
BRH:0
end_of_record
TN:
SF:C:\Users\mulhollm\Documents\GitHubDesktop\data-curator\src\renderer\mixins\Tooltip.vue
FN:8,(anonymous_0)
FNF:1
FNH:1
FNDA:506,(anonymous_0)
DA:5,1
DA:9,506
DA:10,506
DA:12,506
DA:13,506
DA:14,506
DA:15,506
LF:7
LH:7
BRDA:14,0,0,506
BRDA:14,0,1,2
BRF:2
BRH:2
end_of_record
TN:
SF:C:\Users\mulhollm\Documents\GitHubDesktop\data-curator\src\renderer\mixins\ValidationRules.vue
FN:7,(anonymous_0)
FN:38,(anonymous_1)
FN:51,(anonymous_2)
FNF:3
FNH:2
FNDA:2,(anonymous_0)
FNDA:0,(anonymous_1)
FNDA:3,(anonymous_2)
DA:4,1
DA:8,2
DA:10,0
DA:16,2
DA:21,0
DA:23,0
DA:25,0
DA:31,0
DA:35,0
DA:39,0
DA:41,0
DA:42,0
DA:46,0
DA:47,0
DA:48,0
DA:52,3
DA:53,3
DA:78,3
LF:18
LH:6
BRDA:8,0,0,0
BRDA:8,0,1,2
BRDA:8,0,2,0
BRDA:8,0,3,0
BRDA:8,0,4,0
BRDA:8,0,5,0
BRDA:8,0,6,0
BRF:7
BRH:1
end_of_record
TN:
SF:C:\Users\mulhollm\Documents\GitHubDesktop\data-curator\src\renderer\partials\About.vue
FN:100,(anonymous_0)
FN:103,(anonymous_1)
FNF:2
FNH:0
FNDA:0,(anonymous_0)
FNDA:0,(anonymous_1)
DA:24,0
DA:101,0
DA:104,0
LF:3
LH:0
BRF:0
BRH:0
end_of_record
TN:
SF:C:\Users\mulhollm\Documents\GitHubDesktop\data-curator\src\renderer\partials\AutosizeTextArea.vue
FN:13,(anonymous_0)
FNF:1
FNH:0
FNDA:0,(anonymous_0)
DA:14,0
LF:1
LH:0
BRF:0
BRH:0
end_of_record
TN:
SF:C:\Users\mulhollm\Documents\GitHubDesktop\data-curator\src\renderer\partials\ColumnProperties.vue
FN:288,(anonymous_0)
FN:291,(anonymous_1)
FN:300,(anonymous_2)
FN:308,(anonymous_3)
FN:315,(anonymous_4)
FN:321,(anonymous_5)
FN:324,(anonymous_6)
FN:332,(anonymous_7)
FN:341,(anonymous_8)
FN:344,(anonymous_9)
FN:357,(anonymous_10)
FN:364,(anonymous_11)
FN:373,(anonymous_12)
FN:378,(anonymous_13)
FN:382,(anonymous_14)
FN:395,(anonymous_15)
FN:403,(anonymous_16)
FN:415,(anonymous_17)
FN:421,(anonymous_18)
FN:424,(anonymous_19)
FN:427,(anonymous_20)
FN:430,(anonymous_21)
FN:435,(anonymous_22)
FN:440,(anonymous_23)
FN:443,(anonymous_24)
FN:446,(anonymous_25)
FN:449,(anonymous_26)
FN:453,(anonymous_27)
FN:468,(anonymous_28)
FN:473,(anonymous_29)
FN:478,(anonymous_30)
FN:484,(anonymous_31)
FN:487,(anonymous_32)
FN:490,(anonymous_33)
FN:502,(anonymous_34)
FN:521,(anonymous_35)
FN:525,(anonymous_36)
FN:536,(anonymous_37)
FN:541,(anonymous_38)
FN:546,(anonymous_39)
FN:551,(anonymous_40)
FN:563,(anonymous_41)
FN:571,(anonymous_42)
FN:575,(anonymous_43)
FN:579,(anonymous_44)
FN:585,(anonymous_45)
FN:589,(anonymous_46)
FN:593,(anonymous_47)
FN:625,(anonymous_48)
FN:632,(anonymous_49)
FN:636,(anonymous_50)
FN:638,(anonymous_51)
FN:644,(anonymous_52)
FN:648,(anonymous_53)
FN:649,(anonymous_54)
FN:650,(anonymous_55)
FNF:56
FNH:32
FNDA:3,(anonymous_0)
FNDA:0,(anonymous_1)
FNDA:0,(anonymous_2)
FNDA:0,(anonymous_3)
FNDA:18,(anonymous_4)
FNDA:12,(anonymous_5)
FNDA:23,(anonymous_6)
FNDA:15,(anonymous_7)
FNDA:4,(anonymous_8)
FNDA:0,(anonymous_9)
FNDA:0,(anonymous_10)
FNDA:0,(anonymous_11)
FNDA:0,(anonymous_12)
FNDA:0,(anonymous_13)
FNDA:0,(anonymous_14)
FNDA:0,(anonymous_15)
FNDA:0,(anonymous_16)
FNDA:2,(anonymous_17)
FNDA:1,(anonymous_18)
FNDA:0,(anonymous_19)
FNDA:0,(anonymous_20)
FNDA:0,(anonymous_21)
FNDA:0,(anonymous_22)
FNDA:0,(anonymous_23)
FNDA:2,(anonymous_24)
FNDA:2,(anonymous_25)
FNDA:4,(anonymous_26)
FNDA:4,(anonymous_27)
FNDA:2,(anonymous_28)
FNDA:2,(anonymous_29)
FNDA:0,(anonymous_30)
FNDA:8,(anonymous_31)
FNDA:20,(anonymous_32)
FNDA:6,(anonymous_33)
FNDA:8,(anonymous_34)
FNDA:0,(anonymous_35)
FNDA:0,(anonymous_36)
FNDA:0,(anonymous_37)
FNDA:4,(anonymous_38)
FNDA:2,(anonymous_39)
FNDA:2,(anonymous_40)
FNDA:1,(anonymous_41)
FNDA:1,(anonymous_42)
FNDA:1,(anonymous_43)
FNDA:1,(anonymous_44)
FNDA:3,(anonymous_45)
FNDA:1,(anonymous_46)
FNDA:12,(anonymous_47)
FNDA:1,(anonymous_48)
FNDA:0,(anonymous_49)
FNDA:1,(anonymous_50)
FNDA:1,(anonymous_51)
FNDA:1,(anonymous_52)
FNDA:0,(anonymous_53)
FNDA:0,(anonymous_54)
FNDA:0,(anonymous_55)
DA:106,1
DA:109,1
DA:116,1
DA:233,1
DA:241,1
DA:242,1
DA:243,1
DA:244,1
DA:245,1
DA:246,1
DA:248,1
DA:249,1
DA:253,1
DA:254,1
DA:255,1
DA:261,2
DA:262,2
DA:263,2
DA:264,2
DA:265,2
DA:266,2
DA:269,2
DA:270,0
DA:271,0
DA:273,2
DA:274,2
DA:277,2
DA:278,2
DA:280,2
DA:289,3
DA:292,0
DA:293,0
DA:295,0
DA:296,0
DA:302,0
DA:303,0
DA:304,0
DA:306,0
DA:309,0
DA:310,0
DA:311,0
DA:312,0
DA:316,18
DA:317,18
DA:318,18
DA:319,18
DA:322,12
DA:325,23
DA:330,23
DA:333,15
DA:339,15
DA:342,4
DA:345,0
DA:346,0
DA:347,0
DA:348,0
DA:349,0
DA:351,0
DA:352,0
DA:353,0
DA:355,0
DA:356,0
DA:357,0
DA:358,0
DA:359,0
DA:360,0
DA:365,0
DA:366,0
DA:367,0
DA:368,0
DA:370,0
DA:374,0
DA:375,0
DA:376,0
DA:379,0
DA:380,0
DA:384,0
DA:385,0
DA:387,0
DA:388,0
DA:389,0
DA:390,0
DA:392,0
DA:393,0
DA:396,0
DA:397,0
DA:398,0
DA:399,0
DA:404,0
DA:407,0
DA:410,0
DA:412,0
DA:416,2
DA:417,2
DA:418,2
DA:419,2
DA:422,1
DA:425,0
DA:428,0
DA:431,0
DA:432,0
DA:433,0
DA:436,0
DA:437,0
DA:438,0
DA:441,0
DA:444,2
DA:447,2
DA:450,4
DA:451,4
DA:455,4
DA:456,2
DA:457,2
DA:458,2
DA:461,2
DA:462,2
DA:463,2
DA:466,4
DA:469,2
DA:470,2
DA:471,2
DA:474,2
DA:475,2
DA:476,2
DA:479,0
DA:481,0
DA:482,0
DA:485,8
DA:488,20
DA:491,6
DA:493,0
DA:495,0
DA:497,0
DA:499,6
DA:503,8
DA:504,8
DA:505,8
DA:507,2
DA:508,2
DA:510,2
DA:511,2
DA:513,4
DA:514,4
DA:516,0
DA:519,8
DA:522,0
DA:523,0
DA:526,0
DA:530,0
DA:531,0
DA:533,0
DA:537,0
DA:538,0
DA:542,4
DA:543,4
DA:544,4
DA:547,2
DA:548,2
DA:549,2
DA:552,2
DA:553,2
DA:554,2
DA:558,1
DA:559,1
DA:560,1
DA:561,1
DA:564,1
DA:565,2
DA:566,8
DA:567,8
DA:572,1
DA:573,1
DA:576,1
DA:577,1
DA:580,1
DA:581,1
DA:582,1
DA:583,1
DA:586,3
DA:587,3
DA:590,1
DA:591,1
DA:594,12
DA:595,0
DA:604,2
DA:605,2
DA:608,2
DA:611,2
DA:612,2
DA:613,2
DA:616,2
DA:617,2
DA:618,2
DA:621,2
DA:626,1
DA:627,0
DA:628,0
DA:633,0
DA:637,1
DA:638,1
DA:639,1
DA:641,1
DA:642,1
DA:645,1
DA:646,1
DA:647,1
DA:648,0
DA:650,0
DA:651,0
DA:652,0
DA:658,1
LF:211
LH:125
BRDA:244,0,0,1
BRDA:244,0,1,0
BRDA:264,1,0,2
BRDA:264,1,1,0
BRDA:269,2,0,0
BRDA:269,2,1,2
BRDA:269,3,0,2
BRDA:269,3,1,0
BRDA:292,4,0,0
BRDA:292,4,1,0
BRDA:295,5,0,0
BRDA:295,5,1,0
BRDA:296,6,0,0
BRDA:296,6,1,0
BRDA:302,7,0,0
BRDA:302,7,1,0
BRDA:310,8,0,0
BRDA:310,8,1,0
BRDA:346,9,0,0
BRDA:346,9,1,0
BRDA:348,10,0,0
BRDA:348,10,1,0
BRDA:352,11,0,0
BRDA:352,11,1,0
BRDA:359,12,0,0
BRDA:359,12,1,0
BRDA:366,13,0,0
BRDA:366,13,1,0
BRDA:366,14,0,0
BRDA:366,14,1,0
BRDA:387,15,0,0
BRDA:387,15,1,0
BRDA:398,16,0,0
BRDA:398,16,1,0
BRDA:398,17,0,0
BRDA:398,17,1,0
BRDA:404,18,0,0
BRDA:404,18,1,0
BRDA:404,18,2,0
BRDA:404,18,3,0
BRDA:404,18,4,0
BRDA:419,19,0,2
BRDA:419,19,1,2
BRDA:422,20,0,1
BRDA:422,20,1,0
BRDA:455,21,0,2
BRDA:455,21,1,2
BRDA:457,22,0,2
BRDA:457,22,1,0
BRDA:462,23,0,2
BRDA:462,23,1,0
BRDA:491,24,0,0
BRDA:491,24,1,0
BRDA:491,24,2,0
BRDA:491,24,3,6
BRDA:504,25,0,8
BRDA:504,25,1,0
BRDA:505,26,0,2
BRDA:505,26,1,2
BRDA:505,26,2,4
BRDA:505,26,3,0
BRDA:526,27,0,0
BRDA:526,27,1,0
BRDA:526,27,2,0
BRDA:526,27,3,0
BRDA:537,28,0,0
BRDA:537,28,1,0
BRDA:580,29,0,1
BRDA:580,29,1,0
BRDA:594,30,0,0
BRDA:594,30,1,12
BRDA:604,31,0,2
BRDA:604,31,1,2
BRDA:605,32,0,2
BRDA:605,32,1,2
BRDA:608,33,0,2
BRDA:608,33,1,0
BRDA:611,34,0,2
BRDA:611,34,1,1
BRDA:621,35,0,0
BRDA:621,35,1,2
BRDA:626,36,0,0
BRDA:626,36,1,1
BRDA:627,37,0,0
BRDA:627,37,1,0
BRF:85
BRH:27
end_of_record
TN:
SF:C:\Users\mulhollm\Documents\GitHubDesktop\data-curator\src\renderer\partials\Contributors.vue
FN:84,(anonymous_0)
FN:87,(anonymous_1)
FN:93,(anonymous_2)
FN:99,(anonymous_3)
FN:102,(anonymous_4)
FN:106,(anonymous_5)
FN:109,(anonymous_6)
FN:118,(anonymous_7)
FN:131,(anonymous_8)
FNF:9
FNH:0
FNDA:0,(anonymous_0)
FNDA:0,(anonymous_1)
FNDA:0,(anonymous_2)
FNDA:0,(anonymous_3)
FNDA:0,(anonymous_4)
FNDA:0,(anonymous_5)
FNDA:0,(anonymous_6)
FNDA:0,(anonymous_7)
FNDA:0,(anonymous_8)
DA:40,1
DA:45,0
DA:55,0
DA:58,0
DA:61,0
DA:67,0
DA:68,0
DA:69,0
DA:70,0
DA:73,0
DA:76,0
DA:85,0
DA:88,0
DA:89,0
DA:90,0
DA:91,0
DA:94,0
DA:95,0
DA:96,0
DA:97,0
DA:100,0
DA:103,0
DA:104,0
DA:107,0
DA:110,0
DA:111,0
DA:113,0
DA:115,0
DA:116,0
DA:119,0
DA:121,0
DA:123,0
DA:125,0
DA:127,0
DA:132,0
LF:35
LH:1
BRDA:67,0,0,0
BRDA:67,0,1,0
BRDA:69,1,0,0
BRDA:69,1,1,0
BRDA:85,2,0,0
BRDA:85,2,1,0
BRDA:94,3,0,0
BRDA:94,3,1,0
BRDA:110,4,0,0
BRDA:110,4,1,0
BRDA:115,5,0,0
BRDA:115,5,1,0
BRDA:119,6,0,0
BRDA:119,6,1,0
BRDA:119,6,2,0
BRDA:119,6,3,0
BRF:16
BRH:0
end_of_record
TN:
SF:C:\Users\mulhollm\Documents\GitHubDesktop\data-curator\src\renderer\partials\ExternalLink.vue
FN:10,(anonymous_0)
FNF:1
FNH:0
FNDA:0,(anonymous_0)
DA:11,0
LF:1
LH:0
BRF:0
BRH:0
end_of_record
TN:
SF:C:\Users\mulhollm\Documents\GitHubDesktop\data-curator\src\renderer\partials\FindReplace.vue
FN:74,(anonymous_0)
FN:144,(anonymous_1)
FN:147,(anonymous_2)
FN:150,(anonymous_3)
FN:164,(anonymous_4)
FN:176,(anonymous_5)
FN:180,(anonymous_6)
FN:184,(anonymous_7)
FN:188,(anonymous_8)
FN:189,(anonymous_9)
FN:194,(anonymous_10)
FN:197,(anonymous_11)
FN:209,(anonymous_12)
FN:213,(anonymous_13)
FN:249,(anonymous_14)
FN:268,(anonymous_15)
FN:276,(anonymous_16)
FN:280,(anonymous_17)
FN:288,(anonymous_18)
FN:297,(anonymous_19)
FN:317,(anonymous_20)
FN:341,(anonymous_21)
FN:346,(anonymous_22)
FN:363,(anonymous_23)
FN:366,(anonymous_24)
FN:403,(anonymous_25)
FN:418,(anonymous_26)
FN:438,(anonymous_27)
FN:441,(anonymous_28)
FN:448,(anonymous_29)
FN:466,(anonymous_30)
FN:472,(anonymous_31)
FN:476,(anonymous_32)
FN:480,(anonymous_33)
FNF:34
FNH:6
FNDA:0,(anonymous_0)
FNDA:1,(anonymous_1)
FNDA:1,(anonymous_2)
FNDA:2,(anonymous_3)
FNDA:2,(anonymous_4)
FNDA:0,(anonymous_5)
FNDA:0,(anonymous_6)
FNDA:0,(anonymous_7)
FNDA:0,(anonymous_8)
FNDA:0,(anonymous_9)
FNDA:2,(anonymous_10)
FNDA:0,(anonymous_11)
FNDA:0,(anonymous_12)
FNDA:0,(anonymous_13)
FNDA:0,(anonymous_14)
FNDA:0,(anonymous_15)
FNDA:0,(anonymous_16)
FNDA:0,(anonymous_17)
FNDA:0,(anonymous_18)
FNDA:0,(anonymous_19)
FNDA:0,(anonymous_20)
FNDA:0,(anonymous_21)
FNDA:0,(anonymous_22)
FNDA:0,(anonymous_23)
FNDA:0,(anonymous_24)
FNDA:0,(anonymous_25)
FNDA:0,(anonymous_26)
FNDA:0,(anonymous_27)
FNDA:0,(anonymous_28)
FNDA:0,(anonymous_29)
FNDA:1,(anonymous_30)
FNDA:0,(anonymous_31)
FNDA:0,(anonymous_32)
FNDA:0,(anonymous_33)
DA:66,1
DA:67,1
DA:71,1
DA:72,1
DA:73,1
DA:74,1
DA:75,0
DA:76,0
DA:77,0
DA:78,0
DA:88,2
DA:145,1
DA:148,1
DA:152,2
DA:154,0
DA:155,0
DA:156,0
DA:157,0
DA:159,0
DA:160,0
DA:166,2
DA:167,0
DA:168,0
DA:169,0
DA:171,0
DA:172,0
DA:177,0
DA:178,0
DA:181,0
DA:182,0
DA:185,0
DA:186,0
DA:189,0
DA:190,0
DA:191,0
DA:195,2
DA:198,0
DA:199,0
DA:201,0
DA:203,0
DA:204,0
DA:205,0
DA:208,0
DA:209,0
DA:210,0
DA:215,0
DA:216,0
DA:218,0
DA:219,0
DA:220,0
DA:223,0
DA:224,0
DA:225,0
DA:227,0
DA:228,0
DA:231,0
DA:234,0
DA:235,0
DA:236,0
DA:237,0
DA:238,0
DA:240,0
DA:241,0
DA:242,0
DA:247,0
DA:250,0
DA:251,0
DA:253,0
DA:254,0
DA:255,0
DA:256,0
DA:257,0
DA:258,0
DA:259,0
DA:260,0
DA:261,0
DA:262,0
DA:265,0
DA:266,0
DA:269,0
DA:271,0
DA:272,0
DA:273,0
DA:274,0
DA:277,0
DA:278,0
DA:281,0
DA:282,0
DA:284,0
DA:286,0
DA:289,0
DA:290,0
DA:292,0
DA:293,0
DA:295,0
DA:298,0
DA:300,0
DA:301,0
DA:303,0
DA:305,0
DA:306,0
DA:307,0
DA:308,0
DA:309,0
DA:310,0
DA:311,0
DA:312,0
DA:313,0
DA:314,0
DA:316,0
DA:317,0
DA:318,0
DA:320,0
DA:322,0
DA:324,0
DA:325,0
DA:326,0
DA:328,0
DA:330,0
DA:331,0
DA:332,0
DA:334,0
DA:335,0
DA:336,0
DA:337,0
DA:338,0
DA:339,0
DA:343,0
DA:344,0
DA:347,0
DA:348,0
DA:349,0
DA:364,0
DA:366,0
DA:367,0
DA:369,0
DA:404,0
DA:406,0
DA:407,0
DA:408,0
DA:412,0
DA:413,0
DA:416,0
DA:420,0
DA:421,0
DA:423,0
DA:425,0
DA:426,0
DA:428,0
DA:429,0
DA:430,0
DA:431,0
DA:436,0
DA:439,0
DA:443,0
DA:444,0
DA:445,0
DA:450,0
DA:451,0
DA:453,0
DA:454,0
DA:455,0
DA:456,0
DA:458,0
DA:459,0
DA:460,0
DA:463,0
DA:467,1
DA:468,1
DA:469,1
DA:470,1
DA:471,1
DA:472,1
DA:473,0
DA:474,0
DA:476,1
DA:477,0
DA:478,0
DA:480,1
DA:481,0
DA:482,0
DA:483,0
LF:182
LH:20
BRDA:75,0,0,0
BRDA:75,0,1,0
BRDA:75,1,0,0
BRDA:75,1,1,0
BRDA:77,2,0,0
BRDA:77,2,1,0
BRDA:145,3,0,0
BRDA:145,3,1,1
BRDA:148,4,0,0
BRDA:148,4,1,1
BRDA:148,5,0,1
BRDA:148,5,1,0
BRDA:152,6,0,0
BRDA:152,6,1,2
BRDA:155,7,0,0
BRDA:155,7,1,0
BRDA:155,8,0,0
BRDA:155,8,1,0
BRDA:166,9,0,0
BRDA:166,9,1,2
BRDA:167,10,0,0
BRDA:167,10,1,0
BRDA:195,11,0,1
BRDA:195,11,1,1
BRDA:198,12,0,0
BRDA:198,12,1,0
BRDA:215,13,0,0
BRDA:215,13,1,0
BRDA:218,14,0,0
BRDA:218,14,1,0
BRDA:219,15,0,0
BRDA:219,15,1,0
BRDA:228,16,0,0
BRDA:228,16,1,0
BRDA:235,17,0,0
BRDA:235,17,1,0
BRDA:250,18,0,0
BRDA:250,18,1,0
BRDA:277,19,0,0
BRDA:277,19,1,0
BRDA:281,20,0,0
BRDA:281,20,1,0
BRDA:289,21,0,0
BRDA:289,21,1,0
BRDA:300,22,0,0
BRDA:300,22,1,0
BRDA:310,23,0,0
BRDA:310,23,1,0
BRDA:310,24,0,0
BRDA:310,24,1,0
BRDA:310,24,2,0
BRDA:325,25,0,0
BRDA:325,25,1,0
BRDA:407,26,0,0
BRDA:407,26,1,0
BRDA:421,27,0,0
BRDA:421,27,1,0
BRDA:425,28,0,0
BRDA:425,28,1,0
BRDA:428,29,0,0
BRDA:428,29,1,0
BRDA:430,30,0,0
BRDA:430,30,1,0
BRDA:444,31,0,0
BRDA:444,31,1,0
BRDA:444,32,0,0
BRDA:444,32,1,0
BRDA:450,33,0,0
BRDA:450,33,1,0
BRF:69
BRH:7
end_of_record
TN:
SF:C:\Users\mulhollm\Documents\GitHubDesktop\data-curator\src\renderer\partials\ForeignKeys.vue
FN:130,(anonymous_0)
FN:138,(anonymous_1)
FN:147,(anonymous_2)
FN:155,(anonymous_3)
FN:166,(anonymous_4)
FN:183,(anonymous_5)
FN:188,(anonymous_6)
FN:197,(anonymous_7)
FN:201,(anonymous_8)
FN:206,(anonymous_9)
FN:212,(anonymous_10)
FN:216,(anonymous_11)
FN:223,(anonymous_12)
FN:226,(anonymous_13)
FN:229,(anonymous_14)
FN:232,(anonymous_15)
FN:235,(anonymous_16)
FN:238,(anonymous_17)
FN:241,(anonymous_18)
FN:248,(anonymous_19)
FN:262,(anonymous_20)
FN:273,(anonymous_21)
FN:278,(anonymous_22)
FN:285,(anonymous_23)
FN:287,(anonymous_24)
FN:292,(anonymous_25)
FN:293,(anonymous_26)
FN:299,(anonymous_27)
FN:305,(anonymous_28)
FN:310,(anonymous_29)
FN:314,(anonymous_30)
FN:323,(anonymous_31)
FN:327,(anonymous_32)
FN:334,(anonymous_33)
FN:336,(anonymous_34)
FN:341,(anonymous_35)
FN:343,(anonymous_36)
FN:348,(anonymous_37)
FN:351,(anonymous_38)
FN:360,(anonymous_39)
FN:362,(anonymous_40)
FN:371,(anonymous_41)
FN:374,(anonymous_42)
FN:388,(anonymous_43)
FN:392,(anonymous_44)
FN:399,(anonymous_45)
FN:412,(anonymous_46)
FN:435,(anonymous_47)
FN:437,(anonymous_48)
FN:440,(anonymous_49)
FN:454,(anonymous_50)
FN:459,(anonymous_51)
FNF:52
FNH:0
FNDA:0,(anonymous_0)
FNDA:0,(anonymous_1)
FNDA:0,(anonymous_2)
FNDA:0,(anonymous_3)
FNDA:0,(anonymous_4)
FNDA:0,(anonymous_5)
FNDA:0,(anonymous_6)
FNDA:0,(anonymous_7)
FNDA:0,(anonymous_8)
FNDA:0,(anonymous_9)
FNDA:0,(anonymous_10)
FNDA:0,(anonymous_11)
FNDA:0,(anonymous_12)
FNDA:0,(anonymous_13)
FNDA:0,(anonymous_14)
FNDA:0,(anonymous_15)
FNDA:0,(anonymous_16)
FNDA:0,(anonymous_17)
FNDA:0,(anonymous_18)
FNDA:0,(anonymous_19)
FNDA:0,(anonymous_20)
FNDA:0,(anonymous_21)
FNDA:0,(anonymous_22)
FNDA:0,(anonymous_23)
FNDA:0,(anonymous_24)
FNDA:0,(anonymous_25)
FNDA:0,(anonymous_26)
FNDA:0,(anonymous_27)
FNDA:0,(anonymous_28)
FNDA:0,(anonymous_29)
FNDA:0,(anonymous_30)
FNDA:0,(anonymous_31)
FNDA:0,(anonymous_32)
FNDA:0,(anonymous_33)
FNDA:0,(anonymous_34)
FNDA:0,(anonymous_35)
FNDA:0,(anonymous_36)
FNDA:0,(anonymous_37)
FNDA:0,(anonymous_38)
FNDA:0,(anonymous_39)
FNDA:0,(anonymous_40)
FNDA:0,(anonymous_41)
FNDA:0,(anonymous_42)
FNDA:0,(anonymous_43)
FNDA:0,(anonymous_44)
FNDA:0,(anonymous_45)
FNDA:0,(anonymous_46)
FNDA:0,(anonymous_47)
FNDA:0,(anonymous_48)
FNDA:0,(anonymous_49)
FNDA:0,(anonymous_50)
FNDA:0,(anonymous_51)
DA:64,1
DA:78,0
DA:79,0
DA:80,0
DA:81,0
DA:82,0
DA:83,0
DA:86,0
DA:87,0
DA:88,0
DA:93,0
DA:94,0
DA:97,0
DA:98,0
DA:103,0
DA:120,0
DA:131,0
DA:132,0
DA:133,0
DA:134,0
DA:136,0
DA:139,0
DA:140,0
DA:142,0
DA:143,0
DA:145,0
DA:148,0
DA:149,0
DA:150,0
DA:151,0
DA:152,0
DA:153,0
DA:156,0
DA:157,0
DA:159,0
DA:160,0
DA:161,0
DA:162,0
DA:163,0
DA:167,0
DA:168,0
DA:169,0
DA:171,0
DA:172,0
DA:173,0
DA:174,0
DA:177,0
DA:178,0
DA:181,0
DA:184,0
DA:185,0
DA:186,0
DA:188,0
DA:189,0
DA:190,0
DA:192,0
DA:193,0
DA:194,0
DA:198,0
DA:199,0
DA:202,0
DA:203,0
DA:207,0
DA:208,0
DA:209,0
DA:210,0
DA:213,0
DA:214,0
DA:217,0
DA:218,0
DA:219,0
DA:220,0
DA:224,0
DA:227,0
DA:230,0
DA:233,0
DA:236,0
DA:239,0
DA:242,0
DA:243,0
DA:244,0
DA:245,0
DA:246,0
DA:249,0
DA:250,0
DA:257,0
DA:258,0
DA:259,0
DA:260,0
DA:263,0
DA:264,0
DA:265,0
DA:266,0
DA:267,0
DA:268,0
DA:270,0
DA:274,0
DA:275,0
DA:276,0
DA:277,0
DA:278,0
DA:279,0
DA:280,0
DA:281,0
DA:283,0
DA:286,0
DA:287,0
DA:288,0
DA:290,0
DA:293,0
DA:294,0
DA:296,0
DA:297,0
DA:300,0
DA:301,0
DA:302,0
DA:303,0
DA:306,0
DA:307,0
DA:308,0
DA:309,0
DA:310,0
DA:311,0
DA:315,0
DA:316,0
DA:317,0
DA:318,0
DA:319,0
DA:320,0
DA:321,0
DA:323,0
DA:324,0
DA:328,0
DA:329,0
DA:330,0
DA:331,0
DA:332,0
DA:335,0
DA:336,0
DA:337,0
DA:338,0
DA:342,0
DA:343,0
DA:344,0
DA:345,0
DA:349,0
DA:350,0
DA:351,0
DA:352,0
DA:353,0
DA:354,0
DA:356,0
DA:357,0
DA:361,0
DA:362,0
DA:363,0
DA:365,0
DA:366,0
DA:367,0
DA:372,0
DA:376,0
DA:377,0
DA:378,0
DA:379,0
DA:380,0
DA:382,0
DA:384,0
DA:385,0
DA:389,0
DA:390,0
DA:393,0
DA:394,0
DA:395,0
DA:397,0
DA:400,0
DA:401,0
DA:402,0
DA:403,0
DA:404,0
DA:405,0
DA:413,0
DA:414,0
DA:415,0
DA:416,0
DA:417,0
DA:419,0
DA:420,0
DA:422,0
DA:423,0
DA:425,0
DA:426,0
DA:431,0
DA:436,0
DA:437,0
DA:438,0
DA:440,0
DA:441,0
DA:442,0
DA:443,0
DA:444,0
DA:445,0
DA:447,0
DA:448,0
DA:450,0
DA:455,0
DA:456,0
DA:457,0
DA:459,0
DA:460,0
LF:209
LH:1
BRDA:133,0,0,0
BRDA:133,0,1,0
BRDA:134,1,0,0
BRDA:134,1,1,0
BRDA:134,1,2,0
BRDA:139,2,0,0
BRDA:139,2,1,0
BRDA:142,3,0,0
BRDA:142,3,1,0
BRDA:156,4,0,0
BRDA:156,4,1,0
BRDA:160,5,0,0
BRDA:160,5,1,0
BRDA:161,6,0,0
BRDA:161,6,1,0
BRDA:162,7,0,0
BRDA:162,7,1,0
BRDA:168,8,0,0
BRDA:168,8,1,0
BRDA:169,9,0,0
BRDA:169,9,1,0
BRDA:171,10,0,0
BRDA:171,10,1,0
BRDA:173,11,0,0
BRDA:173,11,1,0
BRDA:177,12,0,0
BRDA:177,12,1,0
BRDA:193,13,0,0
BRDA:193,13,1,0
BRDA:202,14,0,0
BRDA:202,14,1,0
BRDA:219,15,0,0
BRDA:219,15,1,0
BRDA:301,16,0,0
BRDA:301,16,1,0
BRDA:302,17,0,0
BRDA:302,17,1,0
BRDA:307,18,0,0
BRDA:307,18,1,0
BRDA:308,19,0,0
BRDA:308,19,1,0
BRDA:316,20,0,0
BRDA:316,20,1,0
BRDA:317,21,0,0
BRDA:317,21,1,0
BRDA:318,22,0,0
BRDA:318,22,1,0
BRDA:319,23,0,0
BRDA:319,23,1,0
BRDA:329,24,0,0
BRDA:329,24,1,0
BRDA:330,25,0,0
BRDA:330,25,1,0
BRDA:331,26,0,0
BRDA:331,26,1,0
BRDA:353,27,0,0
BRDA:353,27,1,0
BRDA:365,28,0,0
BRDA:365,28,1,0
BRDA:378,29,0,0
BRDA:378,29,1,0
BRDA:395,30,0,0
BRDA:395,30,1,0
BRDA:417,31,0,0
BRDA:417,31,1,0
BRDA:419,32,0,0
BRDA:419,32,1,0
BRDA:422,33,0,0
BRDA:422,33,1,0
BRDA:425,34,0,0
BRDA:425,34,1,0
BRDA:442,35,0,0
BRDA:442,35,1,0
BRDA:442,36,0,0
BRDA:442,36,1,0
BRDA:447,37,0,0
BRDA:447,37,1,0
BRF:77
BRH:0
end_of_record
TN:
SF:C:\Users\mulhollm\Documents\GitHubDesktop\data-curator\src\renderer\partials\Licenses.vue
FN:79,(anonymous_0)
FN:83,(anonymous_1)
FN:91,(anonymous_2)
FN:95,(anonymous_3)
FN:97,(anonymous_4)
FN:102,(anonymous_5)
FN:108,(anonymous_6)
FN:110,(anonymous_7)
FN:116,(anonymous_8)
FNF:9
FNH:0
FNDA:0,(anonymous_0)
FNDA:0,(anonymous_1)
FNDA:0,(anonymous_2)
FNDA:0,(anonymous_3)
FNDA:0,(anonymous_4)
FNDA:0,(anonymous_5)
FNDA:0,(anonymous_6)
FNDA:0,(anonymous_7)
FNDA:0,(anonymous_8)
DA:25,0
DA:81,0
DA:84,0
DA:92,0
DA:93,0
DA:96,0
DA:97,0
DA:98,0
DA:100,0
DA:103,0
DA:104,0
DA:105,0
DA:106,0
DA:109,0
DA:110,0
DA:112,0
DA:118,0
LF:17
LH:0
BRDA:97,0,0,0
BRDA:97,0,1,0
BRDA:109,1,0,0
BRDA:109,1,1,0
BRDA:109,2,0,0
BRDA:109,2,1,0
BRF:6
BRH:0
end_of_record
TN:
SF:C:\Users\mulhollm\Documents\GitHubDesktop\data-curator\src\renderer\partials\PackageProperties.vue
FN:102,(anonymous_0)
FN:111,(anonymous_1)
FN:118,(anonymous_2)
FN:121,(anonymous_3)
FN:127,(anonymous_4)
FN:133,(anonymous_5)
FNF:6
FNH:2
FNDA:1,(anonymous_0)
FNDA:0,(anonymous_1)
FNDA:0,(anonymous_2)
FNDA:0,(anonymous_3)
FNDA:0,(anonymous_4)
FNDA:1,(anonymous_5)
DA:42,1
DA:103,1
DA:106,0
DA:107,0
DA:109,0
DA:112,0
DA:113,0
DA:114,0
DA:115,0
DA:119,0
DA:122,0
DA:128,0
DA:129,0
DA:130,0
DA:134,1
LF:15
LH:3
BRDA:106,0,0,0
BRDA:106,0,1,0
BRDA:112,1,0,0
BRDA:112,1,1,0
BRF:4
BRH:0
end_of_record
TN:
SF:C:\Users\mulhollm\Documents\GitHubDesktop\data-curator\src\renderer\partials\Preferences.vue
FN:47,(anonymous_0)
FN:50,(anonymous_1)
FN:53,(anonymous_2)
FN:58,(anonymous_3)
FN:66,(anonymous_4)
FN:67,(anonymous_5)
FN:71,(anonymous_6)
FN:77,(anonymous_7)
FNF:8
FNH:0
FNDA:0,(anonymous_0)
FNDA:0,(anonymous_1)
FNDA:0,(anonymous_2)
FNDA:0,(anonymous_3)
FNDA:0,(anonymous_4)
FNDA:0,(anonymous_5)
FNDA:0,(anonymous_6)
FNDA:0,(anonymous_7)
DA:31,0
DA:48,0
DA:51,0
DA:54,0
DA:55,0
DA:56,0
DA:59,0
DA:60,0
DA:61,0
DA:63,0
DA:67,0
DA:68,0
DA:72,0
DA:73,0
DA:74,0
LF:15
LH:0
BRDA:59,0,0,0
BRDA:59,0,1,0
BRF:2
BRH:0
end_of_record
TN:
SF:C:\Users\mulhollm\Documents\GitHubDesktop\data-curator\src\renderer\partials\PrimaryKeys.vue
FN:28,(anonymous_0)
FN:37,(anonymous_1)
FNF:2
FNH:0
FNDA:0,(anonymous_0)
FNDA:0,(anonymous_1)
DA:16,0
DA:24,0
DA:29,0
DA:30,0
DA:31,0
DA:32,0
DA:33,0
DA:34,0
DA:38,0
LF:9
LH:0
BRDA:33,0,0,0
BRDA:33,0,1,0
BRF:2
BRH:0
end_of_record
TN:
SF:C:\Users\mulhollm\Documents\GitHubDesktop\data-curator\src\renderer\partials\ProvenanceProperties.vue
FN:72,(anonymous_0)
FN:75,(anonymous_1)
FN:79,(anonymous_2)
FN:83,(anonymous_3)
FN:86,(anonymous_4)
FN:90,(anonymous_5)
FN:100,(anonymous_6)
FN:105,(anonymous_7)
FN:109,(anonymous_8)
FN:112,(anonymous_9)
FNF:10
FNH:1
FNDA:0,(anonymous_0)
FNDA:0,(anonymous_1)
FNDA:0,(anonymous_2)
FNDA:0,(anonymous_3)
FNDA:0,(anonymous_4)
FNDA:0,(anonymous_5)
FNDA:0,(anonymous_6)
FNDA:0,(anonymous_7)
FNDA:1,(anonymous_8)
FNDA:0,(anonymous_9)
DA:58,0
DA:59,0
DA:62,1
DA:65,1
DA:73,0
DA:76,0
DA:77,0
DA:80,0
DA:81,0
DA:84,0
DA:87,0
DA:88,0
DA:89,0
DA:90,0
DA:91,0
DA:94,0
DA:96,0
DA:101,0
DA:106,0
DA:110,1
DA:111,1
DA:112,0
DA:113,0
DA:117,1
LF:24
LH:5
BRDA:62,0,0,0
BRDA:62,0,1,1
BRDA:65,1,0,0
BRDA:65,1,1,1
BRDA:89,2,0,0
BRDA:89,2,1,0
BRF:6
BRH:2
end_of_record
TN:
SF:C:\Users\mulhollm\Documents\GitHubDesktop\data-curator\src\renderer\partials\RowLink.vue
FN:22,(anonymous_0)
FN:25,(anonymous_1)
FNF:2
FNH:0
FNDA:0,(anonymous_0)
FNDA:0,(anonymous_1)
DA:18,0
DA:23,0
DA:26,0
LF:3
LH:0
BRF:0
BRH:0
end_of_record
TN:
SF:C:\Users\mulhollm\Documents\GitHubDesktop\data-curator\src\renderer\partials\SideNav.vue
FN:35,(anonymous_0)
FN:39,(anonymous_1)
FN:45,(anonymous_2)
FN:64,(anonymous_3)
FN:71,(anonymous_4)
FN:80,(anonymous_5)
FN:90,(anonymous_6)
FN:96,(anonymous_7)
FN:100,(anonymous_8)
FN:103,(anonymous_9)
FN:104,(anonymous_10)
FN:106,(anonymous_11)
FN:114,(anonymous_12)
FNF:13
FNH:9
FNDA:2,(anonymous_0)
FNDA:0,(anonymous_1)
FNDA:4,(anonymous_2)
FNDA:1,(anonymous_3)
FNDA:0,(anonymous_4)
FNDA:1,(anonymous_5)
FNDA:5,(anonymous_6)
FNDA:0,(anonymous_7)
FNDA:5,(anonymous_8)
FNDA:5,(anonymous_9)
FNDA:5,(anonymous_10)
FNDA:28,(anonymous_11)
FNDA:0,(anonymous_12)
DA:26,5
DA:36,2
DA:37,2
DA:40,0
DA:47,4
DA:48,4
DA:49,4
DA:51,0
DA:53,0
DA:55,0
DA:56,0
DA:61,4
DA:62,4
DA:65,1
DA:66,1
DA:72,0
DA:73,0
DA:81,1
DA:82,1
DA:83,1
DA:85,0
DA:86,0
DA:91,5
DA:92,5
DA:93,5
DA:97,0
DA:101,5
DA:104,5
DA:106,5
DA:107,28
DA:108,0
DA:115,0
LF:32
LH:20
BRDA:48,0,0,4
BRDA:48,0,1,0
BRDA:55,1,0,0
BRDA:55,1,1,0
BRDA:85,2,0,0
BRDA:85,2,1,0
BRDA:107,3,0,0
BRDA:107,3,1,28
BRF:8
BRH:2
end_of_record
TN:
SF:C:\Users\mulhollm\Documents\GitHubDesktop\data-curator\src\renderer\partials\Sources.vue
FN:70,(anonymous_0)
FN:76,(anonymous_1)
FN:82,(anonymous_2)
FN:85,(anonymous_3)
FN:91,(anonymous_4)
FN:94,(anonymous_5)
FN:102,(anonymous_6)
FN:116,(anonymous_7)
FN:120,(anonymous_8)
FN:125,(anonymous_9)
FN:136,(anonymous_10)
FN:141,(anonymous_11)
FNF:12
FNH:0
FNDA:0,(anonymous_0)
FNDA:0,(anonymous_1)
FNDA:0,(anonymous_2)
FNDA:0,(anonymous_3)
FNDA:0,(anonymous_4)
FNDA:0,(anonymous_5)
FNDA:0,(anonymous_6)
FNDA:0,(anonymous_7)
FNDA:0,(anonymous_8)
FNDA:0,(anonymous_9)
FNDA:0,(anonymous_10)
FNDA:0,(anonymous_11)
DA:35,1
DA:40,0
DA:50,0
DA:56,0
DA:58,0
DA:59,0
DA:62,0
DA:71,0
DA:72,0
DA:73,0
DA:74,0
DA:77,0
DA:78,0
DA:79,0
DA:80,0
DA:83,0
DA:86,0
DA:87,0
DA:88,0
DA:92,0
DA:95,0
DA:96,0
DA:97,0
DA:98,0
DA:99,0
DA:103,0
DA:104,0
DA:105,0
DA:106,0
DA:107,0
DA:108,0
DA:109,0
DA:110,0
DA:113,0
DA:118,0
DA:121,0
DA:126,0
DA:128,0
DA:130,0
DA:132,0
DA:137,0
DA:138,0
DA:142,0
LF:43
LH:1
BRDA:77,0,0,0
BRDA:77,0,1,0
BRDA:96,1,0,0
BRDA:96,1,1,0
BRDA:98,2,0,0
BRDA:98,2,1,0
BRDA:109,3,0,0
BRDA:109,3,1,0
BRDA:109,4,0,0
BRDA:109,4,1,0
BRDA:126,5,0,0
BRDA:126,5,1,0
BRDA:126,5,2,0
BRF:13
BRH:0
end_of_record
TN:
SF:C:\Users\mulhollm\Documents\GitHubDesktop\data-curator\src\renderer\partials\TableHeaderKeys.vue
FN:23,(anonymous_0)
FNF:1
FNH:0
FNDA:0,(anonymous_0)
DA:21,0
DA:24,0
LF:2
LH:0
BRF:0
BRH:0
end_of_record
TN:
SF:C:\Users\mulhollm\Documents\GitHubDesktop\data-curator\src\renderer\partials\TableKeys.vue
FNF:0
FNH:0
DA:20,0
DA:25,0
LF:2
LH:0
BRDA:20,0,0,0
BRDA:20,0,1,0
BRF:2
BRH:0
end_of_record
TN:
SF:C:\Users\mulhollm\Documents\GitHubDesktop\data-curator\src\renderer\partials\TableProperties.vue
FN:118,(anonymous_0)
FN:125,(anonymous_1)
FN:130,(anonymous_2)
FN:142,(anonymous_3)
FN:147,(anonymous_4)
FN:153,(anonymous_5)
FN:164,(anonymous_6)
FN:167,(anonymous_7)
FN:170,(anonymous_8)
FN:173,(anonymous_9)
FN:178,(anonymous_10)
FN:180,(anonymous_11)
FN:181,(anonymous_12)
FN:181,(anonymous_13)
FN:182,(anonymous_14)
FNF:15
FNH:6
FNDA:1,(anonymous_0)
FNDA:0,(anonymous_1)
FNDA:0,(anonymous_2)
FNDA:1,(anonymous_3)
FNDA:1,(anonymous_4)
FNDA:1,(anonymous_5)
FNDA:1,(anonymous_6)
FNDA:0,(anonymous_7)
FNDA:0,(anonymous_8)
FNDA:0,(anonymous_9)
FNDA:1,(anonymous_10)
FNDA:0,(anonymous_11)
FNDA:0,(anonymous_12)
FNDA:0,(anonymous_13)
FNDA:0,(anonymous_14)
DA:40,1
DA:52,1
DA:107,1
DA:108,0
DA:119,1
DA:120,1
DA:122,0
DA:123,0
DA:126,0
DA:127,0
DA:128,0
DA:132,0
DA:133,0
DA:134,0
DA:135,0
DA:143,1
DA:144,1
DA:145,0
DA:148,1
DA:150,0
DA:151,0
DA:154,1
DA:155,1
DA:156,0
DA:160,0
DA:161,0
DA:165,1
DA:168,0
DA:171,0
DA:174,0
DA:175,0
DA:179,1
DA:180,0
DA:181,0
DA:182,0
DA:183,0
DA:185,0
DA:186,0
DA:191,1
LF:39
LH:13
BRDA:133,0,0,0
BRDA:133,0,1,0
BRDA:155,1,0,0
BRDA:155,1,1,1
BRDA:156,2,0,0
BRDA:156,2,1,0
BRDA:183,3,0,0
BRDA:183,3,1,0
BRF:8
BRH:1
end_of_record
TN:
SF:C:\Users\mulhollm\Documents\GitHubDesktop\data-curator\src\renderer\provenance.js
FN:11,compileAndStringifyProvenance
FN:15,(anonymous_1)
FN:22,compileHotErrors
FN:27,stringifyProvenance
FN:29,(anonymous_4)
FN:35,getTabTitleFromHotId
FN:40,compileErrors
FN:45,errorsListToString
FN:46,(anonymous_8)
FNF:9
FNH:0
FNDA:0,compileAndStringifyProvenance
FNDA:0,(anonymous_1)
FNDA:0,compileHotErrors
FNDA:0,stringifyProvenance
FNDA:0,(anonymous_4)
FNDA:0,getTabTitleFromHotId
FNDA:0,compileErrors
FNDA:0,errorsListToString
FNDA:0,(anonymous_8)
DA:5,1
DA:6,1
DA:12,0
DA:13,0
DA:14,0
DA:15,0
DA:16,0
DA:17,0
DA:19,0
DA:23,0
DA:24,0
DA:28,0
DA:29,0
DA:30,0
DA:32,0
DA:36,0
DA:37,0
DA:41,0
DA:42,0
DA:46,0
DA:47,0
LF:21
LH:2
BRF:0
BRH:0
end_of_record
TN:
SF:C:\Users\mulhollm\Documents\GitHubDesktop\data-curator\src\renderer\ragged-rows.js
FN:4,fixRaggedRows
FN:6,(anonymous_1)
FN:11,getMaxRowLength
FN:12,(anonymous_3)
FNF:4
FNH:4
FNDA:1,fixRaggedRows
FNDA:1,(anonymous_1)
FNDA:1,getMaxRowLength
FNDA:1,(anonymous_3)
DA:5,1
DA:6,1
DA:7,1
DA:12,1
LF:4
LH:4
BRF:0
BRH:0
end_of_record
TN:
SF:C:\Users\mulhollm\Documents\GitHubDesktop\data-curator\src\renderer\router\index.js
FNF:0
FNH:0
DA:4,1
LF:1
LH:1
BRF:0
BRH:0
end_of_record
TN:
SF:C:\Users\mulhollm\Documents\GitHubDesktop\data-curator\src\renderer\rxSubject.js
FN:19,onNextHotIdFromTabRx
FN:24,onNextTabRx
FN:25,(anonymous_2)
FN:30,onNextSubjectFromPromise
FN:31,(anonymous_4)
FNF:5
FNH:2
FNDA:8,onNextHotIdFromTabRx
FNDA:8,onNextTabRx
FNDA:0,(anonymous_2)
FNDA:0,onNextSubjectFromPromise
FNDA:0,(anonymous_4)
DA:8,1
DA:9,1
DA:10,1
DA:11,1
DA:12,1
DA:13,1
DA:14,1
DA:15,1
DA:16,1
DA:17,1
DA:20,8
DA:21,8
DA:25,8
DA:26,0
DA:31,0
DA:32,0
LF:16
LH:13
BRF:0
BRH:0
end_of_record
TN:
SF:C:\Users\mulhollm\Documents\GitHubDesktop\data-curator\src\renderer\store\index.js
FNF:0
FNH:0
DA:6,1
LF:1
LH:1
BRF:0
BRH:0
end_of_record
TN:
SF:C:\Users\mulhollm\Documents\GitHubDesktop\data-curator\src\renderer\store\modules\hots.js
FN:10,getHotColumnPropertiesFromPropertyObject
FN:24,getHotIdFromTabIdFunction
FN:29,(anonymous_2)
FN:29,(anonymous_3)
FN:32,(anonymous_4)
FN:35,(anonymous_5)
FN:35,(anonymous_6)
FN:43,(anonymous_7)
FN:43,(anonymous_8)
FN:46,(anonymous_9)
FN:46,(anonymous_10)
FN:49,(anonymous_11)
FN:49,(anonymous_12)
FN:52,(anonymous_13)
FN:52,(anonymous_14)
FN:56,(anonymous_15)
FN:56,(anonymous_16)
FN:60,(anonymous_17)
FN:67,(anonymous_18)
FN:67,(anonymous_19)
FN:74,(anonymous_20)
FN:74,(anonymous_21)
FN:77,(anonymous_22)
FN:77,(anonymous_23)
FN:80,(anonymous_24)
FN:80,(anonymous_25)
FN:87,(anonymous_26)
FN:93,(anonymous_27)
FN:93,(anonymous_28)
FN:94,(anonymous_29)
FN:98,(anonymous_30)
FN:106,(anonymous_31)
FN:106,(anonymous_32)
FN:110,(anonymous_33)
FN:113,(anonymous_34)
FN:113,(anonymous_35)
FN:117,(anonymous_36)
FN:117,(anonymous_37)
FN:121,(anonymous_38)
FN:121,(anonymous_39)
FN:124,(anonymous_40)
FN:127,(anonymous_41)
FN:127,(anonymous_42)
FN:136,(anonymous_43)
FN:136,(anonymous_44)
FNF:45
FNH:2
FNDA:0,getHotColumnPropertiesFromPropertyObject
FNDA:8,getHotIdFromTabIdFunction
FNDA:0,(anonymous_2)
FNDA:0,(anonymous_3)
FNDA:0,(anonymous_4)
FNDA:0,(anonymous_5)
FNDA:0,(anonymous_6)
FNDA:0,(anonymous_7)
FNDA:0,(anonymous_8)
FNDA:0,(anonymous_9)
FNDA:0,(anonymous_10)
FNDA:0,(anonymous_11)
FNDA:0,(anonymous_12)
FNDA:0,(anonymous_13)
FNDA:0,(anonymous_14)
FNDA:0,(anonymous_15)
FNDA:0,(anonymous_16)
FNDA:0,(anonymous_17)
FNDA:0,(anonymous_18)
FNDA:0,(anonymous_19)
FNDA:0,(anonymous_20)
FNDA:0,(anonymous_21)
FNDA:0,(anonymous_22)
FNDA:0,(anonymous_23)
FNDA:0,(anonymous_24)
FNDA:0,(anonymous_25)
FNDA:0,(anonymous_26)
FNDA:8,(anonymous_27)
FNDA:0,(anonymous_28)
FNDA:0,(anonymous_29)
FNDA:0,(anonymous_30)
FNDA:0,(anonymous_31)
FNDA:0,(anonymous_32)
FNDA:0,(anonymous_33)
FNDA:0,(anonymous_34)
FNDA:0,(anonymous_35)
FNDA:0,(anonymous_36)
FNDA:0,(anonymous_37)
FNDA:0,(anonymous_38)
FNDA:0,(anonymous_39)
FNDA:0,(anonymous_40)
FNDA:0,(anonymous_41)
FNDA:0,(anonymous_42)
FNDA:0,(anonymous_43)
FNDA:0,(anonymous_44)
DA:3,1
DA:11,0
DA:12,0
DA:13,0
DA:14,0
DA:16,0
DA:17,0
DA:18,0
DA:19,0
DA:21,0
DA:25,8
DA:28,1
DA:29,0
DA:30,0
DA:33,0
DA:35,0
DA:36,0
DA:37,0
DA:38,0
DA:40,0
DA:43,0
DA:44,0
DA:46,0
DA:47,0
DA:49,0
DA:50,0
DA:52,0
DA:53,0
DA:56,0
DA:57,0
DA:58,0
DA:59,0
DA:60,0
DA:61,0
DA:63,0
DA:65,0
DA:67,0
DA:68,0
DA:69,0
DA:70,0
DA:72,0
DA:74,0
DA:75,0
DA:77,0
DA:78,0
DA:80,0
DA:81,0
DA:82,0
DA:83,0
DA:84,0
DA:87,0
DA:88,0
DA:89,0
DA:91,0
DA:93,8
DA:94,0
DA:95,0
DA:96,0
DA:98,0
DA:99,0
DA:102,0
DA:106,0
DA:107,0
DA:108,0
DA:111,0
DA:113,0
DA:114,0
DA:115,0
DA:117,0
DA:118,0
DA:119,0
DA:121,0
DA:122,0
DA:125,0
DA:127,0
DA:128,0
DA:129,0
DA:130,0
DA:131,0
DA:133,0
DA:136,0
DA:137,0
DA:138,0
DA:139,0
DA:140,0
DA:141,0
DA:143,0
DA:147,1
DA:149,0
DA:152,0
DA:155,0
DA:159,0
DA:163,0
DA:164,0
DA:165,0
DA:169,0
DA:172,0
DA:173,0
DA:174,0
DA:176,0
DA:177,0
DA:181,0
DA:182,0
DA:185,0
DA:186,0
DA:192,0
DA:196,0
DA:200,0
DA:201,0
DA:202,0
DA:205,10
DA:208,0
DA:209,0
DA:210,0
DA:211,0
DA:219,0
DA:220,0
DA:223,0
DA:224,0
DA:225,0
DA:226,0
DA:235,0
DA:236,0
DA:237,0
DA:239,0
DA:242,0
DA:243,0
DA:244,0
DA:245,0
DA:246,0
DA:247,0
DA:256,0
DA:257,0
DA:261,0
DA:262,0
DA:263,0
DA:264,0
DA:265,0
DA:266,0
DA:274,0
DA:276,0
DA:280,0
DA:281,0
DA:282,0
DA:283,0
DA:291,0
DA:292,0
DA:295,0
DA:296,0
DA:297,0
DA:298,0
DA:299,0
DA:300,0
DA:308,0
DA:310,0
DA:314,0
DA:315,0
DA:316,0
DA:317,0
DA:325,0
DA:326,0
DA:329,0
DA:332,0
DA:333,0
DA:334,0
DA:336,0
DA:337,0
DA:338,0
DA:339,0
DA:340,0
DA:342,0
DA:343,0
DA:344,0
DA:347,0
DA:348,0
DA:352,0
DA:353,0
DA:354,0
DA:358,0
DA:359,0
DA:363,0
DA:366,0
DA:367,0
DA:370,0
DA:371,0
DA:373,0
DA:377,0
DA:380,0
DA:381,0
DA:382,0
DA:386,0
DA:387,0
DA:388,0
DA:390,0
DA:393,0
DA:396,0
DA:397,0
DA:398,0
DA:400,0
DA:404,0
DA:405,0
DA:406,0
DA:408,0
DA:412,0
LF:204
LH:6
BRDA:12,0,0,0
BRDA:12,0,1,0
BRDA:17,1,0,0
BRDA:17,1,1,0
BRDA:37,2,0,0
BRDA:37,2,1,0
BRDA:50,3,0,0
BRDA:50,3,1,0
BRDA:53,4,0,0
BRDA:53,4,1,0
BRDA:59,5,0,0
BRDA:59,5,1,0
BRDA:70,6,0,0
BRDA:70,6,1,0
BRDA:83,7,0,0
BRDA:83,7,1,0
BRDA:96,8,0,0
BRDA:96,8,1,0
BRDA:118,9,0,0
BRDA:118,9,1,0
BRDA:130,10,0,0
BRDA:130,10,1,0
BRDA:139,11,0,0
BRDA:139,11,1,0
BRDA:140,12,0,0
BRDA:140,12,1,0
BRDA:173,13,0,0
BRDA:173,13,1,0
BRDA:176,14,0,0
BRDA:176,14,1,0
BRDA:208,15,0,0
BRDA:208,15,1,0
BRDA:209,16,0,0
BRDA:209,16,1,0
BRDA:210,17,0,0
BRDA:210,17,1,0
BRDA:223,18,0,0
BRDA:223,18,1,0
BRDA:224,19,0,0
BRDA:224,19,1,0
BRDA:225,20,0,0
BRDA:225,20,1,0
BRDA:243,21,0,0
BRDA:243,21,1,0
BRDA:244,22,0,0
BRDA:244,22,1,0
BRDA:245,23,0,0
BRDA:245,23,1,0
BRDA:246,24,0,0
BRDA:246,24,1,0
BRDA:262,25,0,0
BRDA:262,25,1,0
BRDA:263,26,0,0
BRDA:263,26,1,0
BRDA:264,27,0,0
BRDA:264,27,1,0
BRDA:265,28,0,0
BRDA:265,28,1,0
BRDA:280,29,0,0
BRDA:280,29,1,0
BRDA:281,30,0,0
BRDA:281,30,1,0
BRDA:282,31,0,0
BRDA:282,31,1,0
BRDA:296,32,0,0
BRDA:296,32,1,0
BRDA:297,33,0,0
BRDA:297,33,1,0
BRDA:298,34,0,0
BRDA:298,34,1,0
BRDA:299,35,0,0
BRDA:299,35,1,0
BRDA:314,36,0,0
BRDA:314,36,1,0
BRDA:315,37,0,0
BRDA:315,37,1,0
BRDA:316,38,0,0
BRDA:316,38,1,0
BRDA:347,39,0,0
BRDA:347,39,1,0
BRDA:347,40,0,0
BRDA:347,40,1,0
BRDA:353,41,0,0
BRDA:353,41,1,0
BRDA:353,42,0,0
BRDA:353,42,1,0
BRDA:358,43,0,0
BRDA:358,43,1,0
BRDA:358,44,0,0
BRDA:358,44,1,0
BRDA:370,45,0,0
BRDA:370,45,1,0
BRDA:381,46,0,0
BRDA:381,46,1,0
BRDA:381,47,0,0
BRDA:381,47,1,0
BRDA:387,48,0,0
BRDA:387,48,1,0
BRDA:397,49,0,0
BRDA:397,49,1,0
BRDA:405,50,0,0
BRDA:405,50,1,0
BRF:102
BRH:0
end_of_record
TN:
SF:C:\Users\mulhollm\Documents\GitHubDesktop\data-curator\src\renderer\store\modules\index.js
FN:9,(anonymous_0)
FNF:1
FNH:1
FNDA:3,(anonymous_0)
DA:6,1
DA:7,1
DA:9,1
DA:10,3
DA:11,2
LF:5
LH:5
BRDA:10,0,0,1
BRDA:10,0,1,2
BRF:2
BRH:2
end_of_record
TN:
SF:C:\Users\mulhollm\Documents\GitHubDesktop\data-curator\src\renderer\store\modules\tabs.js
FN:5,pushAllTabTitlesSubscription
FN:18,(anonymous_1)
FN:21,(anonymous_2)
FN:24,(anonymous_3)
FN:27,(anonymous_4)
FN:30,(anonymous_5)
FN:30,(anonymous_6)
FN:34,(anonymous_7)
FN:34,(anonymous_8)
FN:38,(anonymous_9)
FN:40,(anonymous_10)
FN:45,(anonymous_11)
FN:47,(anonymous_12)
FN:52,(anonymous_13)
FN:52,(anonymous_14)
FN:53,(anonymous_15)
FNF:16
FNH:1
FNDA:0,pushAllTabTitlesSubscription
FNDA:0,(anonymous_1)
FNDA:0,(anonymous_2)
FNDA:0,(anonymous_3)
FNDA:0,(anonymous_4)
FNDA:0,(anonymous_5)
FNDA:0,(anonymous_6)
FNDA:0,(anonymous_7)
FNDA:0,(anonymous_8)
FNDA:1,(anonymous_9)
FNDA:0,(anonymous_10)
FNDA:0,(anonymous_11)
FNDA:0,(anonymous_12)
FNDA:0,(anonymous_13)
FNDA:0,(anonymous_14)
FNDA:0,(anonymous_15)
DA:6,0
DA:9,1
DA:17,1
DA:19,0
DA:22,0
DA:25,0
DA:28,0
DA:30,0
DA:31,0
DA:32,0
DA:34,0
DA:35,0
DA:39,1
DA:40,1
DA:41,0
DA:43,1
DA:46,0
DA:47,0
DA:48,0
DA:50,0
DA:52,0
DA:53,0
DA:57,1
DA:59,0
DA:63,0
DA:64,0
DA:66,0
DA:68,0
DA:69,0
DA:72,0
DA:73,0
DA:74,0
DA:75,0
DA:77,0
DA:78,0
DA:79,0
DA:80,0
DA:84,0
DA:85,0
DA:86,0
DA:87,0
DA:91,0
DA:92,0
DA:93,0
DA:97,0
DA:99,0
DA:100,0
DA:101,0
DA:102,0
DA:103,0
DA:106,0
DA:107,0
DA:110,0
DA:113,0
DA:114,0
DA:115,0
LF:56
LH:6
BRDA:31,0,0,0
BRDA:31,0,1,0
BRDA:41,1,0,0
BRDA:41,1,1,0
BRDA:63,2,0,0
BRDA:63,2,1,0
BRDA:72,3,0,0
BRDA:72,3,1,0
BRDA:92,4,0,0
BRDA:92,4,1,0
BRF:10
BRH:0
end_of_record
TN:
SF:C:\Users\mulhollm\Documents\GitHubDesktop\data-curator\src\renderer\store\tabStoreUtilities.js
FN:4,setActiveGlobal
FN:9,resetGlobalFilenames
FN:14,extractNameFromFile
FNF:3
FNH:0
FNDA:0,setActiveGlobal
FNDA:0,resetGlobalFilenames
FNDA:0,extractNameFromFile
DA:5,0
DA:6,0
DA:10,0
DA:11,0
DA:15,0
DA:16,0
DA:17,0
LF:7
LH:0
BRF:0
BRH:0
end_of_record
