TN:
SF:test/features/support/hooks.js
FN:6,stopAppRunning
FN:21,tallyTestAppveyor
FN:24,(anonymous_2)
FN:35,(anonymous_3)
FN:52,(anonymous_4)
FNF:5
FNH:4
FNDA:73,stopAppRunning
FNDA:73,tallyTestAppveyor
FNDA:0,(anonymous_2)
FNDA:73,(anonymous_3)
FNDA:73,(anonymous_4)
DA:7,73
DA:8,73
DA:10,73
DA:13,73
DA:14,73
DA:17,73
DA:22,73
DA:23,0
DA:24,0
DA:25,0
DA:26,0
DA:27,0
DA:29,0
DA:30,0
DA:35,1
DA:36,73
DA:37,73
DA:38,1
DA:39,1
DA:40,1
DA:44,73
DA:46,0
DA:48,73
DA:52,1
DA:53,73
DA:55,73
DA:57,73
DA:58,73
DA:59,73
DA:60,73
DA:61,73
DA:62,73
DA:63,73
DA:64,73
DA:65,73
DA:66,73
DA:67,73
DA:68,73
DA:69,73
DA:70,73
DA:71,73
DA:72,73
DA:73,73
DA:77,0
DA:78,0
LF:45
LH:35
BRDA:8,0,0,73
BRDA:8,0,1,0
BRDA:8,1,0,73
BRDA:8,1,1,73
BRDA:13,2,0,73
BRDA:13,2,1,0
BRDA:13,3,0,73
BRDA:13,3,1,73
BRDA:22,4,0,0
BRDA:22,4,1,73
BRDA:25,5,0,0
BRDA:25,5,1,0
BRDA:37,6,0,1
BRDA:37,6,1,72
BRDA:38,7,0,1
BRDA:38,7,1,0
BRDA:38,8,0,1
BRDA:38,8,1,1
BRF:18
BRH:12
end_of_record
TN:
SF:test/features/support/pageObjects.js
FNF:0
FNH:0
LF:0
LH:0
BRF:0
BRH:0
end_of_record
TN:
SF:test/features/support/world.js
FN:10,CustomWorld
FN:23,createApp
FNF:2
FNH:2
FNDA:84,CustomWorld
FNDA:84,createApp
DA:7,1
DA:8,1
DA:11,84
DA:12,84
DA:13,84
DA:14,84
DA:16,84
DA:17,84
DA:19,0
DA:24,84
DA:39,1
LF:11
LH:10
BRDA:13,0,0,84
BRDA:13,0,1,0
BRF:2
BRH:1
end_of_record
TN:
SF:test/features/support/edit/data_entry_steps.js
FN:6,(anonymous_0)
FN:10,(anonymous_1)
FN:14,(anonymous_2)
FN:21,(anonymous_3)
FN:30,(anonymous_4)
FN:39,(anonymous_5)
FNF:6
FNH:4
FNDA:72,(anonymous_0)
FNDA:0,(anonymous_1)
FNDA:32,(anonymous_2)
FNDA:32,(anonymous_3)
FNDA:16,(anonymous_4)
FNDA:0,(anonymous_5)
DA:6,1
DA:7,72
DA:10,1
DA:11,0
DA:14,1
DA:15,32
DA:16,32
DA:17,32
DA:18,32
DA:19,32
DA:20,32
DA:21,32
DA:23,32
DA:24,32
DA:25,32
DA:30,1
DA:31,16
DA:32,16
DA:33,16
DA:34,16
DA:35,0
DA:39,1
DA:40,0
DA:46,0
LF:24
LH:20
BRDA:18,0,0,32
BRDA:18,0,1,0
BRDA:34,1,0,0
BRDA:34,1,1,16
BRF:4
BRH:2
end_of_record
TN:
SF:test/features/support/edit/insert_steps.js
FN:11,(anonymous_0)
FN:19,(anonymous_1)
FN:25,(anonymous_2)
FN:31,(anonymous_3)
FN:43,(anonymous_4)
FN:50,(anonymous_5)
FN:57,(anonymous_6)
FN:64,(anonymous_7)
FN:71,(anonymous_8)
FN:78,(anonymous_9)
FN:83,(anonymous_10)
FNF:11
FNH:5
FNDA:56,(anonymous_0)
FNDA:4,(anonymous_1)
FNDA:4,(anonymous_2)
FNDA:4,(anonymous_3)
FNDA:0,(anonymous_4)
FNDA:0,(anonymous_5)
FNDA:0,(anonymous_6)
FNDA:0,(anonymous_7)
FNDA:13,(anonymous_8)
FNDA:0,(anonymous_9)
FNDA:0,(anonymous_10)
DA:11,1
DA:12,56
DA:13,56
DA:14,56
DA:15,56
DA:16,56
DA:19,1
DA:20,4
DA:21,4
DA:25,1
DA:26,4
DA:27,4
DA:28,4
DA:31,1
DA:32,4
DA:33,4
DA:34,4
DA:35,4
DA:36,4
DA:37,4
DA:38,4
DA:39,4
DA:40,4
DA:43,1
DA:44,0
DA:45,0
DA:46,0
DA:47,0
DA:50,1
DA:51,0
DA:52,0
DA:53,0
DA:54,0
DA:57,1
DA:58,0
DA:59,0
DA:60,0
DA:61,0
DA:64,1
DA:65,0
DA:66,0
DA:67,0
DA:68,0
DA:71,1
DA:72,13
DA:73,13
DA:74,13
DA:75,13
DA:78,1
DA:79,0
DA:80,0
DA:83,1
DA:84,0
DA:85,0
LF:54
LH:34
BRF:0
BRH:0
end_of_record
TN:
SF:test/features/support/file/new_steps.js
FN:21,(anonymous_0)
FN:27,(anonymous_1)
FN:39,(anonymous_2)
FN:45,(anonymous_3)
FN:51,(anonymous_4)
FN:57,(anonymous_5)
FN:65,(anonymous_6)
FN:80,(anonymous_7)
FN:88,(anonymous_8)
FN:94,(anonymous_9)
FN:101,(anonymous_10)
FNF:11
FNH:11
FNDA:73,(anonymous_0)
FNDA:48,(anonymous_1)
FNDA:24,(anonymous_2)
FNDA:1,(anonymous_3)
FNDA:4,(anonymous_4)
FNDA:1,(anonymous_5)
FNDA:1,(anonymous_6)
FNDA:3,(anonymous_7)
FNDA:3,(anonymous_8)
FNDA:1,(anonymous_9)
FNDA:2,(anonymous_10)
DA:21,1
DA:22,73
DA:23,73
DA:24,73
DA:27,1
DA:28,48
DA:29,48
DA:30,48
DA:32,48
DA:34,0
DA:35,0
DA:39,1
DA:41,24
DA:42,24
DA:45,1
DA:46,1
DA:47,1
DA:48,1
DA:51,1
DA:52,4
DA:53,4
DA:54,4
DA:57,1
DA:58,1
DA:59,1
DA:60,1
DA:61,1
DA:62,1
DA:65,1
DA:66,1
DA:67,1
DA:68,1
DA:69,1
DA:70,1
DA:71,1
DA:72,2
DA:73,2
DA:74,1
DA:77,1
DA:80,1
DA:81,3
DA:82,3
DA:83,3
DA:84,3
DA:85,3
DA:88,1
DA:89,3
DA:90,3
DA:91,3
DA:94,1
DA:95,1
DA:96,1
DA:97,1
DA:98,1
DA:101,1
LF:55
LH:53
BRDA:29,0,0,48
BRDA:29,0,1,0
BRDA:73,1,0,1
BRDA:73,1,1,1
BRF:4
BRH:3
end_of_record
TN:
SF:test/features/support/file/open-comma-separated-file_steps.js
FN:9,(anonymous_0)
FN:28,(anonymous_1)
FN:33,(anonymous_2)
FNF:3
FNH:3
FNDA:1,(anonymous_0)
FNDA:1,(anonymous_1)
FNDA:1,(anonymous_2)
DA:9,1
DA:10,1
DA:12,1
DA:15,1
DA:16,1
DA:18,0
DA:20,1
DA:21,1
DA:22,1
DA:23,1
DA:24,1
DA:25,1
DA:28,1
DA:29,1
DA:30,1
DA:33,1
DA:34,1
DA:35,1
DA:36,1
DA:37,1
LF:20
LH:19
BRDA:12,0,0,1
BRDA:12,0,1,0
BRF:2
BRH:1
end_of_record
TN:
SF:test/features/support/file/save_file.js
FN:5,(anonymous_0)
FN:10,(anonymous_1)
FNF:2
FNH:2
FNDA:2,(anonymous_0)
FNDA:2,(anonymous_1)
DA:5,1
DA:6,2
DA:7,2
DA:10,1
DA:11,2
DA:12,2
DA:13,2
LF:7
LH:7
BRF:0
BRH:0
end_of_record
TN:
SF:test/features/support/find/find_steps.js
FN:18,(anonymous_0)
FN:23,(anonymous_1)
FN:27,(anonymous_2)
FN:34,(anonymous_3)
FN:52,(anonymous_4)
FN:64,(anonymous_5)
FN:75,(anonymous_6)
FN:86,(anonymous_7)
FN:91,(anonymous_8)
FNF:9
FNH:9
FNDA:4,(anonymous_0)
FNDA:2,(anonymous_1)
FNDA:8,(anonymous_2)
FNDA:56,(anonymous_3)
FNDA:16,(anonymous_4)
FNDA:8,(anonymous_5)
FNDA:16,(anonymous_6)
FNDA:48,(anonymous_7)
FNDA:48,(anonymous_8)
DA:16,1
DA:18,1
DA:19,4
DA:20,4
DA:23,1
DA:24,2
DA:27,1
DA:28,8
DA:29,8
DA:30,0
DA:32,8
DA:33,8
DA:34,8
DA:35,56
DA:36,56
DA:38,8
DA:39,8
DA:46,8
DA:47,8
DA:48,8
DA:49,8
DA:52,1
DA:53,16
DA:54,16
DA:55,16
DA:56,16
DA:58,16
DA:59,16
DA:60,16
DA:61,16
DA:64,1
DA:65,8
DA:66,8
DA:67,8
DA:68,8
DA:69,8
DA:70,8
DA:71,8
DA:72,8
DA:75,1
DA:76,16
DA:77,16
DA:78,16
DA:79,16
DA:80,16
DA:81,16
DA:82,16
DA:83,16
DA:86,1
DA:87,48
DA:88,48
DA:91,1
DA:92,48
DA:93,48
LF:54
LH:53
BRDA:29,0,0,0
BRDA:29,0,1,8
BRF:2
BRH:1
end_of_record
TN:
SF:test/features/support/help/help_steps.js
FN:5,(anonymous_0)
FNF:1
FNH:1
FNDA:1,(anonymous_0)
DA:5,1
DA:6,1
DA:7,1
DA:8,1
DA:9,29
DA:11,1
LF:6
LH:6
BRF:0
BRH:0
end_of_record
TN:
SF:test/features/support/other/navigation-panels_steps.js
FN:4,(anonymous_0)
FNF:1
FNH:1
FNDA:2,(anonymous_0)
DA:4,1
DA:5,2
LF:2
LH:2
BRF:0
BRH:0
end_of_record
TN:
SF:test/features/support/other/navigation_steps.js
FN:7,(anonymous_0)
FN:16,(anonymous_1)
FNF:2
FNH:2
FNDA:2,(anonymous_0)
FNDA:1,(anonymous_1)
DA:5,1
DA:7,1
DA:8,2
DA:9,2
DA:10,2
DA:11,2
DA:12,2
DA:16,1
DA:17,1
LF:9
LH:9
BRDA:10,0,0,2
BRDA:10,0,1,0
BRF:2
BRH:1
end_of_record
TN:
SF:test/features/support/page-objects/data.js
FN:6,expectActiveTableToHoldExpectedDataWithHeaderIncluded
FN:15,(anonymous_1)
FN:32,expectActiveTableToHoldExpectedDataWithNoHeaderIncluded
FNF:3
FNH:2
FNDA:72,expectActiveTableToHoldExpectedDataWithHeaderIncluded
FNDA:216,(anonymous_1)
FNDA:0,expectActiveTableToHoldExpectedDataWithNoHeaderIncluded
DA:7,72
DA:8,72
DA:9,72
DA:10,72
DA:11,72
DA:13,72
DA:15,216
DA:17,216
DA:18,216
DA:22,72
DA:23,72
DA:24,504
DA:25,1512
DA:26,1512
DA:27,1512
DA:33,0
DA:35,0
DA:36,0
DA:37,0
DA:38,0
DA:39,0
DA:40,0
LF:22
LH:15
BRF:0
BRH:0
end_of_record
TN:
SF:test/features/support/page-objects/dimensions.js
FN:4,tableRowAndColCount
FN:10,getNumberOfColumns
FN:15,getNumberOfRows
FN:20,getIndexOfCurrentColumnInCurrentRow
FN:26,getIndexOfCurrentRowInRows
FN:32,getColumnsAsClassInCurrentRow
FN:38,getRowsAsClass
FN:44,collectClass
FN:55,getColumnElementsInCurrentRow
FN:60,getCurrentRowHeader
FN:67,getAllRowHeaders
FNF:11
FNH:5
FNDA:1,tableRowAndColCount
FNDA:74,getNumberOfColumns
FNDA:74,getNumberOfRows
FNDA:0,getIndexOfCurrentColumnInCurrentRow
FNDA:0,getIndexOfCurrentRowInRows
FNDA:0,getColumnsAsClassInCurrentRow
FNDA:0,getRowsAsClass
FNDA:0,collectClass
FNDA:74,getColumnElementsInCurrentRow
FNDA:0,getCurrentRowHeader
FNDA:74,getAllRowHeaders
DA:5,1
DA:6,1
DA:7,1
DA:11,74
DA:12,74
DA:16,74
DA:17,74
DA:21,0
DA:22,0
DA:23,0
DA:27,0
DA:28,0
DA:29,0
DA:33,0
DA:34,0
DA:35,0
DA:39,0
DA:40,0
DA:41,0
DA:45,0
DA:46,0
DA:47,0
DA:48,0
DA:50,0
DA:56,74
DA:57,74
DA:61,0
DA:64,0
DA:68,74
DA:69,74
LF:30
LH:11
BRDA:48,0,0,0
BRDA:48,0,1,0
BRF:2
BRH:0
end_of_record
TN:
SF:test/features/support/page-objects/find.js
FN:6,getRowIndicesOfCaseInsensitiveSearchText
FN:18,getRowIndicesOfCaseSensitiveSearchText
FN:29,getRowIndicesOfFoundBackgroundColors
FNF:3
FNH:3
FNDA:32,getRowIndicesOfCaseInsensitiveSearchText
FNDA:16,getRowIndicesOfCaseSensitiveSearchText
FNDA:48,getRowIndicesOfFoundBackgroundColors
DA:7,32
DA:8,32
DA:9,224
DA:10,78
DA:13,32
DA:14,32
DA:15,32
DA:19,16
DA:20,16
DA:21,112
DA:22,34
DA:25,16
DA:26,16
DA:30,48
DA:31,48
DA:32,336
DA:33,136
DA:36,48
DA:37,48
LF:19
LH:19
BRDA:9,0,0,78
BRDA:9,0,1,146
BRDA:21,1,0,34
BRDA:21,1,1,78
BRDA:32,2,0,136
BRDA:32,2,1,200
BRF:6
BRH:6
end_of_record
TN:
SF:test/features/support/page-objects/helpers.js
FN:4,mapArrayToInteger
FN:5,(anonymous_1)
FN:12,sendOpenUrlCall
FN:16,collectText
FN:20,collectWithFn
FN:29,waitForDisplayedDefault
FNF:6
FNH:4
FNDA:0,mapArrayToInteger
FNDA:0,(anonymous_1)
FNDA:1,sendOpenUrlCall
FNDA:11,collectText
FNDA:168,collectWithFn
FNDA:85,waitForDisplayedDefault
DA:5,0
DA:6,0
DA:7,0
DA:13,1
DA:17,11
DA:21,168
DA:22,168
DA:23,872
DA:24,872
DA:26,168
DA:30,85
LF:11
LH:8
BRDA:6,0,0,0
BRDA:6,0,1,0
BRDA:23,1,0,519
BRDA:23,1,1,353
BRF:4
BRH:2
end_of_record
TN:
SF:test/features/support/page-objects/io.js
FN:6,getFilePathFromFixtures
FN:11,getFileData
FN:18,isDataEqualToDefaultData
FN:26,saveAndReturnData
FN:34,arrayOfLinesToString
FN:35,(anonymous_5)
FN:40,enterInputInFieldName
FN:47,clickInputFieldName
FN:52,applyFnToIdOrClassSelector
FNF:9
FNH:7
FNDA:1,getFilePathFromFixtures
FNDA:1,getFileData
FNDA:0,isDataEqualToDefaultData
FNDA:2,saveAndReturnData
FNDA:2,arrayOfLinesToString
FNDA:3,(anonymous_5)
FNDA:72,enterInputInFieldName
FNDA:0,clickInputFieldName
FNDA:72,applyFnToIdOrClassSelector
DA:7,1
DA:8,1
DA:12,1
DA:13,1
DA:16,1
DA:20,0
DA:21,0
DA:23,0
DA:27,2
DA:28,2
DA:29,2
DA:30,2
DA:31,2
DA:35,2
DA:36,3
DA:41,72
DA:42,72
DA:43,72
DA:44,72
DA:48,0
DA:49,0
DA:53,72
DA:54,72
DA:55,0
DA:57,72
DA:58,72
DA:59,72
LF:27
LH:21
BRDA:23,0,0,0
BRDA:23,0,1,0
BRF:2
BRH:0
end_of_record
TN:
SF:test/features/support/page-objects/menu.js
FN:4,invokeActions
FN:19,clickOnToolbarMenuButton
FN:25,findToolBarMenuButtonElementObjectContainingName
FN:50,getElementIdFromToolbarMenuName
FN:51,(anonymous_4)
FN:55,clickOnMenuItemFromMenu
FNF:6
FNH:4
FNDA:120,invokeActions
FNDA:7,clickOnToolbarMenuButton
FNDA:7,findToolBarMenuButtonElementObjectContainingName
FNDA:0,getElementIdFromToolbarMenuName
FNDA:0,(anonymous_4)
FNDA:113,clickOnMenuItemFromMenu
DA:5,120
DA:7,7
DA:8,7
DA:10,113
DA:11,113
DA:12,113
DA:13,113
DA:15,0
DA:20,7
DA:21,7
DA:22,7
DA:26,7
DA:27,7
DA:28,7
DA:29,7
DA:30,7
DA:31,7
DA:32,56
DA:33,56
DA:34,56
DA:35,56
DA:36,1
DA:38,56
DA:39,7
DA:43,7
DA:44,7
DA:45,0
DA:47,7
DA:51,0
DA:52,0
DA:56,113
DA:57,113
DA:58,113
LF:33
LH:29
BRDA:5,0,0,7
BRDA:5,0,1,113
BRDA:5,0,2,0
BRDA:35,1,0,1
BRDA:35,1,1,55
BRDA:38,2,0,7
BRDA:38,2,1,49
BRDA:43,3,0,1
BRDA:43,3,1,6
BRDA:43,4,0,6
BRDA:43,4,1,0
BRDA:44,5,0,0
BRDA:44,5,1,7
BRF:13
BRH:10
end_of_record
TN:
SF:test/features/support/page-objects/messages.js
FNF:0
FNH:0
DA:1,1
LF:1
LH:1
BRF:0
BRH:0
end_of_record
TN:
SF:test/features/support/page-objects/mockMainProcess.js
FN:4,applyMock
FN:11,mockShell
FNF:2
FNH:2
FNDA:73,applyMock
FNDA:1,mockShell
DA:3,1
DA:5,73
DA:6,73
DA:7,73
DA:8,73
DA:12,1
DA:13,1
DA:14,1
LF:8
LH:8
BRF:0
BRH:0
end_of_record
TN:
SF:test/features/support/page-objects/selectors.js
FN:4,waitForVisibleIdFromLabel
FN:19,returnInputIdSelector
FN:30,applyFnToIdOrClassSelectorFromLabel
FN:39,applyFnToSelectorWithLabel
FN:44,applyFnToOneOfDualSelectors
FN:57,replaceLabelWithKebabAndCamelCase
FN:63,kebabAndCamelCase
FN:69,getCurrentColumnCellsTextResults
FN:82,getBackgroundColorOfCellsInCurrentColumn
FN:87,getCurrentColumnSelector
FN:101,(anonymous_10)
FN:130,getPlaceholderValue
FN:137,displayActiveTable
FN:143,activeTabElement
FN:147,allTabElements
FN:151,activeTableElement
FNF:16
FNH:15
FNDA:2,waitForVisibleIdFromLabel
FNDA:48,returnInputIdSelector
FNDA:1,applyFnToIdOrClassSelectorFromLabel
FNDA:147,applyFnToSelectorWithLabel
FNDA:147,applyFnToOneOfDualSelectors
FNDA:147,replaceLabelWithKebabAndCamelCase
FNDA:0,kebabAndCamelCase
FNDA:48,getCurrentColumnCellsTextResults
FNDA:48,getBackgroundColorOfCellsInCurrentColumn
FNDA:48,getCurrentColumnSelector
FNDA:78,(anonymous_10)
FNDA:96,getPlaceholderValue
FNDA:83,displayActiveTable
FNDA:1,activeTabElement
FNDA:1,allTabElements
FNDA:161,activeTableElement
DA:5,2
DA:6,2
DA:7,2
DA:8,2
DA:9,2
DA:10,0
DA:12,2
DA:13,2
DA:14,2
DA:15,2
DA:20,48
DA:21,48
DA:22,48
DA:23,48
DA:25,0
DA:26,0
DA:31,1
DA:32,1
DA:34,0
DA:35,0
DA:40,147
DA:41,147
DA:45,147
DA:46,147
DA:47,147
DA:48,73
DA:50,74
DA:51,74
DA:52,74
DA:53,2
DA:58,147
DA:59,147
DA:60,147
DA:64,0
DA:65,0
DA:66,0
DA:70,48
DA:71,48
DA:72,48
DA:78,48
DA:79,48
DA:83,48
DA:84,48
DA:88,48
DA:89,48
DA:90,48
DA:91,58
DA:92,58
DA:93,58
DA:94,58
DA:95,58
DA:96,58
DA:97,58
DA:98,58
DA:101,78
DA:102,58
DA:104,48
DA:131,96
DA:132,96
DA:133,96
DA:134,96
DA:138,83
DA:139,83
DA:140,83
DA:144,1
DA:148,1
DA:152,161
DA:155,1
DA:156,1
DA:157,1
DA:158,1
DA:159,1
DA:160,1
DA:161,1
DA:162,1
DA:163,1
LF:76
LH:68
BRDA:96,0,0,58
BRDA:96,0,1,0
BRDA:102,1,0,48
BRDA:102,1,1,10
BRF:4
BRH:3
end_of_record
TN:
SF:test/features/support/page-objects/style.js
FNF:0
FNH:0
DA:2,1
DA:3,1
DA:4,1
LF:3
LH:3
BRF:0
BRH:0
end_of_record
TN:
SF:test/features/support/tools/guess-column-properties_steps.js
FN:3,(anonymous_0)
FNF:1
FNH:0
FNDA:0,(anonymous_0)
DA:3,1
DA:4,0
LF:2
LH:1
BRF:0
BRH:0
end_of_record
TN:
SF:test/features/support/tools/menu_steps.js
FN:7,(anonymous_0)
FN:11,(anonymous_1)
FN:21,(anonymous_2)
FN:25,(anonymous_3)
FN:29,(anonymous_4)
FN:33,(anonymous_5)
FN:37,(anonymous_6)
FN:45,(anonymous_7)
FN:49,(anonymous_8)
FN:54,(anonymous_9)
FN:60,(anonymous_10)
FN:65,(anonymous_11)
FNF:12
FNH:5
FNDA:48,(anonymous_0)
FNDA:0,(anonymous_1)
FNDA:0,(anonymous_2)
FNDA:0,(anonymous_3)
FNDA:0,(anonymous_4)
FNDA:0,(anonymous_5)
FNDA:0,(anonymous_6)
FNDA:72,(anonymous_7)
FNDA:0,(anonymous_8)
FNDA:1,(anonymous_9)
FNDA:1,(anonymous_10)
FNDA:1,(anonymous_11)
DA:7,1
DA:8,48
DA:11,1
DA:12,0
DA:21,1
DA:22,0
DA:25,1
DA:26,0
DA:29,1
DA:30,0
DA:33,1
DA:34,0
DA:37,1
DA:38,0
DA:45,1
DA:46,72
DA:49,1
DA:50,0
DA:51,0
DA:54,1
DA:55,1
DA:56,1
DA:60,1
DA:61,1
DA:62,1
DA:65,1
DA:66,1
DA:70,1
LF:28
LH:20
BRF:0
BRH:0
end_of_record
TN:
SF:test/features/support/validation/messages.js
FN:9,(anonymous_0)
FN:13,(anonymous_1)
FN:18,(anonymous_2)
FN:22,(anonymous_3)
FN:27,(anonymous_4)
FN:30,(anonymous_5)
FN:36,(anonymous_6)
FN:41,(anonymous_7)
FN:109,(anonymous_8)
FN:133,(anonymous_9)
FN:136,(anonymous_10)
FN:141,(anonymous_11)
FNF:12
FNH:1
FNDA:0,(anonymous_0)
FNDA:0,(anonymous_1)
FNDA:1,(anonymous_2)
FNDA:0,(anonymous_3)
FNDA:0,(anonymous_4)
FNDA:0,(anonymous_5)
FNDA:0,(anonymous_6)
FNDA:0,(anonymous_7)
FNDA:0,(anonymous_8)
FNDA:0,(anonymous_9)
FNDA:0,(anonymous_10)
FNDA:0,(anonymous_11)
DA:9,1
DA:10,0
DA:11,0
DA:14,0
DA:18,1
DA:19,1
DA:20,1
DA:23,0
DA:27,1
DA:28,0
DA:29,0
DA:30,0
DA:31,0
DA:33,0
DA:34,0
DA:37,0
DA:41,1
DA:42,0
DA:43,0
DA:44,0
DA:45,0
DA:46,0
DA:47,0
DA:48,0
DA:49,0
DA:50,0
DA:51,0
DA:52,0
DA:53,0
DA:54,0
DA:55,0
DA:57,0
DA:58,0
DA:59,0
DA:60,0
DA:62,0
DA:63,0
DA:64,0
DA:65,0
DA:67,0
DA:68,0
DA:69,0
DA:70,0
DA:71,0
DA:72,0
DA:73,0
DA:75,0
DA:77,0
DA:78,0
DA:79,0
DA:80,0
DA:81,0
DA:82,0
DA:83,0
DA:84,0
DA:85,0
DA:86,0
DA:87,0
DA:89,0
DA:91,0
DA:92,0
DA:93,0
DA:94,0
DA:95,0
DA:96,0
DA:97,0
DA:99,0
DA:101,0
DA:102,0
DA:103,0
DA:104,0
DA:105,0
DA:109,1
DA:110,0
DA:111,0
DA:112,0
DA:113,0
DA:116,0
DA:117,0
DA:118,0
DA:119,0
DA:122,0
DA:123,0
DA:124,0
DA:125,0
DA:126,0
DA:127,0
DA:128,0
DA:129,0
DA:133,1
DA:134,0
DA:137,0
DA:141,1
DA:142,0
DA:143,0
DA:144,0
DA:145,0
DA:146,0
DA:147,0
DA:148,0
DA:149,0
DA:150,0
LF:102
LH:9
BRDA:85,0,0,0
BRDA:85,0,1,0
BRDA:95,1,0,0
BRDA:95,1,1,0
BRF:4
BRH:0
end_of_record
