TN:
SF:test/features/support/hooks.js
FN:6,stopAppRunning
FN:21,tallyTestAppveyor
FN:24,(anonymous_2)
FN:35,(anonymous_3)
FN:52,(anonymous_4)
FNF:5
FNH:4
FNDA:47,stopAppRunning
FNDA:47,tallyTestAppveyor
FNDA:0,(anonymous_2)
FNDA:47,(anonymous_3)
FNDA:47,(anonymous_4)
DA:7,47
DA:8,47
DA:10,47
DA:13,47
DA:14,47
DA:17,47
DA:22,47
DA:23,0
DA:24,0
DA:25,0
DA:26,0
DA:27,0
DA:29,0
DA:30,0
DA:35,1
DA:36,47
DA:37,47
DA:38,1
DA:39,1
DA:40,1
DA:44,47
DA:46,0
DA:48,47
DA:52,1
DA:53,47
DA:55,47
DA:57,47
DA:58,47
DA:59,47
DA:60,47
DA:61,47
DA:62,47
DA:63,47
DA:64,47
DA:65,47
DA:66,47
DA:67,47
DA:68,47
DA:69,47
DA:70,47
DA:71,47
DA:72,47
DA:73,47
DA:77,0
DA:78,0
LF:45
LH:35
BRDA:8,0,0,47
BRDA:8,0,1,0
BRDA:8,1,0,47
BRDA:8,1,1,47
BRDA:13,2,0,47
BRDA:13,2,1,0
BRDA:13,3,0,47
BRDA:13,3,1,47
BRDA:22,4,0,0
BRDA:22,4,1,47
BRDA:25,5,0,0
BRDA:25,5,1,0
BRDA:37,6,0,1
BRDA:37,6,1,46
BRDA:38,7,0,1
BRDA:38,7,1,0
BRDA:38,8,0,1
BRDA:38,8,1,1
BRF:18
BRH:12
end_of_record
TN:
SF:test/features/support/pageObjects.js
FNF:0
FNH:0
LF:0
LH:0
BRF:0
BRH:0
end_of_record
TN:
SF:test/features/support/world.js
FN:10,CustomWorld
FN:23,createApp
FNF:2
FNH:2
FNDA:84,CustomWorld
FNDA:84,createApp
DA:7,1
DA:8,1
DA:11,84
DA:12,84
DA:13,84
DA:14,84
DA:16,84
DA:17,84
DA:19,0
DA:24,84
DA:39,1
LF:11
LH:10
BRDA:13,0,0,84
BRDA:13,0,1,0
BRF:2
BRH:1
end_of_record
TN:
SF:test/features/support/edit/data_entry_steps.js
FN:6,(anonymous_0)
FN:10,(anonymous_1)
FN:14,(anonymous_2)
FN:21,(anonymous_3)
FN:28,(anonymous_4)
FNF:5
FNH:3
FNDA:26,(anonymous_0)
FNDA:0,(anonymous_1)
FNDA:16,(anonymous_2)
FNDA:9,(anonymous_3)
FNDA:0,(anonymous_4)
DA:6,1
DA:7,26
DA:10,1
DA:11,0
DA:14,1
DA:15,16
DA:16,16
DA:17,16
DA:21,1
DA:22,9
DA:23,9
DA:24,0
DA:28,1
DA:29,0
DA:35,0
LF:15
LH:11
BRDA:16,0,0,16
BRDA:16,0,1,0
BRDA:23,1,0,0
BRDA:23,1,1,9
BRF:4
BRH:2
end_of_record
TN:
SF:test/features/support/edit/insert_steps.js
FN:11,(anonymous_0)
FN:19,(anonymous_1)
FN:25,(anonymous_2)
FN:31,(anonymous_3)
FN:43,(anonymous_4)
FN:50,(anonymous_5)
FN:57,(anonymous_6)
FN:64,(anonymous_7)
FN:71,(anonymous_8)
FN:78,(anonymous_9)
FN:83,(anonymous_10)
FNF:11
FNH:5
FNDA:33,(anonymous_0)
FNDA:4,(anonymous_1)
FNDA:4,(anonymous_2)
FNDA:4,(anonymous_3)
FNDA:0,(anonymous_4)
FNDA:0,(anonymous_5)
FNDA:0,(anonymous_6)
FNDA:0,(anonymous_7)
FNDA:12,(anonymous_8)
FNDA:0,(anonymous_9)
FNDA:0,(anonymous_10)
DA:11,1
DA:12,33
DA:13,33
DA:14,33
DA:15,33
DA:16,33
DA:19,1
DA:20,4
DA:21,4
DA:25,1
DA:26,4
DA:27,4
DA:28,4
DA:31,1
DA:32,4
DA:33,4
DA:34,4
DA:35,4
DA:36,4
DA:37,4
DA:38,4
DA:39,4
DA:40,4
DA:43,1
DA:44,0
DA:45,0
DA:46,0
DA:47,0
DA:50,1
DA:51,0
DA:52,0
DA:53,0
DA:54,0
DA:57,1
DA:58,0
DA:59,0
DA:60,0
DA:61,0
DA:64,1
DA:65,0
DA:66,0
DA:67,0
DA:68,0
DA:71,1
DA:72,12
DA:73,12
DA:74,12
DA:75,12
DA:78,1
DA:79,0
DA:80,0
DA:83,1
DA:84,0
DA:85,0
LF:54
LH:34
BRF:0
BRH:0
end_of_record
TN:
SF:test/features/support/file/new_steps.js
FN:17,(anonymous_0)
FN:23,(anonymous_1)
FN:32,(anonymous_2)
FN:49,(anonymous_3)
FN:55,(anonymous_4)
FN:61,(anonymous_5)
FN:69,(anonymous_6)
FN:84,(anonymous_7)
FN:92,(anonymous_8)
FN:98,(anonymous_9)
FN:105,(anonymous_10)
FNF:11
FNH:11
FNDA:47,(anonymous_0)
FNDA:26,(anonymous_1)
FNDA:75,(anonymous_2)
FNDA:1,(anonymous_3)
FNDA:2,(anonymous_4)
FNDA:1,(anonymous_5)
FNDA:1,(anonymous_6)
FNDA:2,(anonymous_7)
FNDA:2,(anonymous_8)
FNDA:1,(anonymous_9)
FNDA:2,(anonymous_10)
DA:17,1
DA:18,47
DA:19,47
DA:20,47
DA:23,1
DA:25,26
DA:26,26
DA:27,26
DA:28,26
DA:30,26
DA:32,76
DA:34,75
DA:35,75
DA:39,25
DA:40,25
DA:41,175
DA:42,525
DA:43,525
DA:44,525
DA:49,1
DA:50,1
DA:51,1
DA:52,1
DA:55,1
DA:56,2
DA:57,2
DA:58,2
DA:61,1
DA:62,1
DA:63,1
DA:64,1
DA:65,1
DA:66,1
DA:69,1
DA:70,1
DA:71,1
DA:72,1
DA:73,1
DA:74,1
DA:75,1
DA:76,2
DA:77,2
DA:78,1
DA:81,1
DA:84,1
DA:85,2
DA:86,2
DA:87,2
DA:88,2
DA:89,2
DA:92,1
DA:93,2
DA:94,2
DA:95,2
DA:98,1
DA:99,1
DA:100,1
DA:101,1
DA:102,1
DA:105,1
LF:60
LH:60
BRDA:77,0,0,1
BRDA:77,0,1,1
BRF:2
BRH:2
end_of_record
TN:
SF:test/features/support/file/open-comma-separated-file_steps.js
FN:9,(anonymous_0)
FN:28,(anonymous_1)
FN:33,(anonymous_2)
FNF:3
FNH:3
FNDA:1,(anonymous_0)
FNDA:1,(anonymous_1)
FNDA:1,(anonymous_2)
DA:9,1
DA:10,1
DA:12,1
DA:15,1
DA:16,1
DA:18,0
DA:20,1
DA:21,1
DA:22,1
DA:23,1
DA:24,1
DA:25,1
DA:28,1
DA:29,1
DA:30,1
DA:33,1
DA:34,1
DA:35,1
DA:36,1
DA:37,1
LF:20
LH:19
BRDA:12,0,0,1
BRDA:12,0,1,0
BRF:2
BRH:1
end_of_record
TN:
SF:test/features/support/file/save_file.js
FN:5,(anonymous_0)
FN:10,(anonymous_1)
FNF:2
FNH:2
FNDA:2,(anonymous_0)
FNDA:2,(anonymous_1)
DA:5,1
DA:6,2
DA:7,2
DA:10,1
DA:11,2
DA:12,2
DA:13,2
LF:7
LH:7
BRF:0
BRH:0
end_of_record
TN:
SF:test/features/support/find/find_steps.js
FN:18,(anonymous_0)
FN:23,(anonymous_1)
FN:27,(anonymous_2)
FN:34,(anonymous_3)
FN:52,(anonymous_4)
FN:64,(anonymous_5)
FN:75,(anonymous_6)
FN:86,(anonymous_7)
FN:91,(anonymous_8)
FNF:9
FNH:8
FNDA:4,(anonymous_0)
FNDA:2,(anonymous_1)
FNDA:8,(anonymous_2)
FNDA:56,(anonymous_3)
FNDA:16,(anonymous_4)
FNDA:1,(anonymous_5)
FNDA:0,(anonymous_6)
FNDA:24,(anonymous_7)
FNDA:24,(anonymous_8)
DA:16,1
DA:18,1
DA:19,4
DA:20,4
DA:23,1
DA:24,2
DA:27,1
DA:28,8
DA:29,8
DA:30,0
DA:32,8
DA:33,8
DA:34,8
DA:35,56
DA:36,56
DA:38,8
DA:39,8
DA:46,8
DA:47,8
DA:48,8
DA:49,8
DA:52,1
DA:53,16
DA:54,16
DA:55,16
DA:56,16
DA:58,16
DA:59,16
DA:60,16
DA:61,16
DA:64,1
DA:65,1
DA:66,1
DA:67,1
DA:68,1
DA:69,1
DA:70,1
DA:71,1
DA:72,1
DA:75,1
DA:76,0
DA:77,0
DA:78,0
DA:79,0
DA:80,0
DA:81,0
DA:82,0
DA:83,0
DA:86,1
DA:87,24
DA:88,24
DA:91,1
DA:92,24
DA:93,24
LF:54
LH:45
BRDA:29,0,0,0
BRDA:29,0,1,8
BRF:2
BRH:1
end_of_record
TN:
SF:test/features/support/help/help_steps.js
FN:5,(anonymous_0)
FNF:1
FNH:0
FNDA:0,(anonymous_0)
DA:5,1
DA:6,0
DA:7,0
DA:8,0
DA:9,0
DA:11,0
LF:6
LH:1
BRF:0
BRH:0
end_of_record
TN:
SF:test/features/support/other/navigation-panels_steps.js
FN:4,(anonymous_0)
FNF:1
FNH:1
FNDA:2,(anonymous_0)
DA:4,1
DA:5,2
LF:2
LH:2
BRF:0
BRH:0
end_of_record
TN:
SF:test/features/support/other/navigation_steps.js
FN:7,(anonymous_0)
FN:16,(anonymous_1)
FNF:2
FNH:1
FNDA:2,(anonymous_0)
FNDA:0,(anonymous_1)
DA:5,1
DA:7,1
DA:8,2
DA:9,2
DA:10,2
DA:11,2
DA:12,2
DA:16,1
DA:17,0
LF:9
LH:8
BRDA:10,0,0,2
BRDA:10,0,1,0
BRF:2
BRH:1
end_of_record
TN:
SF:test/features/support/page-objects/dimensions.js
FN:4,tableRowAndColCount
FN:10,getNumberOfColumns
FN:15,getNumberOfRows
FN:20,getIndexOfCurrentColumnInCurrentRow
FN:26,getIndexOfCurrentRowInRows
FN:32,getColumnsAsClassInCurrentRow
FN:38,getRowsAsClass
FN:44,collectClass
FN:55,getColumnElementsInCurrentRow
FN:60,getCurrentRowHeader
FN:67,getAllRowHeaders
FNF:11
FNH:5
FNDA:1,tableRowAndColCount
FNDA:50,getNumberOfColumns
FNDA:50,getNumberOfRows
FNDA:0,getIndexOfCurrentColumnInCurrentRow
FNDA:0,getIndexOfCurrentRowInRows
FNDA:0,getColumnsAsClassInCurrentRow
FNDA:0,getRowsAsClass
FNDA:0,collectClass
FNDA:50,getColumnElementsInCurrentRow
FNDA:0,getCurrentRowHeader
FNDA:50,getAllRowHeaders
DA:5,1
DA:6,1
DA:7,1
DA:11,50
DA:12,50
DA:16,50
DA:17,50
DA:21,0
DA:22,0
DA:23,0
DA:27,0
DA:28,0
DA:29,0
DA:33,0
DA:34,0
DA:35,0
DA:39,0
DA:40,0
DA:41,0
DA:45,0
DA:46,0
DA:47,0
DA:48,0
DA:50,0
DA:56,50
DA:57,50
DA:61,0
DA:64,0
DA:68,50
DA:69,50
LF:30
LH:11
BRDA:48,0,0,0
BRDA:48,0,1,0
BRF:2
BRH:0
end_of_record
TN:
SF:test/features/support/page-objects/find.js
FN:6,getRowIndicesOfCaseInsensitiveSearchText
FN:18,getRowIndicesOfCaseSensitiveSearchText
FN:29,getRowIndicesOfFoundBackgroundColors
FNF:3
FNH:3
FNDA:16,getRowIndicesOfCaseInsensitiveSearchText
FNDA:9,getRowIndicesOfCaseSensitiveSearchText
FNDA:25,getRowIndicesOfFoundBackgroundColors
DA:7,16
DA:8,16
DA:9,112
DA:10,47
DA:13,16
DA:14,16
DA:15,16
DA:19,9
DA:20,9
DA:21,63
DA:22,23
DA:25,9
DA:26,9
DA:30,25
DA:31,25
DA:32,175
DA:33,71
DA:36,25
DA:37,25
LF:19
LH:19
BRDA:9,0,0,47
BRDA:9,0,1,65
BRDA:21,1,0,23
BRDA:21,1,1,40
BRDA:32,2,0,71
BRDA:32,2,1,104
BRF:6
BRH:6
end_of_record
TN:
SF:test/features/support/page-objects/helpers.js
FN:4,mapArrayToInteger
FN:5,(anonymous_1)
FN:12,sendOpenUrlCall
FN:16,collectText
FN:20,collectWithFn
FN:29,waitForDisplayedDefault
FNF:6
FNH:3
FNDA:0,mapArrayToInteger
FNDA:0,(anonymous_1)
FNDA:0,sendOpenUrlCall
FNDA:10,collectText
FNDA:93,collectWithFn
FNDA:56,waitForDisplayedDefault
DA:5,0
DA:6,0
DA:7,0
DA:13,0
DA:17,10
DA:21,93
DA:22,93
DA:23,463
DA:24,463
DA:26,93
DA:30,56
LF:11
LH:7
BRDA:6,0,0,0
BRDA:6,0,1,0
BRDA:23,1,0,274
BRDA:23,1,1,189
BRF:4
BRH:2
end_of_record
TN:
SF:test/features/support/page-objects/io.js
FN:6,getFilePathFromFixtures
FN:11,getFileData
FN:18,isDataEqualToDefaultData
FN:26,saveAndReturnData
FN:34,arrayOfLinesToString
FN:35,(anonymous_5)
FN:40,enterInputInFieldName
FN:47,clickInputFieldName
FN:52,applyFnToIdOrClassSelector
FNF:9
FNH:7
FNDA:1,getFilePathFromFixtures
FNDA:1,getFileData
FNDA:0,isDataEqualToDefaultData
FNDA:2,saveAndReturnData
FNDA:2,arrayOfLinesToString
FNDA:3,(anonymous_5)
FNDA:26,enterInputInFieldName
FNDA:0,clickInputFieldName
FNDA:26,applyFnToIdOrClassSelector
DA:7,1
DA:8,1
DA:12,1
DA:13,1
DA:16,1
DA:20,0
DA:21,0
DA:23,0
DA:27,2
DA:28,2
DA:29,2
DA:30,2
DA:31,2
DA:35,2
DA:36,3
DA:41,26
DA:42,26
DA:43,26
DA:44,26
DA:48,0
DA:49,0
DA:53,26
DA:54,26
DA:55,0
DA:57,26
DA:58,26
DA:59,26
LF:27
LH:21
BRDA:23,0,0,0
BRDA:23,0,1,0
BRF:2
BRH:0
end_of_record
TN:
SF:test/features/support/page-objects/menu.js
FN:4,invokeActions
FN:19,clickOnToolbarMenuButton
FN:25,findToolBarMenuButtonElementObjectContainingName
FN:50,getElementIdFromToolbarMenuName
FN:51,(anonymous_4)
FN:55,clickOnMenuItemFromMenu
FNF:6
FNH:4
FNDA:72,invokeActions
FNDA:6,clickOnToolbarMenuButton
FNDA:6,findToolBarMenuButtonElementObjectContainingName
FNDA:0,getElementIdFromToolbarMenuName
FNDA:0,(anonymous_4)
FNDA:66,clickOnMenuItemFromMenu
DA:5,72
DA:7,6
DA:8,6
DA:10,66
DA:11,66
DA:12,66
DA:13,66
DA:15,0
DA:20,6
DA:21,6
DA:22,6
DA:26,6
DA:27,6
DA:28,6
DA:29,6
DA:30,6
DA:31,6
DA:32,48
DA:33,48
DA:34,48
DA:35,48
DA:36,0
DA:38,48
DA:39,6
DA:43,6
DA:44,6
DA:45,0
DA:47,6
DA:51,0
DA:52,0
DA:56,66
DA:57,66
DA:58,66
LF:33
LH:28
BRDA:5,0,0,6
BRDA:5,0,1,66
BRDA:5,0,2,0
BRDA:35,1,0,0
BRDA:35,1,1,48
BRDA:38,2,0,6
BRDA:38,2,1,42
BRDA:43,3,0,0
BRDA:43,3,1,6
BRDA:43,4,0,6
BRDA:43,4,1,0
BRDA:44,5,0,0
BRDA:44,5,1,6
BRF:13
BRH:8
end_of_record
TN:
SF:test/features/support/page-objects/messages.js
FNF:0
FNH:0
DA:1,1
LF:1
LH:1
BRF:0
BRH:0
end_of_record
TN:
SF:test/features/support/page-objects/mockMainProcess.js
FN:4,applyMock
FN:11,mockShell
FNF:2
FNH:1
FNDA:47,applyMock
FNDA:0,mockShell
DA:3,1
DA:5,47
DA:6,47
DA:7,47
DA:8,47
DA:12,0
DA:13,0
DA:14,0
LF:8
LH:5
BRF:0
BRH:0
end_of_record
TN:
SF:test/features/support/page-objects/selectors.js
FN:4,waitForVisibleIdFromLabel
FN:19,returnInputIdSelector
FN:30,applyFnToIdOrClassSelectorFromLabel
FN:39,applyFnToSelectorWithLabel
FN:44,applyFnToOneOfDualSelectors
FN:57,replaceLabelWithKebabAndCamelCase
FN:63,kebabAndCamelCase
FN:69,getCurrentColumnCellsTextResults
FN:82,getBackgroundColorOfCellsInCurrentColumn
FN:87,getCurrentColumnSelector
FN:101,(anonymous_10)
FN:130,getPlaceholderValue
FN:137,displayActiveTable
FN:143,activeTabElement
FN:147,allTabElements
FN:151,activeTableElement
FNF:16
FNH:14
FNDA:2,waitForVisibleIdFromLabel
FNDA:25,returnInputIdSelector
FNDA:0,applyFnToIdOrClassSelectorFromLabel
FNDA:54,applyFnToSelectorWithLabel
FNDA:54,applyFnToOneOfDualSelectors
FNDA:54,replaceLabelWithKebabAndCamelCase
FNDA:0,kebabAndCamelCase
FNDA:25,getCurrentColumnCellsTextResults
FNDA:25,getBackgroundColorOfCellsInCurrentColumn
FNDA:25,getCurrentColumnSelector
FNDA:40,(anonymous_10)
FNDA:48,getPlaceholderValue
FNDA:54,displayActiveTable
FNDA:1,activeTabElement
FNDA:1,allTabElements
FNDA:110,activeTableElement
DA:5,2
DA:6,2
DA:7,2
DA:8,2
DA:9,2
DA:10,0
DA:12,2
DA:13,2
DA:14,2
DA:15,2
DA:20,25
DA:21,25
DA:22,25
DA:23,25
DA:25,0
DA:26,0
DA:31,0
DA:32,0
DA:34,0
DA:35,0
DA:40,54
DA:41,54
DA:45,54
DA:46,54
DA:47,54
DA:48,26
DA:50,28
DA:51,28
DA:52,28
DA:53,2
DA:58,54
DA:59,54
DA:60,54
DA:64,0
DA:65,0
DA:66,0
DA:70,25
DA:71,25
DA:72,25
DA:78,25
DA:79,25
DA:83,25
DA:84,25
DA:88,25
DA:89,25
DA:90,25
DA:91,30
DA:92,30
DA:93,30
DA:94,30
DA:95,30
DA:96,30
DA:97,30
DA:98,30
DA:101,40
DA:102,30
DA:104,25
DA:131,48
DA:132,48
DA:133,48
DA:134,48
DA:138,54
DA:139,54
DA:140,54
DA:144,1
DA:148,1
DA:152,110
DA:155,1
DA:156,1
DA:157,1
DA:158,1
DA:159,1
DA:160,1
DA:161,1
DA:162,1
DA:163,1
LF:76
LH:66
BRDA:96,0,0,30
BRDA:96,0,1,0
BRDA:102,1,0,25
BRDA:102,1,1,5
BRF:4
BRH:3
end_of_record
TN:
SF:test/features/support/page-objects/style.js
FNF:0
FNH:0
DA:2,1
DA:3,1
DA:4,1
LF:3
LH:3
BRF:0
BRH:0
end_of_record
TN:
SF:test/features/support/tools/guess-column-properties_steps.js
FN:3,(anonymous_0)
FNF:1
FNH:0
FNDA:0,(anonymous_0)
DA:3,1
DA:4,0
LF:2
LH:1
BRF:0
BRH:0
end_of_record
TN:
SF:test/features/support/tools/menu_steps.js
FN:7,(anonymous_0)
FN:11,(anonymous_1)
FN:21,(anonymous_2)
FN:25,(anonymous_3)
FN:29,(anonymous_4)
FN:33,(anonymous_5)
FN:37,(anonymous_6)
FN:45,(anonymous_7)
FN:52,(anonymous_8)
FN:57,(anonymous_9)
FN:63,(anonymous_10)
FN:68,(anonymous_11)
FNF:12
FNH:5
FNDA:25,(anonymous_0)
FNDA:0,(anonymous_1)
FNDA:0,(anonymous_2)
FNDA:0,(anonymous_3)
FNDA:0,(anonymous_4)
FNDA:0,(anonymous_5)
FNDA:0,(anonymous_6)
FNDA:47,(anonymous_7)
FNDA:0,(anonymous_8)
FNDA:1,(anonymous_9)
FNDA:1,(anonymous_10)
FNDA:1,(anonymous_11)
DA:7,1
DA:8,25
DA:11,1
DA:12,0
DA:21,1
DA:22,0
DA:25,1
DA:26,0
DA:29,1
DA:30,0
DA:33,1
DA:34,0
DA:37,1
DA:38,0
DA:45,1
DA:46,47
DA:47,47
DA:48,47
DA:49,47
DA:52,1
DA:53,0
DA:54,0
DA:57,1
DA:58,1
DA:59,1
DA:63,1
DA:64,1
DA:65,1
DA:68,1
DA:69,1
DA:73,1
LF:31
LH:23
BRF:0
BRH:0
end_of_record
TN:
SF:test/features/support/validation/messages.js
FN:8,(anonymous_0)
FN:12,(anonymous_1)
FN:17,(anonymous_2)
FN:21,(anonymous_3)
FN:26,(anonymous_4)
FN:29,(anonymous_5)
FN:35,(anonymous_6)
FN:40,(anonymous_7)
FN:49,(anonymous_8)
FN:72,(anonymous_9)
FN:96,(anonymous_10)
FN:99,(anonymous_11)
FN:104,(anonymous_12)
FN:108,(anonymous_13)
FNF:14
FNH:0
FNDA:0,(anonymous_0)
FNDA:0,(anonymous_1)
FNDA:0,(anonymous_2)
FNDA:0,(anonymous_3)
FNDA:0,(anonymous_4)
FNDA:0,(anonymous_5)
FNDA:0,(anonymous_6)
FNDA:0,(anonymous_7)
FNDA:0,(anonymous_8)
FNDA:0,(anonymous_9)
FNDA:0,(anonymous_10)
FNDA:0,(anonymous_11)
FNDA:0,(anonymous_12)
FNDA:0,(anonymous_13)
DA:8,1
DA:9,0
DA:10,0
DA:13,0
DA:17,1
DA:18,0
DA:19,0
DA:22,0
DA:26,1
DA:27,0
DA:28,0
DA:29,0
DA:30,0
DA:32,0
DA:33,0
DA:36,0
DA:40,1
DA:41,0
DA:42,0
DA:43,0
DA:44,0
DA:45,0
DA:46,0
DA:47,0
DA:50,0
DA:51,0
DA:53,0
DA:54,0
DA:55,0
DA:56,0
DA:57,0
DA:58,0
DA:59,0
DA:60,0
DA:61,0
DA:62,0
DA:64,0
DA:65,0
DA:66,0
DA:72,1
DA:73,0
DA:74,0
DA:75,0
DA:76,0
DA:79,0
DA:80,0
DA:81,0
DA:82,0
DA:85,0
DA:86,0
DA:89,0
DA:90,0
DA:91,0
DA:92,0
DA:96,1
DA:97,0
DA:100,0
DA:104,1
DA:105,0
DA:106,0
DA:110,0
DA:112,0
LF:62
LH:7
BRDA:60,0,0,0
BRDA:60,0,1,0
BRDA:64,1,0,0
BRDA:64,1,1,0
BRF:4
BRH:0
end_of_record
